#
# A fatal error has been detected by the Java Runtime Environment:
#
#  Internal Error (os_windows_x86.cpp:149), pid=7424, tid=2952
#  guarantee(result == EXCEPTION_CONTINUE_EXECUTION) failed: Unexpected result from topLevelExceptionFilter
#
# JRE version: 7.0_25-b17
# Java VM: Java HotSpot(TM) 64-Bit Server VM (23.25-b01 mixed mode windows-amd64 compressed oops)
# Failed to write core dump. Minidumps are not enabled by default on client versions of Windows
#
# If you would like to submit a bug report, please visit:
#   http://bugreport.sun.com/bugreport/crash.jsp
# The crash happened outside the Java Virtual Machine in native code.
# See problematic frame for where to report the bug.
#

---------------  T H R E A D  ---------------

Current thread (0x00000000547ed000):  JavaThread "AddressBar directory emptiness poller" [_thread_in_native, id=2952, stack(0x000000006bbd0000,0x000000006bc50000)]

Stack: [0x000000006bbd0000,0x000000006bc50000]
Java frames: (J=compiled Java code, j=interpreted, Vv=VM code)
j  com.mathworks.services.settings.SettingPath.nativeIsChildNode(J[Ljava/lang/String;Ljava/lang/String;)Z+0
j  com.mathworks.services.settings.SettingPath.isChildNode(Ljava/lang/String;)Z+9
j  com.mathworks.services.settings.Setting.getInternal(ZLcom/mathworks/services/settings/SettingLevel;)Ljava/lang/Object;+152
j  com.mathworks.services.settings.Setting.get()Ljava/lang/Object;+3
j  com.mathworks.mlwidgets.explorer.widgets.address.AddressBar$EmptyPoller$1.run()V+25
j  java.util.TimerThread.mainLoop()V+221
j  java.util.TimerThread.run()V+1
v  ~StubRoutines::call_stub

---------------  P R O C E S S  ---------------

Java Threads: ( => current thread )
  0x00000000547f1800 JavaThread "Timer-7" daemon [_thread_blocked, id=1752, stack(0x000000006bf80000,0x000000006c000000)]
=>0x00000000547ed000 JavaThread "AddressBar directory emptiness poller" [_thread_in_native, id=2952, stack(0x000000006bbd0000,0x000000006bc50000)]
  0x00000000547eb800 JavaThread "Timer-1" [_thread_blocked, id=3912, stack(0x000000006a370000,0x000000006a3f0000)]
  0x00000000547eb000 JavaThread "TimerQueue" daemon [_thread_blocked, id=8180, stack(0x000000006a450000,0x000000006a4d0000)]
  0x000000005466a000 JavaThread "FelixPackageAdmin" daemon [_thread_blocked, id=7248, stack(0x0000000055570000,0x00000000555f0000)]
  0x000000005472c000 JavaThread "FelixStartLevel" daemon [_thread_blocked, id=7852, stack(0x0000000055dd0000,0x0000000055e50000)]
  0x00000000545de800 JavaThread "FelixDispatchQueue" daemon [_thread_blocked, id=5068, stack(0x00000000559a0000,0x0000000055a20000)]
  0x0000000054712000 JavaThread "AWT-EventQueue-0" [_thread_blocked, id=2208, stack(0x00000000558b0000,0x0000000055930000)]
  0x000000005412a800 JavaThread "com.google.common.base.internal.Finalizer" daemon [_thread_blocked, id=6600, stack(0x00000000557d0000,0x0000000055850000)]
  0x000000005412a000 JavaThread "AWT-Windows" daemon [_thread_in_native, id=7632, stack(0x00000000451a0000,0x0000000045220000)]
  0x0000000054129000 JavaThread "AWT-Shutdown" [_thread_blocked, id=2984, stack(0x0000000055340000,0x00000000553c0000)]
  0x0000000054128800 JavaThread "Java2D Disposer" daemon [_thread_blocked, id=8036, stack(0x00000000553f0000,0x0000000055470000)]
  0x0000000053e61000 JavaThread "Timer-0" [_thread_blocked, id=2316, stack(0x00000000542e0000,0x0000000054360000)]
  0x0000000053dec000 JavaThread "EventMgr Dispatcher" daemon [_thread_in_native, id=7528, stack(0x0000000010ff0000,0x0000000014ff0000)]
  0x00000000535b1800 JavaThread "Service Thread" daemon [_thread_blocked, id=2232, stack(0x000000004f4a0000,0x000000004f520000)]
  0x00000000535af000 JavaThread "C2 CompilerThread1" daemon [_thread_blocked, id=5040, stack(0x0000000059f20000,0x000000005df20000)]
  0x000000005359b800 JavaThread "C2 CompilerThread0" daemon [_thread_blocked, id=7176, stack(0x0000000055ee0000,0x0000000059ee0000)]
  0x0000000053597000 JavaThread "Attach Listener" daemon [_thread_blocked, id=4680, stack(0x000000003d030000,0x000000003d0b0000)]
  0x000000004dee1800 JavaThread "Finalizer" daemon [_thread_blocked, id=6128, stack(0x00000000410c0000,0x0000000041140000)]
  0x000000004ded8800 JavaThread "Reference Handler" daemon [_thread_blocked, id=6344, stack(0x0000000038fa0000,0x0000000039020000)]
  0x000000000a7e0000 JavaThread "main" [_thread_in_native, id=7284, stack(0x0000000000100000,0x0000000004100000)]

Other Threads:
  0x000000004ded0800 VMThread [stack: 0x000000004f540000,0x0000000053540000] [id=7728]
  0x0000000053609000 WatcherThread [stack: 0x000000005df20000,0x0000000061f20000] [id=7240]

VM state:not at safepoint (normal execution)

VM Mutex/Monitor currently owned by a thread: None

Heap
 PSYoungGen      total 32640K, used 19434K [0x00000000fcf00000, 0x0000000100000000, 0x0000000100000000)
  eden space 25088K, 47% used [0x00000000fcf00000,0x00000000fdaa52e0,0x00000000fe780000)
  from space 7552K, 99% used [0x00000000fe780000,0x00000000feed55c0,0x00000000feee0000)
  to   space 12736K, 0% used [0x00000000ff390000,0x00000000ff390000,0x0000000100000000)
 ParOldGen       total 64256K, used 37555K [0x00000000f3c00000, 0x00000000f7ac0000, 0x00000000fcf00000)
  object space 64256K, 58% used [0x00000000f3c00000,0x00000000f60acc58,0x00000000f7ac0000)
 PSPermGen       total 78976K, used 48924K [0x00000000ebc00000, 0x00000000f0920000, 0x00000000f3c00000)
  object space 78976K, 61% used [0x00000000ebc00000,0x00000000eebc7310,0x00000000f0920000)

Card table byte_map: [0x000000000f9a0000,0x000000000fa50000] byte_map_base: 0x000000000f242000

Polling page: 0x0000000009220000

Code Cache  [0x0000000029cd0000, 0x0000000029f60000, 0x000000002ccd0000)
 total_blobs=1454 nmethods=835 adapters=569 free_code_cache=46644Kb largest_free_block=47664896

Compilation events (10 events):
Event: 23.573 Thread 0x00000000535af000  891             javax.swing.JTable::getColumnModel (5 bytes)
Event: 23.574 Thread 0x00000000535af000 nmethod 891 0x0000000029ed2a50 code [0x0000000029ed2b80, 0x0000000029ed2bd8]
Event: 23.580 Thread 0x000000005359b800  892             sun.awt.geom.Edge::getCurve (5 bytes)
Event: 23.580 Thread 0x000000005359b800 nmethod 892 0x0000000029ed2850 code [0x0000000029ed2980, 0x0000000029ed29d8]
Event: 25.759 Thread 0x00000000535af000  893             javax.swing.text.Utilities::getTabbedTextWidth (348 bytes)
Event: 25.764 Thread 0x00000000535af000 nmethod 893 0x0000000029ed3990 code [0x0000000029ed3b20, 0x0000000029ed3f20]
Event: 25.844 Thread 0x000000005359b800  894             javax.swing.text.GapVector::getArray (5 bytes)
Event: 25.844 Thread 0x000000005359b800 nmethod 894 0x0000000029ed3790 code [0x0000000029ed38c0, 0x0000000029ed3918]
Event: 25.854 Thread 0x00000000535af000  895             java.awt.Component::isPreferredSizeSet (5 bytes)
Event: 25.854 Thread 0x00000000535af000 nmethod 895 0x0000000029ed3590 code [0x0000000029ed36c0, 0x0000000029ed3718]

GC Heap History (10 events):
Event: 6.179 GC heap before
{Heap before GC invocations=34 (full 1):
 PSYoungGen      total 38976K, used 36997K [0x00000000fcf00000, 0x0000000100000000, 0x0000000100000000)
  eden space 29696K, 100% used [0x00000000fcf00000,0x00000000fec00000,0x00000000fec00000)
  from space 9280K, 78% used [0x00000000ff6f0000,0x00000000ffe11790,0x0000000100000000)
  to   space 10240K, 0% used [0x00000000fec00000,0x00000000fec00000,0x00000000ff600000)
 ParOldGen       total 64256K, used 37459K [0x00000000f3c00000, 0x00000000f7ac0000, 0x00000000fcf00000)
  object space 64256K, 58% used [0x00000000f3c00000,0x00000000f6094c40,0x00000000f7ac0000)
 PSPermGen       total 78976K, used 46770K [0x00000000ebc00000, 0x00000000f0920000, 0x00000000f3c00000)
  object space 78976K, 59% used [0x00000000ebc00000,0x00000000ee9ac8a0,0x00000000f0920000)
Event: 6.183 GC heap after
Heap after GC invocations=34 (full 1):
 PSYoungGen      total 37184K, used 7441K [0x00000000fcf00000, 0x0000000100000000, 0x0000000100000000)
  eden space 29696K, 0% used [0x00000000fcf00000,0x00000000fcf00000,0x00000000fec00000)
  from space 7488K, 99% used [0x00000000fec00000,0x00000000ff344540,0x00000000ff350000)
  to   space 11008K, 0% used [0x00000000ff540000,0x00000000ff540000,0x0000000100000000)
 ParOldGen       total 64256K, used 37459K [0x00000000f3c00000, 0x00000000f7ac0000, 0x00000000fcf00000)
  object space 64256K, 58% used [0x00000000f3c00000,0x00000000f6094c40,0x00000000f7ac0000)
 PSPermGen       total 78976K, used 46770K [0x00000000ebc00000, 0x00000000f0920000, 0x00000000f3c00000)
  object space 78976K, 59% used [0x00000000ebc00000,0x00000000ee9ac8a0,0x00000000f0920000)
}
Event: 6.268 GC heap before
{Heap before GC invocations=35 (full 1):
 PSYoungGen      total 37184K, used 37137K [0x00000000fcf00000, 0x0000000100000000, 0x0000000100000000)
  eden space 29696K, 100% used [0x00000000fcf00000,0x00000000fec00000,0x00000000fec00000)
  from space 7488K, 99% used [0x00000000fec00000,0x00000000ff344540,0x00000000ff350000)
  to   space 11008K, 0% used [0x00000000ff540000,0x00000000ff540000,0x0000000100000000)
 ParOldGen       total 64256K, used 37459K [0x00000000f3c00000, 0x00000000f7ac0000, 0x00000000fcf00000)
  object space 64256K, 58% used [0x00000000f3c00000,0x00000000f6094c40,0x00000000f7ac0000)
 PSPermGen       total 78976K, used 48291K [0x00000000ebc00000, 0x00000000f0920000, 0x00000000f3c00000)
  object space 78976K, 61% used [0x00000000ebc00000,0x00000000eeb28d40,0x00000000f0920000)
Event: 6.272 GC heap after
Heap after GC invocations=35 (full 1):
 PSYoungGen      total 37760K, used 7821K [0x00000000fcf00000, 0x0000000100000000, 0x0000000100000000)
  eden space 26752K, 0% used [0x00000000fcf00000,0x00000000fcf00000,0x00000000fe920000)
  from space 11008K, 71% used [0x00000000ff540000,0x00000000ffce34b0,0x0000000100000000)
  to   space 11712K, 0% used [0x00000000fe920000,0x00000000fe920000,0x00000000ff490000)
 ParOldGen       total 64256K, used 37459K [0x00000000f3c00000, 0x00000000f7ac0000, 0x00000000fcf00000)
  object space 64256K, 58% used [0x00000000f3c00000,0x00000000f6094c40,0x00000000f7ac0000)
 PSPermGen       total 78976K, used 48291K [0x00000000ebc00000, 0x00000000f0920000, 0x00000000f3c00000)
  object space 78976K, 61% used [0x00000000ebc00000,0x00000000eeb28d40,0x00000000f0920000)
}
Event: 19.768 GC heap before
{Heap before GC invocations=36 (full 1):
 PSYoungGen      total 37760K, used 34573K [0x00000000fcf00000, 0x0000000100000000, 0x0000000100000000)
  eden space 26752K, 100% used [0x00000000fcf00000,0x00000000fe920000,0x00000000fe920000)
  from space 11008K, 71% used [0x00000000ff540000,0x00000000ffce34b0,0x0000000100000000)
  to   space 11712K, 0% used [0x00000000fe920000,0x00000000fe920000,0x00000000ff490000)
 ParOldGen       total 64256K, used 37459K [0x00000000f3c00000, 0x00000000f7ac0000, 0x00000000fcf00000)
  object space 64256K, 58% used [0x00000000f3c00000,0x00000000f6094c40,0x00000000f7ac0000)
 PSPermGen       total 78976K, used 48825K [0x00000000ebc00000, 0x00000000f0920000, 0x00000000f3c00000)
  object space 78976K, 61% used [0x00000000ebc00000,0x00000000eebae590,0x00000000f0920000)
Event: 19.773 GC heap after
Heap after GC invocations=36 (full 1):
 PSYoungGen      total 34624K, used 7843K [0x00000000fcf00000, 0x0000000100000000, 0x0000000100000000)
  eden space 26752K, 0% used [0x00000000fcf00000,0x00000000fcf00000,0x00000000fe920000)
  from space 7872K, 99% used [0x00000000fe920000,0x00000000ff0c8f08,0x00000000ff0d0000)
  to   space 12288K, 0% used [0x00000000ff400000,0x00000000ff400000,0x0000000100000000)
 ParOldGen       total 64256K, used 37547K [0x00000000f3c00000, 0x00000000f7ac0000, 0x00000000fcf00000)
  object space 64256K, 58% used [0x00000000f3c00000,0x00000000f60aac40,0x00000000f7ac0000)
 PSPermGen       total 78976K, used 48825K [0x00000000ebc00000, 0x00000000f0920000, 0x00000000f3c00000)
  object space 78976K, 61% used [0x00000000ebc00000,0x00000000eebae590,0x00000000f0920000)
}
Event: 21.135 GC heap before
{Heap before GC invocations=37 (full 1):
 PSYoungGen      total 34624K, used 34595K [0x00000000fcf00000, 0x0000000100000000, 0x0000000100000000)
  eden space 26752K, 100% used [0x00000000fcf00000,0x00000000fe920000,0x00000000fe920000)
  from space 7872K, 99% used [0x00000000fe920000,0x00000000ff0c8f08,0x00000000ff0d0000)
  to   space 12288K, 0% used [0x00000000ff400000,0x00000000ff400000,0x0000000100000000)
 ParOldGen       total 64256K, used 37547K [0x00000000f3c00000, 0x00000000f7ac0000, 0x00000000fcf00000)
  object space 64256K, 58% used [0x00000000f3c00000,0x00000000f60aac40,0x00000000f7ac0000)
 PSPermGen       total 78976K, used 48861K [0x00000000ebc00000, 0x00000000f0920000, 0x00000000f3c00000)
  object space 78976K, 61% used [0x00000000ebc00000,0x00000000eebb7458,0x00000000f0920000)
Event: 21.139 GC heap after
Heap after GC invocations=37 (full 1):
 PSYoungGen      total 37376K, used 7563K [0x00000000fcf00000, 0x0000000100000000, 0x0000000100000000)
  eden space 25088K, 0% used [0x00000000fcf00000,0x00000000fcf00000,0x00000000fe780000)
  from space 12288K, 61% used [0x00000000ff400000,0x00000000ffb62c40,0x0000000100000000)
  to   space 12544K, 0% used [0x00000000fe780000,0x00000000fe780000,0x00000000ff3c0000)
 ParOldGen       total 64256K, used 37555K [0x00000000f3c00000, 0x00000000f7ac0000, 0x00000000fcf00000)
  object space 64256K, 58% used [0x00000000f3c00000,0x00000000f60acc40,0x00000000f7ac0000)
 PSPermGen       total 78976K, used 48861K [0x00000000ebc00000, 0x00000000f0920000, 0x00000000f3c00000)
  object space 78976K, 61% used [0x00000000ebc00000,0x00000000eebb7458,0x00000000f0920000)
}
Event: 23.510 GC heap before
{Heap before GC invocations=38 (full 1):
 PSYoungGen      total 37376K, used 32651K [0x00000000fcf00000, 0x0000000100000000, 0x0000000100000000)
  eden space 25088K, 100% used [0x00000000fcf00000,0x00000000fe780000,0x00000000fe780000)
  from space 12288K, 61% used [0x00000000ff400000,0x00000000ffb62c40,0x0000000100000000)
  to   space 12544K, 0% used [0x00000000fe780000,0x00000000fe780000,0x00000000ff3c0000)
 ParOldGen       total 64256K, used 37555K [0x00000000f3c00000, 0x00000000f7ac0000, 0x00000000fcf00000)
  object space 64256K, 58% used [0x00000000f3c00000,0x00000000f60acc58,0x00000000f7ac0000)
 PSPermGen       total 78976K, used 48899K [0x00000000ebc00000, 0x00000000f0920000, 0x00000000f3c00000)
  object space 78976K, 61% used [0x00000000ebc00000,0x00000000eebc0f28,0x00000000f0920000)
Event: 23.514 GC heap after
Heap after GC invocations=38 (full 1):
 PSYoungGen      total 32640K, used 7509K [0x00000000fcf00000, 0x0000000100000000, 0x0000000100000000)
  eden space 25088K, 0% used [0x00000000fcf00000,0x00000000fcf00000,0x00000000fe780000)
  from space 7552K, 99% used [0x00000000fe780000,0x00000000feed55c0,0x00000000feee0000)
  to   space 12736K, 0% used [0x00000000ff390000,0x00000000ff390000,0x0000000100000000)
 ParOldGen       total 64256K, used 37555K [0x00000000f3c00000, 0x00000000f7ac0000, 0x00000000fcf00000)
  object space 64256K, 58% used [0x00000000f3c00000,0x00000000f60acc58,0x00000000f7ac0000)
 PSPermGen       total 78976K, used 48899K [0x00000000ebc00000, 0x00000000f0920000, 0x00000000f3c00000)
  object space 78976K, 61% used [0x00000000ebc00000,0x00000000eebc0f28,0x00000000f0920000)
}

Deoptimization events (10 events):
Event: 19.707 Thread 0x0000000054712000 Uncommon trap -58 fr.pc 0x0000000029f0a5dc
Event: 19.733 Thread 0x0000000054712000 Uncommon trap -58 fr.pc 0x0000000029f0a5dc
Event: 21.209 Thread 0x000000000a7e0000 Uncommon trap -34 fr.pc 0x0000000029d81ec4
Event: 21.209 Thread 0x000000000a7e0000 Uncommon trap -34 fr.pc 0x0000000029e1e6f4
Event: 22.489 Thread 0x0000000054712000 Uncommon trap -34 fr.pc 0x0000000029e8b9b4
Event: 22.489 Thread 0x0000000054712000 Uncommon trap -34 fr.pc 0x0000000029e8b9b4
Event: 22.489 Thread 0x0000000054712000 Uncommon trap -34 fr.pc 0x0000000029e8b9b4
Event: 22.489 Thread 0x0000000054712000 Uncommon trap -34 fr.pc 0x0000000029e8b9b4
Event: 23.349 Thread 0x00000000547ef800 Uncommon trap -58 fr.pc 0x0000000029edd438
Event: 23.349 Thread 0x00000000547ef800 Uncommon trap -58 fr.pc 0x0000000029edd438

Internal exceptions (10 events):
Event: 25.798 Thread 0x000000000a7e0000 Threw 0x00000000fd904ef8 at C:\jdk7u2_64p\jdk7u25\hotspot\src\share\vm\prims\jvm.cpp:1235
Event: 25.798 Thread 0x000000000a7e0000 Threw 0x00000000fd91f878 at C:\jdk7u2_64p\jdk7u25\hotspot\src\share\vm\prims\jvm.cpp:1235
Event: 25.798 Thread 0x000000000a7e0000 Threw 0x00000000fd91ff78 at C:\jdk7u2_64p\jdk7u25\hotspot\src\share\vm\prims\jvm.cpp:1235
Event: 25.798 Thread 0x000000000a7e0000 Threw 0x00000000fd93a8b8 at C:\jdk7u2_64p\jdk7u25\hotspot\src\share\vm\prims\jvm.cpp:1235
Event: 25.844 Thread 0x000000000a7e0000 Threw 0x00000000fd93afc0 at C:\jdk7u2_64p\jdk7u25\hotspot\src\share\vm\prims\jvm.cpp:1235
Event: 25.844 Thread 0x000000000a7e0000 Threw 0x00000000fd96eb00 at C:\jdk7u2_64p\jdk7u25\hotspot\src\share\vm\prims\jvm.cpp:1235
Event: 25.844 Thread 0x000000000a7e0000 Threw 0x00000000fd96ee30 at C:\jdk7u2_64p\jdk7u25\hotspot\src\share\vm\prims\jvm.cpp:1235
Event: 25.844 Thread 0x000000000a7e0000 Threw 0x00000000fd97eef0 at C:\jdk7u2_64p\jdk7u25\hotspot\src\share\vm\prims\jvm.cpp:1235
Event: 25.844 Thread 0x000000000a7e0000 Threw 0x00000000fd97f348 at C:\jdk7u2_64p\jdk7u25\hotspot\src\share\vm\prims\jvm.cpp:1235
Event: 25.844 Thread 0x000000000a7e0000 Threw 0x00000000fd98f460 at C:\jdk7u2_64p\jdk7u25\hotspot\src\share\vm\prims\jvm.cpp:1235

Events (10 events):
Event: 25.844 loading class 0x000000007cfb25a0
Event: 25.844 loading class 0x000000007cfb25a0 done
Event: 25.844 loading class 0x000000007cfb25a0
Event: 25.844 loading class 0x000000007cfb25a0 done
Event: 25.844 loading class 0x000000007cfb25a0
Event: 25.844 loading class 0x000000007cfb25a0 done
Event: 52.402 Thread 0x00000000547ef800 Thread exited: 0x00000000547ef800
Event: 52.403 Executing VM operation: RevokeBias
Event: 52.406 Executing VM operation: RevokeBias done
Event: 52.406 Thread 0x00000000547ee000 Thread exited: 0x00000000547ee000


Dynamic libraries:
0x000000013f8f0000 - 0x000000013f922000 	C:\Program Files\MATLAB\R2012a\bin\win64\MATLAB.exe
0x0000000076fb0000 - 0x0000000077159000 	C:\Windows\SYSTEM32\ntdll.dll
0x0000000076e90000 - 0x0000000076faf000 	C:\Windows\system32\kernel32.dll
0x000007fefc440000 - 0x000007fefc4ab000 	C:\Windows\system32\KERNELBASE.dll
0x0000000074460000 - 0x0000000074554000 	C:\Program Files\MATLAB\R2012a\bin\win64\libut.dll
0x00000000758a0000 - 0x0000000075952000 	C:\Program Files\MATLAB\R2012a\bin\win64\libmwi18n.dll
0x0000000180000000 - 0x000000018000b000 	C:\Program Files\MATLAB\R2012a\bin\win64\libmwresource_core.dll
0x00000000736d0000 - 0x00000000737a3000 	C:\Windows\WinSxS\amd64_microsoft.vc90.crt_1fc8b3b9a1e18e3b_9.0.30729.4940_none_08e4299fa83d7e3c\MSVCP90.dll
0x00000000735e0000 - 0x000000007367d000 	C:\Windows\WinSxS\amd64_microsoft.vc90.crt_1fc8b3b9a1e18e3b_9.0.30729.4940_none_08e4299fa83d7e3c\MSVCR90.dll
0x000000007a170000 - 0x000000007a19c000 	C:\Program Files\MATLAB\R2012a\bin\win64\boost_filesystem-vc90-mt-1_44.dll
0x000000007a560000 - 0x000000007a569000 	C:\Program Files\MATLAB\R2012a\bin\win64\boost_system-vc90-mt-1_44.dll
0x000007fefd8e0000 - 0x000007fefd9bb000 	C:\Windows\system32\ADVAPI32.dll
0x000007fefe280000 - 0x000007fefe31f000 	C:\Windows\system32\msvcrt.dll
0x000007fefd8c0000 - 0x000007fefd8df000 	C:\Windows\SYSTEM32\sechost.dll
0x000007fefdd40000 - 0x000007fefde6d000 	C:\Windows\system32\RPCRT4.dll
0x000000007a010000 - 0x000000007a035000 	C:\Program Files\MATLAB\R2012a\bin\win64\LIBEXPAT.dll
0x0000000004350000 - 0x0000000004541000 	C:\Program Files\MATLAB\R2012a\bin\win64\icuin44.dll
0x0000000073f10000 - 0x0000000074081000 	C:\Program Files\MATLAB\R2012a\bin\win64\icuuc44.dll
0x0000000010000000 - 0x0000000010e41000 	C:\Program Files\MATLAB\R2012a\bin\win64\icudt44.dll
0x0000000004550000 - 0x000000000468d000 	C:\Program Files\MATLAB\R2012a\bin\win64\libmwfl.dll
0x0000000004690000 - 0x0000000004986000 	C:\Program Files\MATLAB\R2012a\bin\win64\libmwMATLAB_res.dll
0x000000007a3b0000 - 0x000000007a3c0000 	C:\Program Files\MATLAB\R2012a\bin\win64\boost_date_time-vc90-mt-1_44.dll
0x000000007a250000 - 0x000000007a263000 	C:\Program Files\MATLAB\R2012a\bin\win64\boost_signals-vc90-mt-1_44.dll
0x000000007a2d0000 - 0x000000007a2e2000 	C:\Program Files\MATLAB\R2012a\bin\win64\boost_thread-vc90-mt-1_44.dll
0x00000000041a0000 - 0x00000000041e6000 	C:\Program Files\MATLAB\R2012a\bin\win64\tbb.dll
0x000007fefde70000 - 0x000007fefde89000 	C:\Windows\system32\imagehlp.dll
0x0000000077170000 - 0x0000000077177000 	C:\Windows\system32\PSAPI.DLL
0x0000000079940000 - 0x0000000079953000 	C:\Program Files\MATLAB\R2012a\bin\win64\icuio44.dll
0x000007fef98a0000 - 0x000007fef99c5000 	C:\Windows\system32\dbghelp.dll
0x0000000076d90000 - 0x0000000076e8a000 	C:\Windows\system32\USER32.dll
0x000007fefda40000 - 0x000007fefdaa7000 	C:\Windows\system32\GDI32.dll
0x000007fefe0c0000 - 0x000007fefe0ce000 	C:\Windows\system32\LPK.dll
0x000007fefc810000 - 0x000007fefc8d9000 	C:\Windows\system32\USP10.dll
0x000000007bed0000 - 0x000000007c183000 	C:\Program Files\MATLAB\R2012a\bin\win64\libmwservices.dll
0x0000000075a20000 - 0x0000000075ae2000 	C:\Program Files\MATLAB\R2012a\bin\win64\libmx.dll
0x000000007a210000 - 0x000000007a228000 	C:\Program Files\MATLAB\R2012a\bin\win64\zlib1.dll
0x0000000004990000 - 0x00000000049b1000 	C:\Program Files\MATLAB\R2012a\bin\win64\libmwmfl_scalar.dll
0x0000000075f10000 - 0x0000000075f5d000 	C:\Program Files\MATLAB\R2012a\bin\win64\mpath.dll
0x000000007b680000 - 0x000000007bbe1000 	C:\Program Files\MATLAB\R2012a\bin\win64\mlutil.dll
0x0000000074ea0000 - 0x0000000074f1f000 	C:\Program Files\MATLAB\R2012a\bin\win64\xmlcore.dll
0x000000007bc30000 - 0x000000007be83000 	C:\Program Files\MATLAB\R2012a\bin\win64\xerces-c_2_7.dll
0x000007fefe230000 - 0x000007fefe27d000 	C:\Windows\system32\WS2_32.dll
0x000007fefe320000 - 0x000007fefe328000 	C:\Windows\system32\NSI.dll
0x0000000004a00000 - 0x0000000004a1a000 	C:\Program Files\MATLAB\R2012a\bin\win64\libmwMATLAB_settings_res.dll
0x0000000004a30000 - 0x0000000004a77000 	C:\Program Files\MATLAB\R2012a\bin\win64\boost_serialization-vc90-mt-1_44.dll
0x000007fefc8e0000 - 0x000007fefd668000 	C:\Windows\system32\SHELL32.dll
0x000007fefd9c0000 - 0x000007fefda31000 	C:\Windows\system32\SHLWAPI.dll
0x000007fef48a0000 - 0x000007fef4940000 	C:\Windows\WinSxS\amd64_microsoft.windows.common-controls_6595b64144ccf1df_5.82.7601.17514_none_a4d6a923711520a9\COMCTL32.dll
0x000007fefd820000 - 0x000007fefd8b7000 	C:\Windows\system32\COMDLG32.dll
0x000007fef9fe0000 - 0x000007fef9ff6000 	C:\Windows\system32\NETAPI32.dll
0x000007fef9fd0000 - 0x000007fef9fdc000 	C:\Windows\system32\netutils.dll
0x000007fefbc30000 - 0x000007fefbc53000 	C:\Windows\system32\srvcli.dll
0x000007fef9fb0000 - 0x000007fef9fc5000 	C:\Windows\system32\wkscli.dll
0x000007fefdab0000 - 0x000007fefdcb3000 	C:\Windows\system32\ole32.dll
0x000007fefe510000 - 0x000007fefe5e7000 	C:\Windows\system32\OLEAUT32.dll
0x0000000074970000 - 0x0000000074b06000 	C:\Program Files\MATLAB\R2012a\bin\win64\mcr.dll
0x0000000075000000 - 0x000000007536b000 	C:\Program Files\MATLAB\R2012a\bin\win64\iqm.dll
0x0000000004ab0000 - 0x00000000052d1000 	C:\Program Files\MATLAB\R2012a\bin\win64\m_interpreter.dll
0x0000000079e50000 - 0x0000000079e75000 	C:\Program Files\MATLAB\R2012a\bin\win64\libmex.dll
0x0000000005300000 - 0x00000000053b3000 	C:\Program Files\MATLAB\R2012a\bin\win64\m_dispatcher.dll
0x0000000074880000 - 0x000000007496d000 	C:\Program Files\MATLAB\R2012a\bin\win64\boost_regex-vc90-mt-1_44.dll
0x0000000074bb0000 - 0x0000000074c34000 	C:\Program Files\MATLAB\R2012a\bin\win64\profiler.dll
0x00000000053f0000 - 0x0000000005645000 	C:\Program Files\MATLAB\R2012a\bin\win64\libmwmathutil.dll
0x0000000079f40000 - 0x0000000079f6d000 	C:\Program Files\MATLAB\R2012a\bin\win64\libmwmathrng.dll
0x0000000005670000 - 0x000000000574d000 	C:\Program Files\MATLAB\R2012a\bin\win64\libmwmathcore.dll
0x0000000076160000 - 0x00000000761cb000 	C:\Program Files\MATLAB\R2012a\bin\win64\libmwspmatrix.dll
0x0000000075ea0000 - 0x0000000075f02000 	C:\Program Files\MATLAB\R2012a\bin\win64\libmwcholmod.dll
0x000000007a460000 - 0x000000007a46d000 	C:\Program Files\MATLAB\R2012a\bin\win64\libmwamd.dll
0x000000007a4b0000 - 0x000000007a4bc000 	C:\Program Files\MATLAB\R2012a\bin\win64\libmwcolamd.dll
0x0000000079830000 - 0x0000000079849000 	C:\Program Files\MATLAB\R2012a\bin\win64\libmwblas.dll
0x0000000079d20000 - 0x0000000079d32000 	C:\Program Files\MATLAB\R2012a\bin\win64\libmwbinder.dll
0x00000000057c0000 - 0x00000000057cb000 	C:\Program Files\MATLAB\R2012a\bin\win64\libmwompwrapper.dll
0x00000000754a0000 - 0x0000000075526000 	C:\Program Files\MATLAB\R2012a\bin\win64\libmwlapack.dll
0x0000000079b10000 - 0x0000000079b31000 	C:\Program Files\MATLAB\R2012a\bin\win64\m_pcodeio.dll
0x0000000005800000 - 0x0000000005867000 	C:\Program Files\MATLAB\R2012a\bin\win64\m_ir.dll
0x0000000078d40000 - 0x0000000079390000 	C:\Program Files\MATLAB\R2012a\bin\win64\m_parser.dll
0x0000000079660000 - 0x000000007967a000 	C:\Program Files\MATLAB\R2012a\bin\win64\ir_xfmr.dll
0x000000007a810000 - 0x000000007aa89000 	C:\Program Files\MATLAB\R2012a\bin\win64\mcos.dll
0x0000000079690000 - 0x000000007969c000 	C:\Program Files\MATLAB\R2012a\bin\win64\mtok.dll
0x0000000079f70000 - 0x0000000079fa1000 	C:\Program Files\MATLAB\R2012a\bin\win64\m_pcodegen.dll
0x0000000079fb0000 - 0x0000000079fe7000 	C:\Program Files\MATLAB\R2012a\bin\win64\libmwbridge.dll
0x0000000074370000 - 0x0000000074438000 	C:\Program Files\MATLAB\R2012a\bin\win64\udd.dll
0x0000000072d00000 - 0x0000000072e52000 	C:\Program Files\MATLAB\R2012a\bin\win64\libmwgui.dll
0x0000000079dc0000 - 0x0000000079dd7000 	C:\Program Files\MATLAB\R2012a\bin\win64\graphics_util.dll
0x0000000005910000 - 0x00000000062b3000 	C:\Program Files\MATLAB\R2012a\bin\win64\hg.dll
0x00000000062d0000 - 0x0000000006337000 	C:\Program Files\MATLAB\R2012a\bin\win64\libmat.dll
0x0000000006350000 - 0x0000000006564000 	C:\Program Files\MATLAB\R2012a\bin\win64\hdf5dll.dll
0x0000000075710000 - 0x00000000757c1000 	C:\Program Files\MATLAB\R2012a\bin\win64\jmi.dll
0x0000000006590000 - 0x000000000659e000 	C:\Program Files\MATLAB\R2012a\bin\win64\nativejava_services.dll
0x00000000065b0000 - 0x00000000065f2000 	C:\Program Files\MATLAB\R2012a\bin\win64\libmwhardcopy.dll
0x0000000006610000 - 0x000000000666a000 	C:\Program Files\MATLAB\R2012a\bin\win64\libuij.dll
0x0000000072f20000 - 0x000000007312c000 	C:\Program Files\MATLAB\R2012a\bin\win64\hgdatatypes.dll
0x00000000746e0000 - 0x00000000747dd000 	C:\Program Files\MATLAB\R2012a\bin\win64\hgutils.dll
0x00000000066a0000 - 0x000000000675d000 	C:\Program Files\MATLAB\R2012a\bin\win64\udd_mi.dll
0x0000000006770000 - 0x00000000067ab000 	C:\Program Files\MATLAB\R2012a\bin\win64\libmwgbtutils.dll
0x00000000067c0000 - 0x00000000067d9000 	C:\Program Files\MATLAB\R2012a\bin\win64\libmwgbt.dll
0x00000000067f0000 - 0x0000000006aba000 	C:\Program Files\MATLAB\R2012a\bin\win64\uiw.dll
0x0000000079710000 - 0x000000007971f000 	C:\Program Files\MATLAB\R2012a\bin\win64\uinone.dll
0x000007fef9040000 - 0x000007fef9058000 	C:\Windows\system32\MPR.dll
0x0000000078670000 - 0x0000000078b54000 	C:\Windows\WinSxS\amd64_microsoft.vc90.mfc_1fc8b3b9a1e18e3b_9.0.30729.4148_none_04480933ab2137b1\mfc90.dll
0x000007fef9ca0000 - 0x000007fef9ca7000 	C:\Windows\system32\MSIMG32.dll
0x000007fef4820000 - 0x000007fef4891000 	C:\Windows\system32\WINSPOOL.DRV
0x0000000006ae0000 - 0x0000000006b00000 	C:\Program Files\MATLAB\R2012a\bin\win64\mwoles05.DLL
0x0000000006b10000 - 0x0000000006b8c000 	C:\Program Files\MATLAB\R2012a\bin\win64\comcli.dll
0x0000000078c70000 - 0x0000000078c9f000 	C:\Windows\WinSxS\amd64_microsoft.vc90.atl_1fc8b3b9a1e18e3b_9.0.30729.4148_none_0a1d2fcba76b3f00\ATL90.DLL
0x0000000079c30000 - 0x0000000079c3c000 	C:\Program Files\MATLAB\R2012a\bin\win64\mlautoregister.dll
0x0000000006bb0000 - 0x0000000006bc0000 	C:\Program Files\MATLAB\R2012a\bin\win64\boost_iostreams-vc90-mt-1_44.dll
0x000007fefbf90000 - 0x000007fefbfe7000 	C:\Windows\system32\apphelp.dll
0x000007fef9790000 - 0x000007fef97e1000 	C:\Windows\AppPatch\AppPatch64\AcGenral.DLL
0x000007fefbf60000 - 0x000007fefbf85000 	C:\Windows\system32\SspiCli.dll
0x00000000726e0000 - 0x00000000726e3000 	C:\Windows\system32\sfc.dll
0x000007fef7d10000 - 0x000007fef7d20000 	C:\Windows\system32\sfc_os.DLL
0x000007fefb3b0000 - 0x000007fefb3ce000 	C:\Windows\system32\USERENV.dll
0x000007fefc0c0000 - 0x000007fefc0cf000 	C:\Windows\system32\profapi.dll
0x000007fefa2d0000 - 0x000007fefa2e8000 	C:\Windows\system32\dwmapi.dll
0x000007fefc780000 - 0x000007fefc7ae000 	C:\Windows\system32\IMM32.DLL
0x000007fefd670000 - 0x000007fefd779000 	C:\Windows\system32\MSCTF.dll
0x000007fefa7d0000 - 0x000007fefa826000 	C:\Windows\system32\UxTheme.dll
0x0000000006d80000 - 0x0000000006da9000 	C:\Program Files\MATLAB\R2012a\bin\win64\tbbmalloc.dll
0x000000006e300000 - 0x000000006ea0f000 	C:\Program\Java\jre7\bin\server\jvm.dll
0x000007fee8210000 - 0x000007fee8219000 	C:\Windows\system32\WSOCK32.dll
0x000007fef9b40000 - 0x000007fef9b7b000 	C:\Windows\system32\WINMM.dll
0x0000000071e00000 - 0x0000000071ed2000 	C:\Windows\system32\MSVCR100.dll
0x000007fef8d40000 - 0x000007fef8d67000 	C:\Windows\system32\iphlpapi.dll
0x000007fef8d20000 - 0x000007fef8d2b000 	C:\Windows\system32\WINNSI.DLL
0x000007fefb750000 - 0x000007fefb7ab000 	C:\Windows\system32\DNSAPI.dll
0x000007fef8bc0000 - 0x000007fef8bd1000 	C:\Windows\system32\dhcpcsvc6.DLL
0x000007fef8ba0000 - 0x000007fef8bb8000 	C:\Windows\system32\dhcpcsvc.DLL

VM Arguments:
jvm_args: -Xss512k -XX:PermSize=32m -Xms64m -XX:NewRatio=3 -XX:MaxPermSize=128m -Xmx196m -XX:MaxDirectMemorySize=2147400000 -Dsun.java2d.noddraw=true -Dsun.awt.nopixfmt=true -Xshare:off -Xrs -Dsun.awt.disableMixing=true -Djava.library.path=C:\Program Files\MATLAB\R2012a\bin\win64 vfprintf abort 
java_command: <unknown>
Launcher Type: generic

Environment Variables:
PATH=C:\Program Files (x86)\NVIDIA Corporation\PhysX\Common;C:\Program Files (x86)\AMD APP\bin\x86_64;C:\Program Files (x86)\AMD APP\bin\x86;C:\Users\wande\Documents\AMD APP\bin\x86_64;C:\Users\wande\Documents\AMD APP\bin\x86;C:\Program Files\NVIDIA GPU Computing Toolkit\CUDA\v5.0\bin\;C:\Program Files\NVIDIA GPU Computing Toolkit\CUDA\v5.0\libnvvp\;C:\Program Files\Common Files\Microsoft Shared\Windows Live;C:\Program Files (x86)\Common Files\Microsoft Shared\Windows Live;C:\Windows\system32;C:\Windows;C:\Windows\System32\Wbem;C:\Windows\System32\WindowsPowerShell\v1.0\;C:\Program Files\Intel\DMIX;C:\Program Files (x86)\Windows Live\Shared;C:\Program Files (x86)\Microsoft SQL Server\100\Tools\Binn\;C:\Program Files\Microsoft SQL Server\100\Tools\Binn\;C:\Program Files\Microsoft SQL Server\100\DTS\Binn\;C:\Program Files (x86)\Windows Kits\8.0\Windows Performance Toolkit\;C:\Program Files\Microsoft SQL Server\110\Tools\Binn\;C:\Program Files (x86)\MiKTeX 2.9\miktex\bin\;C:\Program Files\MATLAB\R2012a\runtime\win64;C:\Program Files\MATLAB\R2012a\bin;C:\Program Files (x86)\Intel\OpenCL SDK\3.0\bin\x86;C:\Program Files (x86)\Intel\OpenCL SDK\3.0\bin\x64;C:\Program Files (x86)\ATI Technologies\ATI.ACE\Core-Static
USERNAME=wande
OS=Windows_NT
PROCESSOR_IDENTIFIER=Intel64 Family 6 Model 42 Stepping 7, GenuineIntel



---------------  S Y S T E M  ---------------

OS: Windows 7 , 64 bit Build 7601 Service Pack 1

CPU:total 8 (4 cores per cpu, 2 threads per core) family 6 model 42 stepping 7, cmov, cx8, fxsr, mmx, sse, sse2, sse3, ssse3, sse4.1, sse4.2, popcnt, avx, ht, tsc, tscinvbit

Memory: 4k page, physical 16753632k(11571564k free), swap 33505404k(25861404k free)

vm_info: Java HotSpot(TM) 64-Bit Server VM (23.25-b01) for windows-amd64 JRE (1.7.0_25-b17), built on Jun 21 2013 12:58:32 by "java_re" with unknown MS VC++:1600

time: Wed Aug 14 20:53:41 2013
elapsed time: 52 seconds

