#
# A fatal error has been detected by the Java Runtime Environment:
#
#  EXCEPTION_ACCESS_VIOLATION (0xc0000005) at pc=0x00000000744caf49, pid=6076, tid=8368
#
# JRE version: 7.0_25-b17
# Java VM: Java HotSpot(TM) 64-Bit Server VM (23.25-b01 mixed mode windows-amd64 compressed oops)
# Problematic frame:
# C  [libut.dll+0x6af49]
#
# Failed to write core dump. Minidumps are not enabled by default on client versions of Windows
#
# If you would like to submit a bug report, please visit:
#   http://bugreport.sun.com/bugreport/crash.jsp
# The crash happened outside the Java Virtual Machine in native code.
# See problematic frame for where to report the bug.
#

---------------  T H R E A D  ---------------

Current thread (0x000000004eab2800):  JavaThread "AWT-Windows" daemon [_thread_in_native, id=8368, stack(0x0000000007fd0000,0x0000000008050000)]

siginfo: ExceptionCode=0xc0000005, reading address 0xffffffffffffffff

Registers:
RAX=0x00000000000095d2, RBX=0x41b0000041b00000, RCX=0x000000000d372680, RDX=0x000000000d372680
RSP=0x000000000804e9c0, RBP=0x000000000206050d, RSI=0x0000000000000000, RDI=0x000000000804eaa0
R8 =0x0000000000000000, R9 =0x000000000206050d, R10=0x0000000000000000, R11=0x00000000771b0000
R12=0x0000000000000000, R13=0x0000000000009803, R14=0x0000000000000000, R15=0x000000000034076e
RIP=0x00000000744caf49, EFLAGS=0x0000000000010206

Top of Stack: (sp=0x000000000804e9c0)
0x000000000804e9c0:   00000000ec510720 0000000000000000
0x000000000804e9d0:   000007fefc894de0 000007fefc7f4ad2
0x000000000804e9e0:   000000000804eaa0 000000007447a704
0x000000000804e9f0:   000000000804eaa0 000007fefc7f4efb
0x000000000804ea00:   0000000000000000 000000000804eaa0
0x000000000804ea10:   000000000d372680 0000000004c31af4
0x000000000804ea20:   0000000000000000 0000000000000000
0x000000000804ea30:   000000000000002e 0000000000000001
0x000000000804ea40:   0000000000009803 000000007a0d389d
0x000000000804ea50:   0000000000000000 000000000034076e
0x000000000804ea60:   0000000000000017 000000000da12fe0
0x000000000804ea70:   0000000000000000 0000000000000000
0x000000000804ea80:   000000000804eae0 000007fefc7f4955
0x000000000804ea90:   0000000000000000 000000000da12fe0
0x000000000804eaa0:   000000000d372680 000007fe00000000
0x000000000804eab0:   000000000804eb70 000000007447a704 

Instructions: (pc=0x00000000744caf49)
0x00000000744caf29:   28 01 74 0d c7 41 28 01 00 00 00 ff 15 ee 20 01
0x00000000744caf39:   00 48 83 c4 28 c3 cc 40 53 48 83 ec 20 48 8b 19
0x00000000744caf49:   83 7b 28 00 75 10 48 8b cb c7 43 28 01 00 00 00
0x00000000744caf59:   ff 15 c9 20 01 00 48 8b cb 48 83 c4 20 5b 48 ff 


Register to memory mapping:

RAX=0x00000000000095d2 is an unknown value
RBX=0x41b0000041b00000 is an unknown value
RCX=0x000000000d372680 is an unknown value
RDX=0x000000000d372680 is an unknown value
RSP=0x000000000804e9c0 is pointing into the stack for thread: 0x000000004eab2800
RBP=0x000000000206050d is pointing into the stack for thread: 0x0000000008b6f800
RSI=0x0000000000000000 is an unknown value
RDI=0x000000000804eaa0 is pointing into the stack for thread: 0x000000004eab2800
R8 =0x0000000000000000 is an unknown value
R9 =0x000000000206050d is pointing into the stack for thread: 0x0000000008b6f800
R10=0x0000000000000000 is an unknown value
R11=0x00000000771b0000 is an unknown value
R12=0x0000000000000000 is an unknown value
R13=0x0000000000009803 is an unknown value
R14=0x0000000000000000 is an unknown value
R15=0x000000000034076e is pointing into the stack for thread: 0x0000000008b6f800


Stack: [0x0000000007fd0000,0x0000000008050000],  sp=0x000000000804e9c0,  free space=506k
Native frames: (J=compiled Java code, j=interpreted, Vv=VM code, C=native code)
C  [libut.dll+0x6af49]

Java frames: (J=compiled Java code, j=interpreted, Vv=VM code)
j  sun.awt.windows.WToolkit.eventLoop()V+0
j  sun.awt.windows.WToolkit.run()V+49
j  java.lang.Thread.run()V+11
v  ~StubRoutines::call_stub

---------------  P R O C E S S  ---------------

Java Threads: ( => current thread )
  0x000000004ef7d000 JavaThread "Inactive RequestProcessor thread [Was:TimedSoftReference/org.openide.util.TimedSoftReference]" daemon [_thread_blocked, id=10496, stack(0x00000000757d0000,0x0000000075850000)]
  0x000000004ef7a800 JavaThread "Code Analyzer updating thread" [_thread_blocked, id=4296, stack(0x0000000070f30000,0x0000000070fb0000)]
  0x000000004ef7a000 JavaThread "Code Analyzer updating thread" [_thread_blocked, id=6724, stack(0x0000000070d80000,0x0000000070e00000)]
  0x000000004ef79000 JavaThread "Code Analyzer updating thread" [_thread_blocked, id=8424, stack(0x000000002c480000,0x000000002c500000)]
  0x000000004ef78800 JavaThread "Code Analyzer updating thread" [_thread_blocked, id=8256, stack(0x0000000070830000,0x00000000708b0000)]
  0x000000004ef77800 JavaThread "Code Analyzer updating thread" [_thread_blocked, id=8516, stack(0x0000000067930000,0x00000000679b0000)]
  0x000000004ef77000 JavaThread "Code Analyzer updating thread" [_thread_blocked, id=8544, stack(0x0000000070b50000,0x0000000070bd0000)]
  0x000000004ef76000 JavaThread "Code Analyzer updating thread" [_thread_blocked, id=3492, stack(0x0000000070cd0000,0x0000000070d50000)]
  0x000000004ef75800 JavaThread "Active Reference Queue Daemon" daemon [_thread_blocked, id=6732