#
# A fatal error has been detected by the Java Runtime Environment:
#
#  Internal Error (os_windows_x86.cpp:149), pid=2208, tid=5188
#  guarantee(result == EXCEPTION_CONTINUE_EXECUTION) failed: Unexpected result from topLevelExceptionFilter
#
# JRE version: 7.0_25-b17
# Java VM: Java HotSpot(TM) 64-Bit Server VM (23.25-b01 mixed mode windows-amd64 compressed oops)
# Failed to write core dump. Minidumps are not enabled by default on client versions of Windows
#
# If you would like to submit a bug report, please visit:
#   http://bugreport.sun.com/bugreport/crash.jsp
# The crash happened outside the Java Virtual Machine in native code.
# See problematic frame for where to report the bug.
#

---------------  T H R E A D  ---------------

Current thread (0x000000004e9b7800):  JavaThread "Explorer NavigationContext request queue" [_thread_in_native, id=5188, stack(0x0000000053180000,0x0000000053200000)]

Stack: [0x0000000053180000,0x0000000053200000]
Java frames: (J=compiled Java code, j=interpreted, Vv=VM code)
j  com.mathworks.util.NativeJava.listFiles(Ljava/lang/String;Lcom/mathworks/util/AsyncReceiver;)Z+0
j  com.mathworks.mlwidgets.explorer.model.realfs.RealFileList.readFilesAndFolders(Lcom/mathworks/util/AsyncReceiver;)V+23
j  com.mathworks.mlwidgets.explorer.model.overlayfs.OverlayFileList.readFilesAndFolders(Lcom/mathworks/util/AsyncReceiver;)V+9
j  com.mathworks.mlwidgets.explorer.model.vfs.VirtualFileList.readFilesAndFolders(Lcom/mathworks/util/AsyncReceiver;)V+13
j  com.mathworks.mlwidgets.explorer.model.table.UiFileList.readAndUpdateCache(ZLcom/mathworks/util/CapturingReceiver;)V+91
j  com.mathworks.mlwidgets.explorer.model.table.UiFileList.access$500(Lcom/mathworks/mlwidgets/explorer/model/table/UiFileList;ZLcom/mathworks/util/CapturingReceiver;)V+3
j  com.mathworks.mlwidgets.explorer.model.table.UiFileList$6.run()V+66
j  com.mathworks.util.RequestQueue.execute()V+65
j  com.mathworks.util.RequestQueue.access$000(Lcom/mathworks/util/RequestQueue;)V+1
j  com.mathworks.util.RequestQueue$2.run()V+4
j  java.lang.Thread.run()V+11
v  ~StubRoutines::call_stub

---------------  P R O C E S S  ---------------

Java Threads: ( => current thread )
  0x000000004e9bc800 JavaThread "FileDecorationCache request queue" [_thread_blocked, id=2232, stack(0x00000000269a0000,0x0000000026a20000)]
  0x000000004e9bd800 JavaThread "Prefs Updater" daemon [_thread_blocked, id=6128, stack(0x0000000007f60000,0x0000000007fe0000)]
  0x000000004e9b5000 JavaThread "pool-6-thread-1" [_thread_blocked, id=7728, stack(0x0000000007ed0000,0x0000000007f50000)]
  0x000000004e9bc000 JavaThread "Code Analyzer updating thread" [_thread_blocked, id=7864, stack(0x0000000053510000,0x0000000053590000)]
  0x000000004e9bb000 JavaThread "Code Analyzer updating thread" [_thread_blocked, id=1096, stack(0x00000000530f0000,0x0000000053170000)]
  0x000000004e9ba800 JavaThread "Active Reference Queue Daemon" daemon [_thread_blocked, id=6600, stack(0x00000000532d0000,0x0000000053350000)]
  0x000000004e9b9000 JavaThread "Timer-9" daemon [_thread_blocked, id=5888, stack(0x00000000533a0000,0x0000000053420000)]
  0x000000004e9b9800 JavaThread "Timer-8" daemon [_thread_blocked, id=3052, stack(0x0000000052f90000,0x0000000053010000)]
=>0x000000004e9b7800 JavaThread "Explorer NavigationContext request queue" [_thread_in_native, id=5188, stack(0x0000000053180000,0x0000000053200000)]
  0x000000004e9b6000 JavaThread "AddressBar directory emptiness poller" [_thread_in_native, id=3428, stack(0x0000000053060000,0x00000000530e0000)]
  0x000000004e9b4800 JavaThread "Timer-1" [_thread_blocked, id=5540, stack(0x0000000052e60000,0x0000000052ee0000)]
  0x000000004e9b3800 JavaThread "TimerQueue" daemon [_thread_blocked, id=5804, stack(0x0000000050ec0000,0x0000000050f40000)]
  0x000000004e9b3000 JavaThread "FelixPackageAdmin" daemon [_thread_blocked, id=2760, stack(0x0000000050cf0000,0x0000000050d70000)]
  0x000000004e99b800 JavaThread "FelixStartLevel" daemon [_thread_blocked, id=7528, stack(0x0000000050bd0000,0x0000000050c50000)]
  0x000000004e893000 JavaThread "FelixDispatchQueue" daemon [_thread_blocked, id=5396, stack(0x000000004fd50000,0x000000004fdd0000)]
  0x000000004e82a000 JavaThread "AWT-EventQueue-0" [_thread_in_Java, id=3680, stack(0x000000004f6d0000,0x000000004f750000)]
  0x000000004e657800 JavaThread "com.google.common.base.internal.Finalizer" daemon [_thread_blocked, id=7812, stack(0x000000004f8b0000,0x000000004f930000)]
  0x000000004e4f0000 JavaThread "AWT-Windows" daemon [_thread_in_native, id=7284, stack(0x000000004f7f0000,0x000000004f870000)]
  0x000000004e4ef800 JavaThread "AWT-Shutdown" [_thread_blocked, id=7424, stack(0x000000004f770000,0x000000004f7f0000)]
  0x000000004e5f2800 JavaThread "Java2D Disposer" daemon [_thread_blocked, id=5244, stack(0x000000000f460000,0x000000000f4e0000)]
  0x000000004e1a3000 JavaThread "Timer-0" [_thread_blocked, id=7280, stack(0x000000003cad0000,0x000000003cb50000)]
  0x000000004e1ec000 JavaThread "EventMgr Dispatcher" daemon [_thread_in_native, id=6888, stack(0x0000000010fd0000,0x0000000014fd0000)]
  0x000000004da43800 JavaThread "Service Thread" daemon [_thread_blocked, id=3884, stack(0x0000000048ec0000,0x0000000048f40000)]
  0x000000004da40800 JavaThread "C2 CompilerThread1" daemon [_thread_blocked, id=8104, stack(0x0000000061bd0000,0x0000000065bd0000)]
  0x000000004da3b800 JavaThread "C2 CompilerThread0" daemon [_thread_blocked, id=6108, stack(0x000000005daf0000,0x0000000061af0000)]
  0x000000004da37000 JavaThread "Attach Listener" daemon [_thread_blocked, id=7128, stack(0x0000000034820000,0x00000000348a0000)]
  0x000000000f6e1800 JavaThread "Finalizer" daemon [_thread_blocked, id=6136, stack(0x00000000389e0000,0x0000000038a60000)]
  0x000000000f6d8800 JavaThread "Reference Handler" daemon [_thread_blocked, id=7836, stack(0x0000000025330000,0x00000000253b0000)]
  0x000000000cda0000 JavaThread "main" [_thread_in_native, id=6720, stack(0x0000000000170000,0x0000000004170000)]

Other Threads:
  0x000000000f6d0800 VMThread [stack: 0x0000000056160000,0x000000005a160000] [id=5512]
  0x000000004da68800 WatcherThread [stack: 0x0000000065d70000,0x0000000069d70000] [id=6196]

VM state:not at safepoint (normal execution)

VM Mutex/Monitor currently owned by a thread: None

Heap
 PSYoungGen      total 32448K, used 7240K [0x00000000fcf00000, 0x00000000ff4a0000, 0x0000000100000000)
  eden space 28544K, 14% used [0x00000000fcf00000,0x00000000fd2fbd70,0x00000000feae0000)
  from space 3904K, 80% used [0x00000000ff0d0000,0x00000000ff3e6630,0x00000000ff4a0000)
  to   space 4992K, 0% used [0x00000000feae0000,0x00000000feae0000,0x00000000fefc0000)
 ParOldGen       total 81792K, used 60410K [0x00000000f3c00000, 0x00000000f8be0000, 0x00000000fcf00000)
  object space 81792K, 73% used [0x00000000f3c00000,0x00000000f76febb8,0x00000000f8be0000)
 PSPermGen       total 91776K, used 54392K [0x00000000ebc00000, 0x00000000f15a0000, 0x00000000f3c00000)
  object space 91776K, 59% used [0x00000000ebc00000,0x00000000ef11e010,0x00000000f15a0000)

Card table byte_map: [0x000000000cf00000,0x000000000cfb0000] byte_map_base: 0x000000000c7a2000

Polling page: 0x0000000005630000

Code Cache  [0x00000000293d0000, 0x00000000298d0000, 0x000000002c3d0000)
 total_blobs=2303 nmethods=1667 adapters=584 free_code_cache=44183Kb largest_free_block=45143168

Compilation events (10 events):
Event: 211.037 Thread 0x000000004da40800 1773             java.lang.System$2::getEnumConstantsShared (8 bytes)
Event: 211.038 Thread 0x000000004da3b800 1774             java.util.EnumSet::noneOf (63 bytes)
Event: 211.038 Thread 0x000000004da40800 nmethod 1773 0x00000000298b6dd0 code [0x00000000298b6f20, 0x00000000298b6fd8]
Event: 211.039 Thread 0x000000004da40800 1775             java.util.EnumSet::getUniverse (10 bytes)
Event: 211.040 Thread 0x000000004da40800 nmethod 1775 0x000000002983e990 code [0x000000002983eae0, 0x000000002983ebb8]
Event: 211.042 Thread 0x000000004da3b800 nmethod 1774 0x00000000298b3990 code [0x00000000298b3b00, 0x00000000298b3df8]
Event: 212.467 Thread 0x000000004da40800 1777   !         com.icl.saxon.output.XMLEmitter::startElement (351 bytes)
Event: 212.517 Thread 0x000000004da40800 nmethod 1777 0x00000000298bdc90 code [0x00000000298be0a0, 0x00000000298c0460]
Event: 212.817 Thread 0x000000004da3b800 1778             com.mathworks.jmi.OpaqueJavaInterface::doesMethodExist (70 bytes)
Event: 212.825 Thread 0x000000004da3b800 nmethod 1778 0x00000000298b9410 code [0x00000000298b9640, 0x00000000298ba800]

GC Heap History (10 events):
Event: 199.054 GC heap before
{Heap before GC invocations=49 (full 1):
 PSYoungGen      total 37952K, used 37929K [0x00000000fcf00000, 0x00000000ffab0000, 0x0000000100000000)
  eden space 33472K, 100% used [0x00000000fcf00000,0x00000000fefb0000,0x00000000fefb0000)
  from space 4480K, 99% used [0x00000000ff0c0000,0x00000000ff51a6b0,0x00000000ff520000)
  to   space 5632K, 0% used [0x00000000ff530000,0x00000000ff530000,0x00000000ffab0000)
 ParOldGen       total 81792K, used 58519K [0x00000000f3c00000, 0x00000000f8be0000, 0x00000000fcf00000)
  object space 81792K, 71% used [0x00000000f3c00000,0x00000000f7525dc8,0x00000000f8be0000)
 PSPermGen       total 91776K, used 54297K [0x00000000ebc00000, 0x00000000f15a0000, 0x00000000f3c00000)
  object space 91776K, 59% used [0x00000000ebc00000,0x00000000ef106760,0x00000000f15a0000)
Event: 199.061 GC heap after
Heap after GC invocations=49 (full 1):
 PSYoungGen      total 36800K, used 3836K [0x00000000fcf00000, 0x00000000ff980000, 0x0000000100000000)
  eden space 32384K, 0% used [0x00000000fcf00000,0x00000000fcf00000,0x00000000feea0000)
  from space 4416K, 86% used [0x00000000ff530000,0x00000000ff8ef288,0x00000000ff980000)
  to   space 5568K, 0% used [0x00000000feea0000,0x00000000feea0000,0x00000000ff410000)
 ParOldGen       total 81792K, used 58820K [0x00000000f3c00000, 0x00000000f8be0000, 0x00000000fcf00000)
  object space 81792K, 71% used [0x00000000f3c00000,0x00000000f7571130,0x00000000f8be0000)
 PSPermGen       total 91776K, used 54297K [0x00000000ebc00000, 0x00000000f15a0000, 0x00000000f3c00000)
  object space 91776K, 59% used [0x00000000ebc00000,0x00000000ef106760,0x00000000f15a0000)
}
Event: 202.539 GC heap before
{Heap before GC invocations=50 (full 1):
 PSYoungGen      total 36800K, used 36220K [0x00000000fcf00000, 0x00000000ff980000, 0x0000000100000000)
  eden space 32384K, 100% used [0x00000000fcf00000,0x00000000feea0000,0x00000000feea0000)
  from space 4416K, 86% used [0x00000000ff530000,0x00000000ff8ef288,0x00000000ff980000)
  to   space 5568K, 0% used [0x00000000feea0000,0x00000000feea0000,0x00000000ff410000)
 ParOldGen       total 81792K, used 58820K [0x00000000f3c00000, 0x00000000f8be0000, 0x00000000fcf00000)
  object space 81792K, 71% used [0x00000000f3c00000,0x00000000f7571130,0x00000000f8be0000)
 PSPermGen       total 91776K, used 54335K [0x00000000ebc00000, 0x00000000f15a0000, 0x00000000f3c00000)
  object space 91776K, 59% used [0x00000000ebc00000,0x00000000ef10fd48,0x00000000f15a0000)
Event: 202.543 GC heap after
Heap after GC invocations=50 (full 1):
 PSYoungGen      total 34880K, used 3516K [0x00000000fcf00000, 0x00000000ff820000, 0x0000000100000000)
  eden space 31360K, 0% used [0x00000000fcf00000,0x00000000fcf00000,0x00000000feda0000)
  from space 3520K, 99% used [0x00000000feea0000,0x00000000ff20f288,0x00000000ff210000)
  to   space 5376K, 0% used [0x00000000ff2e0000,0x00000000ff2e0000,0x00000000ff820000)
 ParOldGen       total 81792K, used 59148K [0x00000000f3c00000, 0x00000000f8be0000, 0x00000000fcf00000)
  object space 81792K, 72% used [0x00000000f3c00000,0x00000000f75c3130,0x00000000f8be0000)
 PSPermGen       total 91776K, used 54335K [0x00000000ebc00000, 0x00000000f15a0000, 0x00000000f3c00000)
  object space 91776K, 59% used [0x00000000ebc00000,0x00000000ef10fd48,0x00000000f15a0000)
}
Event: 209.755 GC heap before
{Heap before GC invocations=51 (full 1):
 PSYoungGen      total 34880K, used 34876K [0x00000000fcf00000, 0x00000000ff820000, 0x0000000100000000)
  eden space 31360K, 100% used [0x00000000fcf00000,0x00000000feda0000,0x00000000feda0000)
  from space 3520K, 99% used [0x00000000feea0000,0x00000000ff20f288,0x00000000ff210000)
  to   space 5376K, 0% used [0x00000000ff2e0000,0x00000000ff2e0000,0x00000000ff820000)
 ParOldGen       total 81792K, used 59148K [0x00000000f3c00000, 0x00000000f8be0000, 0x00000000fcf00000)
  object space 81792K, 72% used [0x00000000f3c00000,0x00000000f75c3130,0x00000000f8be0000)
 PSPermGen       total 91776K, used 54365K [0x00000000ebc00000, 0x00000000f15a0000, 0x00000000f3c00000)
  object space 91776K, 59% used [0x00000000ebc00000,0x00000000ef1176d8,0x00000000f15a0000)
Event: 209.762 GC heap after
Heap after GC invocations=51 (full 1):
 PSYoungGen      total 34432K, used 3452K [0x00000000fcf00000, 0x00000000ff6d0000, 0x0000000100000000)
  eden space 30400K, 0% used [0x00000000fcf00000,0x00000000fcf00000,0x00000000fecb0000)
  from space 4032K, 85% used [0x00000000ff2e0000,0x00000000ff63f288,0x00000000ff6d0000)
  to   space 5184K, 0% used [0x00000000fecb0000,0x00000000fecb0000,0x00000000ff1c0000)
 ParOldGen       total 81792K, used 59518K [0x00000000f3c00000, 0x00000000f8be0000, 0x00000000fcf00000)
  object space 81792K, 72% used [0x00000000f3c00000,0x00000000f761fba8,0x00000000f8be0000)
 PSPermGen       total 91776K, used 54365K [0x00000000ebc00000, 0x00000000f15a0000, 0x00000000f3c00000)
  object space 91776K, 59% used [0x00000000ebc00000,0x00000000ef1176d8,0x00000000f15a0000)
}
Event: 211.520 GC heap before
{Heap before GC invocations=52 (full 1):
 PSYoungGen      total 34432K, used 33852K [0x00000000fcf00000, 0x00000000ff6d0000, 0x0000000100000000)
  eden space 30400K, 100% used [0x00000000fcf00000,0x00000000fecb0000,0x00000000fecb0000)
  from space 4032K, 85% used [0x00000000ff2e0000,0x00000000ff63f288,0x00000000ff6d0000)
  to   space 5184K, 0% used [0x00000000fecb0000,0x00000000fecb0000,0x00000000ff1c0000)
 ParOldGen       total 81792K, used 59518K [0x00000000f3c00000, 0x00000000f8be0000, 0x00000000fcf00000)
  object space 81792K, 72% used [0x00000000f3c00000,0x00000000f761fba8,0x00000000f8be0000)
 PSPermGen       total 91776K, used 54379K [0x00000000ebc00000, 0x00000000f15a0000, 0x00000000f3c00000)
  object space 91776K, 59% used [0x00000000ebc00000,0x00000000ef11ad60,0x00000000f15a0000)
Event: 211.526 GC heap after
Heap after GC invocations=52 (full 1):
 PSYoungGen      total 32064K, used 2567K [0x00000000fcf00000, 0x00000000ff5e0000, 0x0000000100000000)
  eden space 29440K, 0% used [0x00000000fcf00000,0x00000000fcf00000,0x00000000febc0000)
  from space 2624K, 97% used [0x00000000fecb0000,0x00000000fef31f20,0x00000000fef40000)
  to   space 5184K, 0% used [0x00000000ff0d0000,0x00000000ff0d0000,0x00000000ff5e0000)
 ParOldGen       total 81792K, used 60362K [0x00000000f3c00000, 0x00000000f8be0000, 0x00000000fcf00000)
  object space 81792K, 73% used [0x00000000f3c00000,0x00000000f76f2bb8,0x00000000f8be0000)
 PSPermGen       total 91776K, used 54379K [0x00000000ebc00000, 0x00000000f15a0000, 0x00000000f3c00000)
  object space 91776K, 59% used [0x00000000ebc00000,0x00000000ef11ad60,0x00000000f15a0000)
}
Event: 216.352 GC heap before
{Heap before GC invocations=53 (full 1):
 PSYoungGen      total 32064K, used 32007K [0x00000000fcf00000, 0x00000000ff5e0000, 0x0000000100000000)
  eden space 29440K, 100% used [0x00000000fcf00000,0x00000000febc0000,0x00000000febc0000)
  from space 2624K, 97% used [0x00000000fecb0000,0x00000000fef31f20,0x00000000fef40000)
  to   space 5184K, 0% used [0x00000000ff0d0000,0x00000000ff0d0000,0x00000000ff5e0000)
 ParOldGen       total 81792K, used 60362K [0x00000000f3c00000, 0x00000000f8be0000, 0x00000000fcf00000)
  object space 81792K, 73% used [0x00000000f3c00000,0x00000000f76f2bb8,0x00000000f8be0000)
 PSPermGen       total 91776K, used 54392K [0x00000000ebc00000, 0x00000000f15a0000, 0x00000000f3c00000)
  object space 91776K, 59% used [0x00000000ebc00000,0x00000000ef11e010,0x00000000f15a0000)
Event: 216.355 GC heap after
Heap after GC invocations=53 (full 1):
 PSYoungGen      total 32448K, used 3161K [0x00000000fcf00000, 0x00000000ff4a0000, 0x0000000100000000)
  eden space 28544K, 0% used [0x00000000fcf00000,0x00000000fcf00000,0x00000000feae0000)
  from space 3904K, 80% used [0x00000000ff0d0000,0x00000000ff3e6630,0x00000000ff4a0000)
  to   space 4992K, 0% used [0x00000000feae0000,0x00000000feae0000,0x00000000fefc0000)
 ParOldGen       total 81792K, used 60410K [0x00000000f3c00000, 0x00000000f8be0000, 0x00000000fcf00000)
  object space 81792K, 73% used [0x00000000f3c00000,0x00000000f76febb8,0x00000000f8be0000)
 PSPermGen       total 91776K, used 54392K [0x00000000ebc00000, 0x00000000f15a0000, 0x00000000f3c00000)
  object space 91776K, 59% used [0x00000000ebc00000,0x00000000ef11e010,0x00000000f15a0000)
}

Deoptimization events (10 events):
Event: 198.271 Thread 0x000000004e9bc800 Uncommon trap -83 fr.pc 0x0000000029809450
Event: 202.489 Thread 0x000000004e82a000 Uncommon trap -58 fr.pc 0x0000000029843da8
Event: 202.492 Thread 0x000000004e82a000 Uncommon trap -58 fr.pc 0x0000000029843da8
Event: 207.564 Thread 0x000000004e82a000 Uncommon trap -83 fr.pc 0x00000000298a80cc
Event: 207.703 Thread 0x000000004e82a000 Uncommon trap -58 fr.pc 0x0000000029648bf4
Event: 207.873 Thread 0x000000004e82a000 Uncommon trap -58 fr.pc 0x0000000029648bf4
Event: 208.511 Thread 0x000000004e82a000 Uncommon trap -34 fr.pc 0x00000000295e52fc
Event: 208.519 Thread 0x000000004e82a000 Uncommon trap -58 fr.pc 0x0000000029648bf4
Event: 208.646 Thread 0x000000004e82a000 Uncommon trap -58 fr.pc 0x0000000029648bf4
Event: 213.827 Thread 0x000000004e82a000 Uncommon trap -34 fr.pc 0x00000000297844f0

Internal exceptions (10 events):
