#
# A fatal error has been detected by the Java Runtime Environment:
#
#  EXCEPTION_ACCESS_VIOLATION (0xc0000005) at pc=0x0000000077c733df, pid=6756, tid=1660
#
# JRE version: 7.0_25-b17
# Java VM: Java HotSpot(TM) 64-Bit Server VM (23.25-b01 mixed mode windows-amd64 compressed oops)
# Problematic frame:
# C  [ntdll.dll+0x533df]
#
# Failed to write core dump. Minidumps are not enabled by default on client versions of Windows
#
# If you would like to submit a bug report, please visit:
#   http://bugreport.sun.com/bugreport/crash.jsp
# The crash happened outside the Java Virtual Machine in native code.
# See problematic frame for where to report the bug.
#

---------------  T H R E A D  ---------------

Current thread (0x00000000607e4800):  JavaThread "Explorer NavigationContext request queue" [_thread_in_native, id=1660, stack(0x000000006cda0000,0x000000006ce20000)]

siginfo: ExceptionCode=0xc0000005, reading address 0x0000000000000008

Registers:
RAX=0x0000000000000080, RBX=0x0000000000000000, RCX=0x0000000006860000, RDX=0x0000000000000000
RSP=0x000000006ce1e820, RBP=0x0000000000000000, RSI=0x0000000000000080, RDI=0x0000000000000080
R8 =0x0000000000000080, R9 =0x7ffffffffffffffe, R10=0x0061004d005c0065, R11=0x000000007c4fda70
R12=0x0000000006860000, R13=0x0000000000000097, R14=0x0000000000000000, R15=0x0000000077d35430
RIP=0x0000000077c733df, EFLAGS=0x0000000000010202

Top of Stack: (sp=0x000000006ce1e820)
0x000000006ce1e820:   0000000200580030 00000000000003e8
0x000000006ce1e830:   00000000000011e8 0000000000000774
0x000000006ce1e840:   0000000000153332 0000000000000000
0x000000006ce1e850:   000000007c4fda70 000000000e9302b4
0x000000006ce1e860:   0000000000002fcc 0000000000001a64
0x000000006ce1e870:   0000000000001c84 000000000e930080
0x000000006ce1e880:   00000000000002c8 000000000e930290
0x000000006ce1e890:   000000000e972cb0 0000000077c7592e
0x000000006ce1e8a0:   0000000000000000 00000000000002c8
0x000000006ce1e8b0:   000000f201c40001 000000000e930470
0x000000006ce1e8c0:   0000000077d35430 0000000000000000
0x000000006ce1e8d0:   0000000000000090 000000000eae0000
0x000000006ce1e8e0:   000000000000007a 000000000000007a
0x000000006ce1e8f0:   000000006ce1eef0 000000006ce1eef0
0x000000006ce1e900:   0000000000000000 0000000000000000
0x000000006ce1e910:   0000000000000080 000000006ce1eb60 

Instructions: (pc=0x0000000077c733df)
0x0000000077c733bf:   81 7d 0f 85 ec 00 00 00 48 85 f6 0f 84 7d 86 fd
0x0000000077c733cf:   ff 48 8b c6 49 8b 94 24 40 01 00 00 4c 8d 68 17
0x0000000077c733df:   8b 42 08 49 83 e5 f0 49 8b cd 48 c1 e9 04 48 3b
0x0000000077c733ef:   c8 0f 83 33 17 00 00 44 8b 42 08 41 ff c8 49 3b 


Register to memory mapping:

RAX=0x0000000000000080 is an unknown value
RBX=0x0000000000000000 is an unknown value
RCX=0x0000000006860000 is an unknown value
RDX=0x0000000000000000 is an unknown value
RSP=0x000000006ce1e820 is pointing into the stack for thread: 0x00000000607e4800
RBP=0x0000000000000000 is an unknown value
RSI=0x0000000000000080 is an unknown value
RDI=0x0000000000000080 is an unknown value
R8 =0x0000000000000080 is an unknown value
R9 =0x7ffffffffffffffe is an unknown value
R10=0x0061004d005c0065 is an unknown value
R11=0x000000007c4fda70 is an unknown value
R12=0x0000000006860000 is an unknown value
R13=0x0000000000000097 is an unknown value
R14=0x0000000000000000 is an unknown value
R15=0x0000000077d35430 is an unknown value


Stack: [0x000000006cda0000,0x000000006ce20000],  sp=0x000000006ce1e820,  free space=506k
Native frames: (J=compiled Java code, j=interpreted, Vv=VM code, C=native code)
C  [ntdll.dll+0x533df]

[error occurred during error reporting (printing native stack), id 0xc0000005]

Java frames: (J=compiled Java code, j=interpreted, Vv=VM code)
j  com.mathworks.util.NativeJava.listFiles(Ljava/lang/String;Lcom/mathworks/util/AsyncReceiver;)Z+0
j  com.mathworks.mlwidgets.explorer.model.realfs.RealFileList.readFilesAndFolders(Lcom/mathworks/util/AsyncReceiver;)V+23
j  com.mathworks.mlwidgets.explorer.model.overlayfs.OverlayFileList.readFilesAndFolders(Lcom/mathworks/util/AsyncReceiver;)V+9
j  com.mathworks.mlwidgets.explorer.model.vfs.VirtualFileList.readFilesAndFolders(Lcom/mathworks/util/AsyncReceiver;)V+13
j  com.mathworks.mlwidgets.explorer.model.table.UiFileList.readAndUpdateCache(ZLcom/mathworks/util/CapturingReceiver;)V+91
j  com.mathworks.mlwidgets.explorer.model.table.UiFileList.access$500(Lcom/mathworks/mlwidgets/explorer/model/table/UiFileList;ZLcom/mathworks/util/CapturingReceiver;)V+3
j  com.mathworks.mlwidgets.explorer.model.table.UiFileList$6.run()V+66
j  com.mathworks.util.RequestQueue.execute()V+65
j  com.mathworks.util.RequestQueue.access$000(Lcom/mathworks/util/RequestQueue;)V+1
j  com.mathworks.util.RequestQueue$2.run()V+4
j  java.lang.Thread.run()V+11
v  ~StubRoutines::call_stub

---------------  P R O C E S S  ---------------

Java Threads: ( => current thread )
  0x00000000607e2000 JavaThread "FileDecorationCache request queue" [_thread_blocked, id=1440, stack(0x00000000097d0000,0x0000000009850000)]
  0x00000000607ec800 JavaThread "Code Analyzer updating thread" [_thread_blocked, id=1916, stack(0x000000006d470000,0x000000006d4f0000)]
  0x00000000607ec000 JavaThread "Code Analyzer updating thread" [_thread_blocked, id=1712, stack(0x000000006d2e0000,0x000000006d360000)]
  0x00000000607eb000 JavaThread "Code Analyzer updating thread" [_thread_blocked, id=7072, stack(0x000000006d230000,0x000000006d2b0000)]
  0x00000000607ea800 JavaThread "Code Analyzer updating thread" [_thread_blocked, id=1808, stack(0x000000006cc50000,0x000000006ccd0000)]
  0x00000000607e9800 JavaThread "Code Analyzer updating thread" [_thread_blocked, id=1752, stack(0x000000006d1a0000,0x000000006d220000)]
  0x00000000607e9000 JavaThread "Code Analyzer updating thread" [_thread_blocked, id=5776, stack(0x000000006cf20000,0x000000006cfa0000)]
  0x00000000607e8000 JavaThread "Code Analyzer updating thread" [_thread_blocked, id=2836, stack(0x000000006d110000,0x000000006d190000)]
  0x00000000607e5000 JavaThread "Active Reference Queue Daemon" daemon [_thread_blocked, id=6148, stack(0x000000006cba0000,0x000000006cc20000)]
  0x00000000607e6000 JavaThread "Timer-9" daemon [_thread_blocked, id=3876, stack(0x000000006cea0000,0x000000006cf20000)]
  0x00000000607e6800 JavaThread "Timer-8" daemon [_thread_blocked, id=8052, stack(0x0000000069f60000,0x0000000069fe0000)]
=>0x00000000607e4800 JavaThread "Explorer NavigationContext request queue" [_thread_in_native, id=1660, stack(0x000000006cda0000,0x000000006ce20000)]
  0x00000000607e3000 JavaThread "AddressBar directory emptiness poller" [_thread_blocked, id=5476, stack(0x000000006a650000,0x000000006a6d0000)]
  0x00000000607e1800 JavaThread "Timer-1" [_thread_blocked, id=1672, stack(0x000000006cb10000,0x000000006cb90000)]
  0x00000000607e0800 JavaThread "TimerQueue" daemon [_thread_blocked, id=7108, stack(0x0000000069d60000,0x0000000069de0000)]
  0x00000000607e0000 JavaThread "FelixPackageAdmin" daemon [_thread_blocked, id=2768, stack(0x0000000061610000,0x0000000061690000)]
  0x000000005fe37800 JavaThread "FelixStartLevel" daemon [_thread_blocked, id=1828, stack(0x000000006a0d0000,0x000000006a150000)]
  0x00000000608fa000 JavaThread "FelixDispatchQueue" daemon [_thread_blocked, id=7580, stack(0x000000006a030000,0x000000006a0b0000)]
  0x0000000060a1b000 JavaThread "AWT-EventQueue-0" [_thread_blocked, id=1560, stack(0x0000000069cb0000,0x0000000069d30000)]
  0x00000000605c2000 JavaThread "com.google.common.base.internal.Finalizer" daemon [_thread_blocked, id=7276, stack(0x0000000069c00000,0x0000000069c80000)]
  0x000000005fe90800 JavaThread "AWT-Windows" daemon [_thread_in_native, id=6828, stack(0x0000000069aa0000,0x0000000069b20000)]
  0x0000000053887000 JavaThread "AWT-Shutdown" [_thread_blocked, id=4928, stack(0x0000000069900000,0x0000000069980000)]
  0x0000000053886000 JavaThread "Java2D Disposer" daemon [_thread_blocked, id=4140, stack(0x0000000069990000,0x0000000069a10000)]
  0x00000000601b7000 JavaThread "Timer-0" [_thread_blocked, id=6452, stack(0x0000000041110000,0x0000000041190000)]
  0x00000000601bd800 JavaThread "EventMgr Dispatcher" daemon [_thread_in_native, id=3584, stack(0x0000000010fb0000,0x0000000014fb0000)]
  0x0000000053873800 JavaThread "Service Thread" daemon [_thread_blocked, id=6712, stack(0x000000002cb80000,0x000000002cc00000)]
  0x0000000053870800 JavaThread "C2 CompilerThread1" daemon [_thread_blocked, id=8028, stack(0x0000000057da0000,0x000000005bda0000)]
  0x000000005386b800 JavaThread "C2 CompilerThread0" daemon [_thread_blocked, id=4256, stack(0x0000000053ca0000,0x0000000057ca0000)]
  0x0000000053867000 JavaThread "Attach Listener" daemon [_thread_blocked, id=6704, stack(0x00000000251b0000,0x0000000025230000)]
  0x000000004e211800 JavaThread "Finalizer" daemon [_thread_blocked, id=1188, stack(0x000000001d080000,0x000000001d100000)]
  0x000000004e208800 JavaThread "Reference Handler" daemon [_thread_blocked, id=6908, stack(0x000000000f560000,0x000000000f5e0000)]
  0x000000000eaef800 JavaThread "main" [_thread_in_native, id=8180, stack(0x0000000000040000,0x0000000004040000)]

Other Threads:
  0x000000004e200800 VMThread [stack: 0x000000004f810000,0x0000000053810000] [id=976]
  0x0000000053898800 WatcherThread [stack: 0x000000005be00000,0x000000005fe00000] [id=8068]

VM state:not at safepoint (normal execution)

VM Mutex/Monitor currently owned by a thread: None

Heap
 PSYoungGen      total 39616K, used 19051K [0x00000000fcf00000, 0x00000000fff60000, 0x0000000100000000)
  eden space 30016K, 57% used [0x00000000fcf00000,0x00000000fdfc0cf8,0x00000000fec50000)
  from space 9600K, 19% used [0x00000000fec50000,0x00000000fee29f88,0x00000000ff5b0000)
  to   space 9536K, 0% used [0x00000000ff610000,0x00000000ff610000,0x00000000fff60000)
 ParOldGen       total 77504K, used 52467K [0x00000000f3c00000, 0x00000000f87b0000, 0x00000000fcf00000)
  object space 77504K, 67% used [0x00000000f3c00000,0x00000000f6f3cc70,0x00000000f87b0000)
 PSPermGen       total 106240K, used 53997K [0x00000000ebc00000, 0x00000000f23c0000, 0x00000000f3c00000)
  object space 106240K, 50% used [0x00000000ebc00000,0x00000000ef0bb618,0x00000000f23c0000)

Card table byte_map: [0x000000000ea30000,0x000000000eae0000] byte_map_base: 0x000000000e2d2000

Polling page: 0x00000000087a0000

Code Cache  [0x0000000029a40000, 0x0000000029ed0000, 0x000000002ca40000)
 total_blobs=2159 nmethods=1525 adapters=582 free_code_cache=44609Kb largest_free_block=45604800

Compilation events (10 events):
Event: 184.170 Thread 0x0000000053870800 nmethod 1627 0x0000000029e75490 code [0x0000000029e755e0, 0x0000000029e75668]
Event: 184.182 Thread 0x0000000053870800 1628   !         com.mathworks.mlwidgets.explorer.model.vfs.VirtualFileSystem::getUnderlyingEntryIfMountPoint (153 bytes)
Event: 184.183 Thread 0x000000005386b800 nmethod 1626 0x0000000029ebecd0 code [0x0000000029ebef00, 0x0000000029ebfae0]
Event: 184.186 Thread 0x0000000053870800 nmethod 1628 0x0000000029eb6190 code [0x0000000029eb6380, 0x0000000029eb6880]
Event: 184.197 Thread 0x000000005386b800 1629             com.mathworks.mlwidgets.explorer.util.UiFileSystemUtils$NameTokenizer::isCurrentTokenNumeric (5 bytes)
Event: 184.198 Thread 0x000000005386b800 nmethod 1629 0x0000000029eb70d0 code [0x0000000029eb7200, 0x0000000029eb7258]
Event: 184.292 Thread 0x0000000053870800 1630             com.mathworks.widgets.grouptable.GroupingTableConfiguration::getVisibleVerticalAttributes (63 bytes)
Event: 184.293 Thread 0x000000005386b800 1631             java.awt.Rectangle::getHeight (6 bytes)
Event: 184.293 Thread 0x000000005386b800 nmethod 1631 0x0000000029eb6ed0 code [0x0000000029eb7000, 0x0000000029eb7058]
Event: 184.298 Thread 0x0000000053870800 nmethod 1630 0x0000000029eb7c50 code [0x0000000029eb7e00, 0x0000000029eb83b8]

GC Heap History (10 events):
Event: 151.221 GC heap before
{Heap before GC invocations=53 (full 2):
 PSYoungGen      total 39232K, used 32510K [0x00000000fcf00000, 0x00000000fffa0000, 0x0000000100000000)
  eden space 29184K, 100% used [0x00000000fcf00000,0x00000000feb80000,0x00000000feb80000)
  from space 10048K, 33% used [0x00000000ff5d0000,0x00000000ff90f820,0x00000000fffa0000)
  to   space 10304K, 0% used [0x00000000feb80000,0x00000000feb80000,0x00000000ff590000)
 ParOldGen       total 77504K, used 50579K [0x00000000f3c00000, 0x00000000f87b0000, 0x00000000fcf00000)
  object space 77504K, 65% used [0x00000000f3c00000,0x00000000f6d64c50,0x00000000f87b0000)
 PSPermGen       total 106240K, used 53950K [0x00000000ebc00000, 0x00000000f23c0000, 0x00000000f3c00000)
  object space 106240K, 50% used [0x00000000ebc00000,0x00000000ef0afa20,0x00000000f23c0000)
Event: 151.225 GC heap after
Heap after GC invocations=53 (full 2):
 PSYoungGen      total 39488K, used 2992K [0x00000000fcf00000, 0x00000000fffd0000, 0x0000000100000000)
  eden space 29184K, 0% used [0x00000000fcf00000,0x00000000fcf00000,0x00000000feb80000)
  from space 10304K, 29% used [0x00000000feb80000,0x00000000fee6c358,0x00000000ff590000)
  to   space 10176K, 0% used [0x00000000ff5e0000,0x00000000ff5e0000,0x00000000fffd0000)
 ParOldGen       total 77504K, used 51235K [0x00000000f3c00000, 0x00000000f87b0000, 0x00000000fcf00000)
  object space 77504K, 66% used [0x00000000f3c00000,0x00000000f6e08c50,0x00000000f87b0000)
 PSPermGen       total 106240K, used 53950K [0x00000000ebc00000, 0x00000000f23c0000, 0x00000000f3c00000)
  object space 106240K, 50% used [0x00000000ebc00000,0x00000000ef0afa20,0x00000000f23c0000)
}
Event: 174.125 GC heap before
{Heap before GC invocations=54 (full 2):
 PSYoungGen      total 39488K, used 30804K [0x00000000fcf00000, 0x00000000fffd0000, 0x0000000100000000)
  eden space 29184K, 95% used [0x00000000fcf00000,0x00000000fea29060,0x00000000feb80000)
  from space 10304K, 29% used [0x00000000feb80000,0x00000000fee6c358,0x00000000ff590000)
  to   space 10176K, 0% used [0x00000000ff5e0000,0x00000000ff5e0000,0x00000000fffd0000)
 ParOldGen       total 77504K, used 51235K [0x00000000f3c00000, 0x00000000f87b0000, 0x00000000fcf00000)
  object space 77504K, 66% used [0x00000000f3c00000,0x00000000f6e08c50,0x00000000f87b0000)
 PSPermGen       total 106240K, used 53966K [0x00000000ebc00000, 0x00000000f23c0000, 0x00000000f3c00000)
  object space 106240K, 50% used [0x00000000ebc00000,0x00000000ef0b3920,0x00000000f23c0000)
Event: 174.130 GC heap after
Heap after GC invocations=54 (full 2):
 PSYoungGen      total 39424K, used 2287K [0x00000000fcf00000, 0x00000000fff90000, 0x0000000100000000)
  eden space 29504K, 0% used [0x00000000fcf00000,0x00000000fcf00000,0x00000000febd0000)
  from space 9920K, 23% used [0x00000000ff5e0000,0x00000000ff81bce8,0x00000000fff90000)
  to   space 10112K, 0% used [0x00000000febd0000,0x00000000febd0000,0x00000000ff5b0000)
 ParOldGen       total 77504K, used 51691K [0x00000000f3c00000, 0x00000000f87b0000, 0x00000000fcf00000)
  object space 77504K, 66% used [0x00000000f3c00000,0x00000000f6e7ac50,0x00000000f87b0000)
 PSPermGen       total 106240K, used 53966K [0x00000000ebc00000, 0x00000000f23c0000, 0x00000000f3c00000)
  object space 106240K, 50% used [0x00000000ebc00000,0x00000000ef0b3920,0x00000000f23c0000)
}
Event: 176.290 GC heap before
{Heap before GC invocations=55 (full 2):
 PSYoungGen      total 39424K, used 31791K [0x00000000fcf00000, 0x00000000fff90000, 0x0000000100000000)
  eden space 29504K, 100% used [0x00000000fcf00000,0x00000000febd0000,0x00000000febd0000)
  from space 9920K, 23% used [0x00000000ff5e0000,0x00000000ff81bce8,0x00000000fff90000)
  to   space 10112K, 0% used [0x00000000febd0000,0x00000000febd0000,0x00000000ff5b0000)
 ParOldGen       total 77504K, used 51691K [0x00000000f3c00000, 0x00000000f87b0000, 0x00000000fcf00000)
  object space 77504K, 66% used [0x00000000f3c00000,0x00000000f6e7ac50,0x00000000f87b0000)
 PSPermGen       total 106240K, used 53978K [0x00000000ebc00000, 0x00000000f23c0000, 0x00000000f3c00000)
  object space 106240K, 50% used [0x00000000ebc00000,0x00000000ef0b6948,0x00000000f23c0000)
Event: 176.300 GC heap after
Heap after GC invocations=55 (full 2):
 PSYoungGen      total 39616K, used 4835K [0x00000000fcf00000, 0x00000000fff10000, 0x0000000100000000)
  eden space 29504K, 0% used [0x00000000fcf00000,0x00000000fcf00000,0x00000000febd0000)
  from space 10112K, 47% used [0x00000000febd0000,0x00000000ff088ff0,0x00000000ff5b0000)
  to   space 9600K, 0% used [0x00000000ff5b0000,0x00000000ff5b0000,0x00000000fff10000)
 ParOldGen       total 77504K, used 51943K [0x00000000f3c00000, 0x00000000f87b0000, 0x00000000fcf00000)
  object space 77504K, 67% used [0x00000000f3c00000,0x00000000f6eb9c60,0x00000000f87b0000)
 PSPermGen       total 106240K, used 53978K [0x00000000ebc00000, 0x00000000f23c0000, 0x00000000f3c00000)
  object space 106240K, 50% used [0x00000000ebc00000,0x00000000ef0b6948,0x00000000f23c0000)
}
Event: 178.182 GC heap before
{Heap before GC invocations=56 (full 2):
 PSYoungGen      total 39616K, used 34339K [0x00000000fcf00000, 0x00000000fff10000, 0x0000000100000000)
  eden space 29504K, 100% used [0x00000000fcf00000,0x00000000febd0000,0x00000000febd0000)
  from space 10112K, 47% used [0x00000000febd0000,0x00000000ff088ff0,0x00000000ff5b0000)
  to   space 9600K, 0% used [0x00000000ff5b0000,0x00000000ff5b0000,0x00000000fff10000)
 ParOldGen       total 77504K, used 51943K [0x00000000f3c00000, 0x00000000f87b0000, 0x00000000fcf00000)
  object space 77504K, 67% used [0x00000000f3c00000,0x00000000f6eb9c60,0x00000000f87b0000)
 PSPermGen       total 106240K, used 53980K [0x00000000ebc00000, 0x00000000f23c0000, 0x00000000f3c00000)
  object space 106240K, 50% used [0x00000000ebc00000,0x00000000ef0b7068,0x00000000f23c0000)
Event: 178.185 GC heap after
Heap after GC invocations=56 (full 2):
 PSYoungGen      total 39616K, used 2055K [0x00000000fcf00000, 0x00000000fff10000, 0x0000000100000000)
  eden space 30016K, 0% used [0x00000000fcf00000,0x00000000fcf00000,0x00000000fec50000)
  from space 9600K, 21% used [0x00000000ff5b0000,0x00000000ff7b1c30,0x00000000fff10000)
  to   space 9600K, 0% used [0x00000000fec50000,0x00000000fec50000,0x00000000ff5b0000)
 ParOldGen       total 77504K, used 52183K [0x00000000f3c00000, 0x00000000f87b0000, 0x00000000fcf00000)
  object space 77504K, 67% used [0x00000000f3c00000,0x00000000f6ef5c60,0x00000000f87b0000)
 PSPermGen       total 106240K, used 53980K [0x00000000ebc00000, 0x00000000f23c0000, 0x00000000f3c00000)
  object space 106240K, 50% used [0x00000000ebc00000,0x00000000ef0b7068,0x00000000f23c0000)
}
Event: 181.293 GC heap before
{Heap before GC invocations=57 (full 2):
 PSYoungGen      total 39616K, used 32071K [0x00000000fcf00000, 0x00000000fff10000, 0x0000000100000000)
  eden space 30016K, 100% used [0x00000000fcf00000,0x00000000fec50000,0x00000000fec50000)
  from space 9600K, 21% used [0x00000000ff5b0000,0x00000000ff7b1c30,0x00000000fff10000)
  to   space 9600K, 0% used [0x00000000fec50000,0x00000000fec50000,0x00000000ff5b0000)
 ParOldGen       total 77504K, used 52183K [0x00000000f3c00000, 0x00000000f87b0000, 0x00000000fcf00000)
  object space 77504K, 67% used [0x00000000f3c00000,0x00000000f6ef5c60,0x00000000f87b0000)
 PSPermGen       total 106240K, used 53995K [0x00000000ebc00000, 0x00000000f23c0000, 0x00000000f3c00000)
  object space 106240K, 50% used [0x00000000ebc00000,0x00000000ef0bafe0,0x00000000f23c0000)
Event: 181.297 GC heap after
Heap after GC invocations=57 (full 2):
 PSYoungGen      total 39616K, used 1895K [0x00000000fcf00000, 0x00000000fff60000, 0x0000000100000000)
  eden space 30016K, 0% used [0x00000000fcf00000,0x00000000fcf00000,0x00000000fec50000)
  from space 9600K, 19% used [0x00000000fec50000,0x00000000fee29f88,0x00000000ff5b0000)
  to   space 9536K, 0% used [0x00000000ff610000,0x00000000ff610000,0x00000000fff60000)
 ParOldGen       total 77504K, used 52467K [0x00000000f3c00000, 0x00000000f87b0000, 0x00000000fcf00000)
  object space 77504K, 67% used [0x00000000f3c00000,0x00000000f6f3cc70,0x00000000f87b0000)
 PSPermGen       total 106240K, used 53995K [0x00000000ebc00000, 0x00000000f23c0000, 0x00000000f3c00000)
  object space 106240K, 50% used [0x00000000ebc00000,0x00000000ef0bafe0,0x00000000f23c0000)
}

Deoptimization events (10 events):
Event: 123.430 Thread 0x0000000060a1b000 Uncommon trap -58 fr.pc 0x0000000029cd7ec0
Event: 124.173 Thread 0x00000000607e4800 Uncommon trap -58 fr.pc 0x0000000029d99b18
Event: 127.171 Thread 0x00000000607e4800 Uncommon trap -58 fr.pc 0x0000000029d99b18
Event: 138.963 Thread 0x0000000060a1b000 Uncommon trap -58 fr.pc 0x0000000029cba06c
Event: 139.787 Thread 0x0000000060a1b000 Uncommon trap -58 fr.pc 0x0000000029cba06c
Event: 145.454 Thread 0x0000000060a1b000 Uncommon trap -34 fr.pc 0x0000000029e1f4bc
Event: 145.454 Thread 0x0000000060a1b000 Uncommon trap -34 fr.pc 0x0000000029e1f4bc
Event: 145.454 Thread 0x0000000060a1b000 Uncommon trap -34 fr.pc 0x0000000029e1f4bc
Event: 145.454 Thread 0x0000000060a1b000 Uncommon trap -34 fr.pc 0x0000000029e1f4bc
Event: 183.419 Thread 0x0000000060a1b000 Uncommon trap -83 fr.pc 0x0000000029c1cf10

Internal exceptions (10 events):
Event: 183.436 Thread 0x000000000eaef800 Threw 0x00000000fd2f8ff8 at C:\jdk7u2_64p\jdk7u25\hotspot\src\share\vm\prims\jvm.cpp:1235
Event: 183.436 Thread 0x000000000eaef800 Threw 0x00000000fd303248 at C:\jdk7u2_64p\jdk7u25\hotspot\src\share\vm\prims\jvm.cpp:1235
Event: 183.436 Thread 0x000000000eaef800 Threw 0x00000000fd303668 at C:\jdk7u2_64p\jdk7u25\hotspot\src\share\vm\prims\jvm.cpp:1235
Event: 183.436 Thread 0x000000000eaef800 Threw 0x00000000fd30d8a0 at C:\jdk7u2_64p\jdk7u25\hotspot\src\share\vm\prims\jvm.cpp:1235
Event: 183.450 Thread 0x000000000eaef800 Threw 0x00000000fd30dea8 at C:\jdk7u2_64p\jdk7u25\hotspot\src\share\vm\prims\jvm.cpp:1235
Event: 183.450 Thread 0x000000000eaef800 Threw 0x00000000fd364948 at C:\jdk7u2_64p\jdk7u25\hotspot\src\share\vm\prims\jvm.cpp:1235
Event: 183.450 Thread 0x000000000eaef800 Threw 0x00000000fd364c78 at C:\jdk7u2_64p\jdk7u25\hotspot\src\share\vm\prims\jvm.cpp:1235
Event: 183.450 Thread 0x000000000eaef800 Threw 0x00000000fd374de8 at C:\jdk7u2_64p\jdk7u25\hotspot\src\share\vm\prims\jvm.cpp:1235
Event: 183.450 Thread 0x000000000eaef800 Threw 0x00000000fd375240 at C:\jdk7u2_64p\jdk7u25\hotspot\src\share\vm\prims\jvm.cpp:1235
Event: 183.450 Thread 0x000000000eaef800 Threw 0x00000000fd385318 at C:\jdk7u2_64p\jdk7u25\hotspot\src\share\vm\prims\jvm.cpp:1235

Events (10 events):
Event: 184.183 Thread 0x00000000607e3800 Thread added: 0x00000000607e3800
Event: 184.185 Thread 0x00000000607ef000 Thread added: 0x00000000607ef000
Event: 184.186 Thread 0x00000000607ef000 Thread exited: 0x00000000607ef000
Event: 184.195 Thread 0x00000000607ef000 Thread added: 0x00000000607ef000
Event: 184.209 Thread 0x00000000607ee000 Thread added: 0x00000000607ee000
Event: 184.210 Thread 0x00000000607ef000 Thread exited: 0x00000000607ef000
Event: 184.219 Thread 0x00000000607ee000 Thread exited: 0x00000000607ee000
Event: 184.288 Thread 0x00000000607e3800 Thread exited: 0x00000000607e3800
Event: 184.300 Thread 0x00000000607e3800 Thread added: 0x00000000607e3800
Event: 184.310 Thread 0x00000000607e3800 Thread exited: 0x00000000607e3800


Dynamic libraries:
0x000000013f210000 - 0x000000013f242000 	C:\Program Files\MATLAB\R2012a\bin\win64\MATLAB.exe
0x0000000077c20000 - 0x0000000077dc9000 	C:\Windows\SYSTEM32\ntdll.dll
0x0000000077b00000 - 0x0000000077c1f000 	C:\Windows\system32\kernel32.dll
0x000007fefd0e0000 - 0x000007fefd14b000 	C:\Windows\system32\KERNELBASE.dll
0x0000000074460000 - 0x0000000074554000 	C:\Program Files\MATLAB\R2012a\bin\win64\libut.dll
0x00000000758a0000 - 0x0000000075952000 	C:\Program Files\MATLAB\R2012a\bin\win64\libmwi18n.dll
0x0000000180000000 - 0x000000018000b000 	C:\Program Files\MATLAB\R2012a\bin\win64\libmwresource_core.dll
0x0000000071c40000 - 0x0000000071d13000 	C:\Windows\WinSxS\amd64_microsoft.vc90.crt_1fc8b3b9a1e18e3b_9.0.30729.4940_none_08e4299fa83d7e3c\MSVCP90.dll
0x0000000071ba0000 - 0x0000000071c3d000 	C:\Windows\WinSxS\amd64_microsoft.vc90.crt_1fc8b3b9a1e18e3b_9.0.30729.4940_none_08e4299fa83d7e3c\MSVCR90.dll
0x000000007a170000 - 0x000000007a19c000 	C:\Program Files\MATLAB\R2012a\bin\win64\boost_filesystem-vc90-mt-1_44.dll
0x000000007a560000 - 0x000000007a569000 	C:\Program Files\MATLAB\R2012a\bin\win64\boost_system-vc90-mt-1_44.dll
0x000007fefd9a0000 - 0x000007fefda7b000 	C:\Windows\system32\ADVAPI32.dll
0x000007fefd730000 - 0x000007fefd7cf000 	C:\Windows\system32\msvcrt.dll
0x000007fefe1b0000 - 0x000007fefe1cf000 	C:\Windows\SYSTEM32\sechost.dll
0x000007fefd870000 - 0x000007fefd99d000 	C:\Windows\system32\RPCRT4.dll
0x000000007a010000 - 0x000000007a035000 	C:\Program Files\MATLAB\R2012a\bin\win64\LIBEXPAT.dll
0x0000000072f40000 - 0x0000000073131000 	C:\Program Files\MATLAB\R2012a\bin\win64\icuin44.dll
0x0000000073c20000 - 0x0000000073d91000 	C:\Program Files\MATLAB\R2012a\bin\win64\icuuc44.dll
0x0000000010000000 - 0x0000000010e41000 	C:\Program Files\MATLAB\R2012a\bin\win64\icudt44.dll
0x0000000073f70000 - 0x00000000740ad000 	C:\Program Files\MATLAB\R2012a\bin\win64\libmwfl.dll
0x0000000004320000 - 0x0000000004616000 	C:\Program Files\MATLAB\R2012a\bin\win64\libmwMATLAB_res.dll
0x000000007a3b0000 - 0x000000007a3c0000 	C:\Program Files\MATLAB\R2012a\bin\win64\boost_date_time-vc90-mt-1_44.dll
0x000000007a250000 - 0x000000007a263000 	C:\Program Files\MATLAB\R2012a\bin\win64\boost_signals-vc90-mt-1_44.dll
0x000000007a2d0000 - 0x000000007a2e2000 	C:\Program Files\MATLAB\R2012a\bin\win64\boost_thread-vc90-mt-1_44.dll
0x00000000041a0000 - 0x00000000041e6000 	C:\Program Files\MATLAB\R2012a\bin\win64\tbb.dll
0x000007feff240000 - 0x000007feff259000 	C:\Windows\system32\imagehlp.dll
0x0000000077de0000 - 0x0000000077de7000 	C:\Windows\system32\PSAPI.DLL
0x0000000079800000 - 0x0000000079813000 	C:\Program Files\MATLAB\R2012a\bin\win64\icuio44.dll
0x000007fef59f0000 - 0x000007fef5b15000 	C:\Windows\system32\dbghelp.dll
0x0000000077a00000 - 0x0000000077afa000 	C:\Windows\system32\USER32.dll
0x000007feff150000 - 0x000007feff1b7000 	C:\Windows\system32\GDI32.dll
0x000007fefe1a0000 - 0x000007fefe1ae000 	C:\Windows\system32\LPK.dll
0x000007fefd160000 - 0x000007fefd229000 	C:\Windows\system32\USP10.dll
0x000000007bed0000 - 0x000000007c183000 	C:\Program Files\MATLAB\R2012a\bin\win64\libmwservices.dll
0x0000000075a20000 - 0x0000000075ae2000 	C:\Program Files\MATLAB\R2012a\bin\win64\libmx.dll
0x000000007a210000 - 0x000000007a228000 	C:\Program Files\MATLAB\R2012a\bin\win64\zlib1.dll
0x0000000004640000 - 0x0000000004661000 	C:\Program Files\MATLAB\R2012a\bin\win64\libmwmfl_scalar.dll
0x0000000075f10000 - 0x0000000075f5d000 	C:\Program Files\MATLAB\R2012a\bin\win64\mpath.dll
0x000000007b680000 - 0x000000007bbe1000 	C:\Program Files\MATLAB\R2012a\bin\win64\mlutil.dll
0x0000000074f80000 - 0x0000000074fff000 	C:\Program Files\MATLAB\R2012a\bin\win64\xmlcore.dll
0x000000007bc30000 - 0x000000007be83000 	C:\Program Files\MATLAB\R2012a\bin\win64\xerces-c_2_7.dll
0x000007fefd660000 - 0x000007fefd6ad000 	C:\Windows\system32\WS2_32.dll
0x000007feff140000 - 0x000007feff148000 	C:\Windows\system32\NSI.dll
0x00000000046c0000 - 0x00000000046da000 	C:\Program Files\MATLAB\R2012a\bin\win64\libmwMATLAB_settings_res.dll
0x00000000046f0000 - 0x0000000004737000 	C:\Program Files\MATLAB\R2012a\bin\win64\boost_serialization-vc90-mt-1_44.dll
0x000007fefe3b0000 - 0x000007feff138000 	C:\Windows\system32\SHELL32.dll
0x000007fefd6b0000 - 0x000007fefd721000 	C:\Windows\system32\SHLWAPI.dll
0x000007fef9770000 - 0x000007fef9810000 	C:\Windows\WinSxS\amd64_microsoft.windows.common-controls_6595b64144ccf1df_5.82.7601.17514_none_a4d6a923711520a9\COMCTL32.dll
0x000007fefd7d0000 - 0x000007fefd867000 	C:\Windows\system32\COMDLG32.dll
0x000007fefac50000 - 0x000007fefac66000 	C:\Windows\system32\NETAPI32.dll
0x000007fefac40000 - 0x000007fefac4c000 	C:\Windows\system32\netutils.dll
0x000007fefcaf0000 - 0x000007fefcb13000 	C:\Windows\system32\srvcli.dll
0x000007fefac20000 - 0x000007fefac35000 	C:\Windows\system32\wkscli.dll
0x000007fefde80000 - 0x000007fefe083000 	C:\Windows\system32\ole32.dll
0x000007fefdd10000 - 0x000007fefdde7000 	C:\Windows\system32\OLEAUT32.dll
0x0000000074970000 - 0x0000000074b06000 	C:\Program Files\MATLAB\R2012a\bin\win64\mcr.dll
0x0000000075000000 - 0x000000007536b000 	C:\Program Files\MATLAB\R2012a\bin\win64\iqm.dll
0x0000000004770000 - 0x0000000004f91000 	C:\Program Files\MATLAB\R2012a\bin\win64\m_interpreter.dll
0x0000000079e70000 - 0x0000000079e95000 	C:\Program Files\MATLAB\R2012a\bin\win64\libmex.dll
0x0000000074700000 - 0x00000000747b3000 	C:\Program Files\MATLAB\R2012a\bin\win64\m_dispatcher.dll
0x0000000074880000 - 0x000000007496d000 	C:\Program Files\MATLAB\R2012a\bin\win64\boost_regex-vc90-mt-1_44.dll
0x0000000074b60000 - 0x0000000074be4000 	C:\Program Files\MATLAB\R2012a\bin\win64\profiler.dll
0x0000000004ff0000 - 0x0000000005245000 	C:\Program Files\MATLAB\R2012a\bin\win64\libmwmathutil.dll
0x0000000079f40000 - 0x0000000079f6d000 	C:\Program Files\MATLAB\R2012a\bin\win64\libmwmathrng.dll
0x0000000074c10000 - 0x0000000074ced000 	C:\Program Files\MATLAB\R2012a\bin\win64\libmwmathcore.dll
0x0000000076160000 - 0x00000000761cb000 	C:\Program Files\MATLAB\R2012a\bin\win64\libmwspmatrix.dll
0x0000000075ea0000 - 0x0000000075f02000 	C:\Program Files\MATLAB\R2012a\bin\win64\libmwcholmod.dll
0x000000007a460000 - 0x000000007a46d000 	C:\Program Files\MATLAB\R2012a\bin\win64\libmwamd.dll
0x000000007a4b0000 - 0x000000007a4bc000 	C:\Program Files\MATLAB\R2012a\bin\win64\libmwcolamd.dll
0x0000000079590000 - 0x00000000795a9000 	C:\Program Files\MATLAB\R2012a\bin\win64\libmwblas.dll
0x00000000796b0000 - 0x00000000796c2000 	C:\Program Files\MATLAB\R2012a\bin\win64\libmwbinder.dll
0x000000007a2c0000 - 0x000000007a2cb000 	C:\Program Files\MATLAB\R2012a\bin\win64\libmwompwrapper.dll
0x00000000757a0000 - 0x0000000075826000 	C:\Program Files\MATLAB\R2012a\bin\win64\libmwlapack.dll
0x0000000079c70000 - 0x0000000079c91000 	C:\Program Files\MATLAB\R2012a\bin\win64\m_pcodeio.dll
0x0000000079b10000 - 0x0000000079b77000 	C:\Program Files\MATLAB\R2012a\bin\win64\m_ir.dll
0x00000000788e0000 - 0x0000000078f30000 	C:\Program Files\MATLAB\R2012a\bin\win64\m_parser.dll
0x0000000005330000 - 0x000000000534a000 	C:\Program Files\MATLAB\R2012a\bin\win64\ir_xfmr.dll
0x000000007ac20000 - 0x000000007ae99000 	C:\Program Files\MATLAB\R2012a\bin\win64\mcos.dll
0x0000000005370000 - 0x000000000537c000 	C:\Program Files\MATLAB\R2012a\bin\win64\mtok.dll
0x00000000796d0000 - 0x0000000079701000 	C:\Program Files\MATLAB\R2012a\bin\win64\m_pcodegen.dll
0x0000000079fb0000 - 0x0000000079fe7000 	C:\Program Files\MATLAB\R2012a\bin\win64\libmwbridge.dll
0x0000000074150000 - 0x0000000074218000 	C:\Program Files\MATLAB\R2012a\bin\win64\udd.dll
0x00000000735e0000 - 0x0000000073732000 	C:\Program Files\MATLAB\R2012a\bin\win64\libmwgui.dll
0x0000000079bc0000 - 0x0000000079bd7000 	C:\Program Files\MATLAB\R2012a\bin\win64\graphics_util.dll
0x00000000053e0000 - 0x0000000005d83000 	C:\Program Files\MATLAB\R2012a\bin\win64\hg.dll
0x0000000005da0000 - 0x0000000005e07000 	C:\Program Files\MATLAB\R2012a\bin\win64\libmat.dll
0x0000000005e20000 - 0x0000000006034000 	C:\Program Files\MATLAB\R2012a\bin\win64\hdf5dll.dll
0x0000000006050000 - 0x0000000006101000 	C:\Program Files\MATLAB\R2012a\bin\win64\jmi.dll
0x0000000006120000 - 0x000000000612e000 	C:\Program Files\MATLAB\R2012a\bin\win64\nativejava_services.dll
0x0000000075ba0000 - 0x0000000075be2000 	C:\Program Files\MATLAB\R2012a\bin\win64\libmwhardcopy.dll
0x0000000006150000 - 0x00000000061aa000 	C:\Program Files\MATLAB\R2012a\bin\win64\libuij.dll
0x0000000072910000 - 0x0000000072b1c000 	C:\Program Files\MATLAB\R2012a\bin\win64\hgdatatypes.dll
0x00000000061d0000 - 0x00000000062cd000 	C:\Program Files\MATLAB\R2012a\bin\win64\hgutils.dll
0x00000000062e0000 - 0x000000000639d000 	C:\Program Files\MATLAB\R2012a\bin\win64\udd_mi.dll
0x00000000063b0000 - 0x00000000063eb000 	C:\Program Files\MATLAB\R2012a\bin\win64\libmwgbtutils.dll
0x0000000006400000 - 0x0000000006419000 	C:\Program Files\MATLAB\R2012a\bin\win64\libmwgbt.dll
0x0000000006430000 - 0x00000000066fa000 	C:\Program Files\MATLAB\R2012a\bin\win64\uiw.dll
0x00000000795c0000 - 0x00000000795cf000 	C:\Program Files\MATLAB\R2012a\bin\win64\uinone.dll
0x000007fef6950000 - 0x000007fef6968000 	C:\Windows\system32\MPR.dll
0x0000000078070000 - 0x0000000078554000 	C:\Windows\WinSxS\amd64_microsoft.vc90.mfc_1fc8b3b9a1e18e3b_9.0.30729.4148_none_04480933ab2137b1\mfc90.dll
0x000007fefa620000 - 0x000007fefa627000 	C:\Windows\system32\MSIMG32.dll
0x000007fef96f0000 - 0x000007fef9761000 	C:\Windows\system32\WINSPOOL.DRV
0x0000000079ec0000 - 0x0000000079ee0000 	C:\Program Files\MATLAB\R2012a\bin\win64\mwoles05.DLL
0x0000000006730000 - 0x00000000067ac000 	C:\Program Files\MATLAB\R2012a\bin\win64\comcli.dll
0x00000000790f0000 - 0x000000007911f000 	C:\Windows\WinSxS\amd64_microsoft.vc90.atl_1fc8b3b9a1e18e3b_9.0.30729.4148_none_0a1d2fcba76b3f00\ATL90.DLL
0x00000000067c0000 - 0x00000000067cc000 	C:\Program Files\MATLAB\R2012a\bin\win64\mlautoregister.dll
0x00000000067e0000 - 0x00000000067f0000 	C:\Program Files\MATLAB\R2012a\bin\win64\boost_iostreams-vc90-mt-1_44.dll
0x000007fefcc00000 - 0x000007fefcc57000 	C:\Windows\system32\apphelp.dll
0x000007fee1ac0000 - 0x000007fee1b11000 	C:\Windows\AppPatch\AppPatch64\AcGenral.DLL
0x000007fefcbd0000 - 0x000007fefcbf5000 	C:\Windows\system32\SspiCli.dll
0x0000000071380000 - 0x0000000071383000 	C:\Windows\system32\sfc.dll
0x000007fef85a0000 - 0x000007fef85b0000 	C:\Windows\system32\sfc_os.DLL
0x000007fefc020000 - 0x000007fefc03e000 	C:\Windows\system32\USERENV.dll
0x000007fefcd30000 - 0x000007fefcd3f000 	C:\Windows\system32\profapi.dll
0x000007fefaf40000 - 0x000007fefaf58000 	C:\Windows\system32\dwmapi.dll
0x000007fefddf0000 - 0x000007fefde1e000 	C:\Windows\system32\IMM32.DLL
0x000007fefe090000 - 0x000007fefe199000 	C:\Windows\system32\MSCTF.dll
0x000007fefb310000 - 0x000007fefb366000 	C:\Windows\system32\UxTheme.dll
0x0000000006870000 - 0x0000000006899000 	C:\Program Files\MATLAB\R2012a\bin\win64\tbbmalloc.dll
0x000000006e910000 - 0x000000006f01f000 	C:\Program\Java\jre7\bin\server\jvm.dll
0x000007fee9430000 - 0x000007fee9439000 	C:\Windows\system32\WSOCK32.dll
0x000007fefa7e0000 - 0x000007fefa81b000 	C:\Windows\system32\WINMM.dll
0x00000000713a0000 - 0x0000000071472000 	C:\Windows\system32\MSVCR100.dll
0x000007fefa450000 - 0x000007fefa477000 	C:\Windows\system32\iphlpapi.dll
0x000007fefa440000 - 0x000007fefa44b000 	C:\Windows\system32\WINNSI.DLL
0x000007fefc3e0000 - 0x000007fefc43b000 	C:\Windows\system32\DNSAPI.dll
0x000007fefa070000 - 0x000007fefa081000 	C:\Windows\system32\dhcpcsvc6.DLL
0x000007fefa050000 - 0x000007fefa068000 	C:\Windows\system32\dhcpcsvc.DLL

VM Arguments:
jvm_args: -Xss512k -XX:PermSize=32m -Xms64m -XX:NewRatio=3 -XX:MaxPermSize=128m -Xmx196m -XX:MaxDirectMemorySize=2147400000 -Dsun.java2d.noddraw=true -Dsun.awt.nopixfmt=true -Xshare:off -Xrs -Dsun.awt.disableMixing=true -Djava.library.path=C:\Program Files\MATLAB\R2012a\bin\win64 vfprintf abort 
java_command: <unknown>
Launcher Type: generic

Environment Variables:
PATH=C:\Program Files (x86)\NVIDIA Corporation\PhysX\Common;C:\Program Files (x86)\AMD APP\bin\x86_64;C:\Program Files (x86)\AMD APP\bin\x86;C:\Users\wande\Documents\AMD APP\bin\x86_64;C:\Users\wande\Documents\AMD APP\bin\x86;C:\Program Files\NVIDIA GPU Computing Toolkit\CUDA\v5.0\bin\;C:\Program Files\NVIDIA GPU Computing Toolkit\CUDA\v5.0\libnvvp\;C:\Program Files\Common Files\Microsoft Shared\Windows Live;C:\Program Files (x86)\Common Files\Microsoft Shared\Windows Live;C:\Windows\system32;C:\Windows;C:\Windows\System32\Wbem;C:\Windows\System32\WindowsPowerShell\v1.0\;C:\Program Files\Intel\DMIX;C:\Program Files (x86)\Windows Live\Shared;C:\Program Files (x86)\Microsoft SQL Server\100\Tools\Binn\;C:\Program Files\Microsoft SQL Server\100\Tools\Binn\;C:\Program Files\Microsoft SQL Server\100\DTS\Binn\;C:\Program Files (x86)\Windows Kits\8.0\Windows Performance Toolkit\;C:\Program Files\Microsoft SQL Server\110\Tools\Binn\;C:\Program Files (x86)\MiKTeX 2.9\miktex\bin\;C:\Program Files\MATLAB\R2012a\runtime\win64;C:\Program Files\MATLAB\R2012a\bin;C:\Program Files (x86)\Intel\OpenCL SDK\3.0\bin\x86;C:\Program Files (x86)\Intel\OpenCL SDK\3.0\bin\x64;C:\Program Files (x86)\ATI Technologies\ATI.ACE\Core-Static
USERNAME=wande
OS=Windows_NT
PROCESSOR_IDENTIFIER=Intel64 Family 6 Model 42 Stepping 7, GenuineIntel



---------------  S Y S T E M  ---------------

OS: Windows 7 , 64 bit Build 7601 Service Pack 1

CPU:total 8 (4 cores per cpu, 2 threads per core) family 6 model 42 stepping 7, cmov, cx8, fxsr, mmx, sse, sse2, sse3, ssse3, sse4.1, sse4.2, popcnt, avx, ht, tsc, tscinvbit

Memory: 4k page, physical 16753632k(11096832k free), swap 33505404k(25432116k free)

vm_info: Java HotSpot(TM) 64-Bit Server VM (23.25-b01) for windows-amd64 JRE (1.7.0_25-b17), built on Jun 21 2013 12:58:32 by "java_re" with unknown MS VC++:1600

time: Wed Sep 04 18:49:59 2013
elapsed time: 187 seconds

