#
# A fatal error has been detected by the Java Runtime Environment:
#
#  EXCEPTION_ACCESS_VIOLATION (0xc0000005) at pc=0x00000000772d45d3, pid=6912, tid=1376
#
# JRE version: 7.0_25-b17
# Java VM: Java HotSpot(TM) 64-Bit Server VM (23.25-b01 mixed mode windows-amd64 compressed oops)
# Problematic frame:
# C  [ntdll.dll+0x245d3]
#
# Failed to write core dump. Minidumps are not enabled by default on client versions of Windows
#
# If you would like to submit a bug report, please visit:
#   http://bugreport.sun.com/bugreport/crash.jsp
#

---------------  T H R E A D  ---------------

Current thread (0x000000004dfb9000):  WatcherThread [stack: 0x000000005f6c0000,0x00000000636c0000] [id=1376]

siginfo: ExceptionCode=0xc0000005, reading address 0xffffffffffffffff

Registers:
RAX=0x0000000017bbe79c, RBX=0x00000000000007ff, RCX=0x0000000000000100, RDX=0x0000000000000010
RSP=0x00000000636befe0, RBP=0x000000000d1d0158, RSI=0x3f3b91f7be7f33b3, RDI=0x000000000d1d0000
R8 =0x0000000000000144, R9 =0x0000000000000188, R10=0x000000000d1d3b60, R11=0x000000000d1d0158
R12=0x0000000000000001, R13=0x0000000073a645f0, R14=0x0000000000000000, R15=0x0000000000000000
RIP=0x00000000772d45d3, EFLAGS=0x0000000000010206

Top of Stack: (sp=0x00000000636befe0)
0x00000000636befe0:   0000000000000144 0000000072fd5000
0x00000000636beff0:   000000000d1d0158 000000000d1d0000
0x00000000636bf000:   000000007366dd20 00000000636bf088
0x00000000636bf010:   0000000000000000 0000000000000000
0x00000000636bf020:   0000000000104000 000000007366e000
0x00000000636bf030:   0000000000000000 0000000073a645e0
0x00000000636bf040:   00000000737727a0 0000000000000000
0x00000000636bf050:   0000000000000000 0000000000000000
0x00000000636bf060:   0000000000000000 00000000f90107ff
0x00000000636bf070:   0000000000000000 0000000000000000
0x00000000636bf080:   0000000000000000 000000000000002a
0x00000000636bf090:   0000000073a6c5d0 0000000000000002
0x00000000636bf0a0:   000000000d1d0000 00000000772fe256
0x00000000636bf0b0:   00000000023cd100 0000000073a645e0
0x00000000636bf0c0:   00000000000007ff 000000000d1d0000
0x00000000636bf0d0:   0000000000000000 0000000000000000 

Instructions: (pc=0x00000000772d45d3)
0x00000000772d45b3:   75 08 48 3b f5 74 66 48 89 94 24 d0 00 00 00 b9
0x00000000772d45c3:   00 01 00 00 83 7f 7c 00 74 1c 8b 87 88 00 00 00
0x00000000772d45d3:   31 46 f8 0f b6 46 fa 32 46 f9 32 46 f8 38 46 fb
0x00000000772d45e3:   0f 85 82 8a 04 00 66 39 4e f8 0f 87 44 d0 ff ff 


Register to memory mapping:

RAX=0x0000000017bbe79c is an unknown value
RBX=0x00000000000007ff is an unknown value
RCX=0x0000000000000100 is an unknown value
RDX=0x0000000000000010 is an unknown value
RSP=0x00000000636befe0 is an unknown value
RBP=0x000000000d1d0158 is an unknown value
RSI=0x3f3b91f7be7f33b3 is an unknown value
RDI=0x000000000d1d0000 is an unknown value
R8 =0x0000000000000144 is an unknown value
R9 =0x0000000000000188 is an unknown value
R10=0x000000000d1d3b60 is an unknown value
R11=0x000000000d1d0158 is an unknown value
R12=0x0000000000000001 is an unknown value
R13=0x0000000073a645f0 is an unknown value
R14=0x0000000000000000 is an unknown value
R15=0x0000000000000000 is an unknown value


Stack: [0x000000005f6c0000,0x00000000636c0000],  sp=0x00000000636befe0,  free space=65531k
Native frames: (J=compiled Java code, j=interpreted, Vv=VM code, C=native code)
C  [ntdll.dll+0x245d3]


---------------  P R O C E S S  ---------------

Java Threads: ( => current thread )
  0x000000004f04d800 JavaThread "Inactive RequestProcessor thread [Was:TimedSoftReference/org.openide.util.TimedSoftReference]" daemon [_thread_blocked, id=7532, stack(0x0000000025820000,0x00000000258a0000)]
  0x000000004f058800 JavaThread "Code Analyzer updating thread" [_thread_blocked, id=6608, stack(0x0000000071190000,0x0000000071210000)]
  0x000000004f058000 JavaThread "Code Analyzer updating thread" [_thread_blocked, id=10308, stack(0x00000000710f0000,0x0000000071170000)]
  0x000000004f057000 JavaThread "Code Analyzer updating thread" [_thread_blocked, id=6156, stack(0x0000000071010000,0x0000000071090000)]
  0x000000004f056800 JavaThread "Code Analyzer updating thread" [_thread_blocked, id=3664, stack(0x0000000070e50000,0x0000000070ed0000)]
  0x000000004f055800 JavaThread "Code Analyzer updating thread" [_thread_blocked, id=10428, stack(0x0000000070f10000,0x0000000070f90000)]
  0x000000004f055000 JavaThread "Code Analyzer updating thread" [_thread_blocked, id=10024, stack(0x0000000070c00000,0x0000000070c80000)]
  0x000000004f054000 JavaThread "Code Analyzer updating thread" [_thread_blocked, id=10216, stack(0x0000000070b20000,0x0000000070ba0000)]
  0x000000004f053800 JavaThread "Code Analyzer updating thread" [_thread_blocked, id=11028, stack(0x0000000070dd0000,0x0000000070e50000)]
  0x000000004f052800 JavaThread "Code Analyzer updating thread" [_thread_blocked, id=8496, stack(0x000000001d0f0000,0x000000001d170000)]
  0x000000004f052000 JavaThread "Active Reference Queue Daemon" daemon [_thread_blocked, id=9704, stack(0x0000000067820000,0x00000000678a0000)]
  0x000000004f051000 JavaThread "Timer-9" daemon [_thread_blocked, id=3712, stack(0x0000000070920000,0x00000000709a0000)]
  0x000000004f04f800 JavaThread "Timer-8" daemon [_thread_blocked, id=7912, stack(0x0000000070870000,0x00000000708f0000)]
  0x000000004f04e000 JavaThread "Explorer NavigationContext request queue" [_thread_blocked, id=7816, stack(0x00000000709a0000,0x0000000070a20000)]
  0x000000004f04c000 JavaThread "AddressBar directory emptiness poller" [_thread_blocked, id=7116, stack(0x000000004fd10000,0x000000004fd90000)]
  0x000000004f04a800 JavaThread "Timer-1" [_thread_blocked, id=10460, stack(0x00000000706f0000,0x0000000070770000)]
  0x000000004f049800 JavaThread "TimerQueue" daemon [_thread_blocked, id=6688, stack(0x000000003c910000,0x000000003c990000)]
  0x000000004ee40800 JavaThread "FelixPackageAdmin" daemon [_thread_blocked, id=9280, stack(0x000000004fba0000,0x000000004fc20000)]
  0x000000004ee53800 JavaThread "FelixStartLevel" daemon [_thread_blocked, id=10044, stack(0x000000004fae0000,0x000000004fb60000)]
  0x000000004ee52800 JavaThread "FelixDispatchQueue" daemon [_thread_blocked, id=10844, stack(0x0000000015010000,0x0000000015090000)]
  0x000000004eab8000 JavaThread "AWT-EventQueue-0" [_thread_blocked, id=1744, stack(0x0000000008900000,0x0000000008980000)]
  0x000000004ead5800 JavaThread "com.google.common.base.internal.Finalizer" daemon [_thread_blocked, id=6580, stack(0x0000000008840000,0x00000000088c0000)]
  0x000000004ebc8800 JavaThread "AWT-Windows" daemon [_thread_in_native, id=9028, stack(0x00000000083e0000,0x0000000008460000)]
  0x000000004ea69800 JavaThread "AWT-Shutdown" [_thread_blocked, id=4872, stack(0x0000000008300000,0x0000000008380000)]
  0x000000004ea69000 JavaThread "Java2D Disposer" daemon [_thread_blocked, id=10124, stack(0x00000000080e0000,0x0000000008160000)]
  0x000000004e830800 JavaThread "Timer-0" [_thread_blocked, id=3032, stack(0x0000000007ea0000,0x0000000007f20000)]
  0x000000004e7ae000 JavaThread "EventMgr Dispatcher" daemon [_thread_in_native, id=10780, stack(0x0000000010ee0000,0x0000000014ee0000)]
  0x000000004df61800 JavaThread "Service Thread" daemon [_thread_blocked, id=8336, stack(0x000000000fab0000,0x000000000fb30000)]
  0x000000004df5e800 JavaThread "C2 CompilerThread1" daemon [_thread_blocked, id=9424, stack(0x000000005b6c0000,0x000000005f6c0000)]
  0x000000004df59800 JavaThread "C2 CompilerThread0" daemon [_thread_blocked, id=8392, stack(0x0000000057620000,0x000000005b620000)]
  0x000000004df59000 JavaThread "Attach Listener" daemon [_thread_blocked, id=8272, stack(0x00000000211f0000,0x0000000021270000)]
  0x000000000fd13800 JavaThread "Finalizer" daemon [_thread_blocked, id=8304, stack(0x000000002c2f0000,0x000000002c370000)]
  0x000000000fd0b800 JavaThread "Reference Handler" daemon [_thread_blocked, id=4852, stack(0x0000000010e50000,0x0000000010ed0000)]
  0x000000000d1df800 JavaThread "main" [_thread_in_native, id=1680, stack(0x00000000001d0000,0x00000000041d0000)]

Other Threads:
  0x000000000fd03000 VMThread [stack: 0x0000000053480000,0x0000000057480000] [id=10832]
=>0x000000004dfb9000 WatcherThread [stack: 0x000000005f6c0000,0x00000000636c0000] [id=1376]

VM state:not at safepoint (normal execution)

VM Mutex/Monitor currently owned by a thread: None

Heap
 PSYoungGen      total 17600K, used 15114K [0x00000000fcf00000, 0x00000000ffef0000, 0x0000000100000000)
  eden space 16768K, 85% used [0x00000000fcf00000,0x00000000fdcfc420,0x00000000fdf60000)
  from space 832K, 95% used [0x00000000fdf60000,0x00000000fe026620,0x00000000fe030000)
  to   space 16064K, 0% used [0x00000000fef40000,0x00000000fef40000,0x00000000ffef0000)
 ParOldGen       total 92288K, used 53585K [0x00000000f3c00000, 0x00000000f9620000, 0x00000000fcf00000)
  object space 92288K, 58% used [0x00000000f3c00000,0x00000000f70545c8,0x00000000f9620000)
 PSPermGen       total 107136K, used 52469K [0x00000000ebc00000, 0x00000000f24a0000, 0x00000000f3c00000)
  object space 107136K, 48% used [0x00000000ebc00000,0x00000000eef3d660,0x00000000f24a0000)

Card table byte_map: [0x000000000ec20000,0x000000000ecd0000] byte_map_base: 0x000000000e4c2000

Polling page: 0x0000000005620000

Code Cache  [0x00000000292b0000, 0x0000000029610000, 0x000000002c2b0000)
 total_blobs=1784 nmethods=1159 adapters=574 free_code_cache=45827Kb largest_free_block=46807168

Compilation events (10 events):
Event: 50.272 Thread 0x000000004df59800 1235             javax.swing.text.View::getDocument (10 bytes)
Event: 50.272 Thread 0x000000004df59800 nmethod 1235 0x000000002944f750 code [0x000000002944f8a0, 0x000000002944f918]
Event: 51.144 Thread 0x000000004df5e800   25 % !         javax.swing.text.PlainDocument::insertUpdate @ 124 (423 bytes)
Event: 51.223 Thread 0x000000004df5e800 nmethod 25% 0x00000000295f19d0 code [0x00000000295f1da0, 0x00000000295f6890]
Event: 51.595 Thread 0x000000004df59800 1236   !         javax.swing.text.PlainDocument::insertUpdate (423 bytes)
Event: 51.694 Thread 0x000000004df59800 nmethod 1236 0x0000000029601b50 code [0x0000000029601fc0, 0x0000000029607e00]
Event: 53.315 Thread 0x000000004df5e800 1237             sun.java2d.pipe.Region::getIntersectionXYXY (108 bytes)
Event: 53.315 Thread 0x000000004df59800 1238             sun.java2d.pipe.Region::isInsideXYXY (39 bytes)
Event: 53.315 Thread 0x000000004df59800 nmethod 1238 0x000000002944f550 code [0x000000002944f680, 0x000000002944f6f8]
Event: 53.316 Thread 0x000000004df5e800 nmethod 1237 0x00000000295dd350 code [0x00000000295dd4a0, 0x00000000295dd638]

GC Heap History (10 events):
Event: 9.651 GC heap before
{Heap before GC invocations=43 (full 2):
 PSYoungGen      total 33472K, used 17585K [0x00000000fcf00000, 0x0000000100000000, 0x0000000100000000)
  eden space 16768K, 100% used [0x00000000fcf00000,0x00000000fdf60000,0x00000000fdf60000)
  from space 16704K, 4% used [0x00000000fefb0000,0x00000000ff07c7e8,0x0000000100000000)
  to   space 16704K, 0% used [0x00000000fdf60000,0x00000000fdf60000,0x00000000fefb0000)
 ParOldGen       total 92288K, used 52749K [0x00000000f3c00000, 0x00000000f9620000, 0x00000000fcf00000)
  object space 92288K, 57% used [0x00000000f3c00000,0x00000000f6f83400,0x00000000f9620000)
 PSPermGen       total 107136K, used 52289K [0x00000000ebc00000, 0x00000000f24a0000, 0x00000000f3c00000)
  object space 107136K, 48% used [0x00000000ebc00000,0x00000000eef10778,0x00000000f24a0000)
Event: 9.653 GC heap after
Heap after GC invocations=43 (full 2):
 PSYoungGen      total 33472K, used 612K [0x00000000fcf00000, 0x0000000100000000, 0x0000000100000000)
  eden space 16768K, 0% used [0x00000000fcf00000,0x00000000fcf00000,0x00000000fdf60000)
  from space 16704K, 3% used [0x00000000fdf60000,0x00000000fdff92b8,0x00000000fefb0000)
  to   space 16704K, 0% used [0x00000000fefb0000,0x00000000fefb0000,0x0000000100000000)
 ParOldGen       total 92288K, used 53013K [0x00000000f3c00000, 0x00000000f9620000, 0x00000000fcf00000)
  object space 92288K, 57% used [0x00000000f3c00000,0x00000000f6fc5400,0x00000000f9620000)
 PSPermGen       total 107136K, used 52289K [0x00000000ebc00000, 0x00000000f24a0000, 0x00000000f3c00000)
  object space 107136K, 48% used [0x00000000ebc00000,0x00000000eef10778,0x00000000f24a0000)
}
Event: 9.748 GC heap before
{Heap before GC invocations=44 (full 2):
 PSYoungGen      total 33472K, used 17380K [0x00000000fcf00000, 0x0000000100000000, 0x0000000100000000)
  eden space 16768K, 100% used [0x00000000fcf00000,0x00000000fdf60000,0x00000000fdf60000)
  from space 16704K, 3% used [0x00000000fdf60000,0x00000000fdff92b8,0x00000000fefb0000)
  to   space 16704K, 0% used [0x00000000fefb0000,0x00000000fefb0000,0x0000000100000000)
 ParOldGen       total 92288K, used 53013K [0x00000000f3c00000, 0x00000000f9620000, 0x00000000fcf00000)
  object space 92288K, 57% used [0x00000000f3c00000,0x00000000f6fc5400,0x00000000f9620000)
 PSPermGen       total 107136K, used 52342K [0x00000000ebc00000, 0x00000000f24a0000, 0x00000000f3c00000)
  object space 107136K, 48% used [0x00000000ebc00000,0x00000000eef1d968,0x00000000f24a0000)
Event: 9.750 GC heap after
Heap after GC invocations=44 (full 2):
 PSYoungGen      total 33472K, used 544K [0x00000000fcf00000, 0x0000000100000000, 0x0000000100000000)
  eden space 16768K, 0% used [0x00000000fcf00000,0x00000000fcf00000,0x00000000fdf60000)
  from space 16704K, 3% used [0x00000000fefb0000,0x00000000ff038000,0x0000000100000000)
  to   space 16704K, 0% used [0x00000000fdf60000,0x00000000fdf60000,0x00000000fefb0000)
 ParOldGen       total 92288K, used 53207K [0x00000000f3c00000, 0x00000000f9620000, 0x00000000fcf00000)
  object space 92288K, 57% used [0x00000000f3c00000,0x00000000f6ff5d88,0x00000000f9620000)
 PSPermGen       total 107136K, used 52342K [0x00000000ebc00000, 0x00000000f24a0000, 0x00000000f3c00000)
  object space 107136K, 48% used [0x00000000ebc00000,0x00000000eef1d968,0x00000000f24a0000)
}
Event: 10.584 GC heap before
{Heap before GC invocations=45 (full 2):
 PSYoungGen      total 33472K, used 17312K [0x00000000fcf00000, 0x0000000100000000, 0x0000000100000000)
  eden space 16768K, 100% used [0x00000000fcf00000,0x00000000fdf60000,0x00000000fdf60000)
  from space 16704K, 3% used [0x00000000fefb0000,0x00000000ff038000,0x0000000100000000)
  to   space 16704K, 0% used [0x00000000fdf60000,0x00000000fdf60000,0x00000000fefb0000)
 ParOldGen       total 92288K, used 53207K [0x00000000f3c00000, 0x00000000f9620000, 0x00000000fcf00000)
  object space 92288K, 57% used [0x00000000f3c00000,0x00000000f6ff5d88,0x00000000f9620000)
 PSPermGen       total 107136K, used 52377K [0x00000000ebc00000, 0x00000000f24a0000, 0x00000000f3c00000)
  object space 107136K, 48% used [0x00000000ebc00000,0x00000000eef26740,0x00000000f24a0000)
Event: 10.596 GC heap after
Heap after GC invocations=45 (full 2):
 PSYoungGen      total 33472K, used 128K [0x00000000fcf00000, 0x0000000100000000, 0x0000000100000000)
  eden space 16768K, 0% used [0x00000000fcf00000,0x00000000fcf00000,0x00000000fdf60000)
  from space 16704K, 0% used [0x00000000fdf60000,0x00000000fdf80000,0x00000000fefb0000)
  to   space 16704K, 0% used [0x00000000fefb0000,0x00000000fefb0000,0x0000000100000000)
 ParOldGen       total 92288K, used 53537K [0x00000000f3c00000, 0x00000000f9620000, 0x00000000fcf00000)
  object space 92288K, 58% used [0x00000000f3c00000,0x00000000f70485c8,0x00000000f9620000)
 PSPermGen       total 107136K, used 52377K [0x00000000ebc00000, 0x00000000f24a0000, 0x00000000f3c00000)
  object space 107136K, 48% used [0x00000000ebc00000,0x00000000eef26740,0x00000000f24a0000)
}
Event: 14.646 GC heap before
{Heap before GC invocations=46 (full 2):
 PSYoungGen      total 33472K, used 16896K [0x00000000fcf00000, 0x0000000100000000, 0x0000000100000000)
  eden space 16768K, 100% used [0x00000000fcf00000,0x00000000fdf60000,0x00000000fdf60000)
  from space 16704K, 0% used [0x00000000fdf60000,0x00000000fdf80000,0x00000000fefb0000)
  to   space 16704K, 0% used [0x00000000fefb0000,0x00000000fefb0000,0x0000000100000000)
 ParOldGen       total 92288K, used 53537K [0x00000000f3c00000, 0x00000000f9620000, 0x00000000fcf00000)
  object space 92288K, 58% used [0x00000000f3c00000,0x00000000f70485c8,0x00000000f9620000)
 PSPermGen       total 107136K, used 52399K [0x00000000ebc00000, 0x00000000f24a0000, 0x00000000f3c00000)
  object space 107136K, 48% used [0x00000000ebc00000,0x00000000eef2be90,0x00000000f24a0000)
Event: 14.648 GC heap after
Heap after GC invocations=46 (full 2):
 PSYoungGen      total 33344K, used 320K [0x00000000fcf00000, 0x00000000fffe0000, 0x0000000100000000)
  eden space 16768K, 0% used [0x00000000fcf00000,0x00000000fcf00000,0x00000000fdf60000)
  from space 16576K, 1% used [0x00000000fefb0000,0x00000000ff000000,0x00000000fffe0000)
  to   space 16640K, 0% used [0x00000000fdf60000,0x00000000fdf60000,0x00000000fefa0000)
 ParOldGen       total 92288K, used 53585K [0x00000000f3c00000, 0x00000000f9620000, 0x00000000fcf00000)
  object space 92288K, 58% used [0x00000000f3c00000,0x00000000f70545c8,0x00000000f9620000)
 PSPermGen       total 107136K, used 52399K [0x00000000ebc00000, 0x00000000f24a0000, 0x00000000f3c00000)
  object space 107136K, 48% used [0x00000000ebc00000,0x00000000eef2be90,0x00000000f24a0000)
}
Event: 32.611 GC heap before
{Heap before GC invocations=47 (full 2):
 PSYoungGen      total 33344K, used 17088K [0x00000000fcf00000, 0x00000000fffe0000, 0x0000000100000000)
  eden space 16768K, 100% used [0x00000000fcf00000,0x00000000fdf60000,0x00000000fdf60000)
  from space 16576K, 1% used [0x00000000fefb0000,0x00000000ff000000,0x00000000fffe0000)
  to   space 16640K, 0% used [0x00000000fdf60000,0x00000000fdf60000,0x00000000fefa0000)
 ParOldGen       total 92288K, used 53585K [0x00000000f3c00000, 0x00000000f9620000, 0x00000000fcf00000)
  object space 92288K, 58% used [0x00000000f3c00000,0x00000000f70545c8,0x00000000f9620000)
 PSPermGen       total 107136K, used 52423K [0x00000000ebc00000, 0x00000000f24a0000, 0x00000000f3c00000)
  object space 107136K, 48% used [0x00000000ebc00000,0x00000000eef31e80,0x00000000f24a0000)
Event: 32.617 GC heap after
Heap after GC invocations=47 (full 2):
 PSYoungGen      total 17600K, used 793K [0x00000000fcf00000, 0x00000000ffef0000, 0x0000000100000000)
  eden space 16768K, 0% used [0x00000000fcf00000,0x00000000fcf00000,0x00000000fdf60000)
  from space 832K, 95% used [0x00000000fdf60000,0x00000000fe026620,0x00000000fe030000)
  to   space 16064K, 0% used [0x00000000fef40000,0x00000000fef40000,0x00000000ffef0000)
 ParOldGen       total 92288K, used 53585K [0x00000000f3c00000, 0x00000000f9620000, 0x00000000fcf00000)
  object space 92288K, 58% used [0x00000000f3c00000,0x00000000f70545c8,0x00000000f9620000)
 PSPermGen       total 107136K, used 52423K [0x00000000ebc00000, 0x00000000f24a0000, 0x00000000f3c00000)
  object space 107136K, 48% used [0x00000000ebc00000,0x00000000eef31e80,0x00000000f24a0000)
}

Deoptimization events (10 events):
Event: 10.633 Thread 0x000000000d1df800 Uncommon trap -34 fr.pc 0x00000000293df8c4
Event: 10.633 Thread 0x000000000d1df800 Uncommon trap -34 fr.pc 0x000000002947ab74
Event: 11.888 Thread 0x000000004eab8000 Uncommon trap -34 fr.pc 0x000000002953a350
Event: 11.888 Thread 0x000000004eab8000 Uncommon trap -34 fr.pc 0x000000002953a350
Event: 11.888 Thread 0x000000004eab8000 Uncommon trap -34 fr.pc 0x000000002953a350
Event: 11.888 Thread 0x000000004eab8000 Uncommon trap -34 fr.pc 0x000000002953a350
Event: 11.888 Thread 0x000000004eab8000 Uncommon trap -58 fr.pc 0x00000000295688d0
Event: 11.888 Thread 0x000000004eab8000 Uncommon trap -58 fr.pc 0x00000000295688d0
Event: 19.768 Thread 0x000000004eab8000 Uncommon trap -34 fr.pc 0x000000002943a128
Event: 36.204 Thread 0x000000004eab8000 Uncommon trap -34 fr.pc 0x000000002943a128

Internal exceptions (10 events):
Event: 54.145 Thread 0x000000000d1df800 Threw 0x00000000fdc5b4f0 at C:\jdk7u2_64p\jdk7u25\hotspot\src\share\vm\prims\jvm.cpp:1235
Event: 54.146 Thread 0x000000000d1df800 Threw 0x00000000fdc67680 at C:\jdk7u2_64p\jdk7u25\hotspot\src\share\vm\prims\jvm.cpp:1235
Event: 54.146 Thread 0x000000000d1df800 Threw 0x00000000fdc67ab8 at C:\jdk7u2_64p\jdk7u25\hotspot\src\share\vm\prims\jvm.cpp:1235
Event: 54.146 Thread 0x000000000d1df800 Threw 0x00000000fdc73c60 at C:\jdk7u2_64p\jdk7u25\hotspot\src\share\vm\prims\jvm.cpp:1235
Event: 54.152 Thread 0x000000000d1df800 Threw 0x00000000fdc742a0 at C:\jdk7u2_64p\jdk7u25\hotspot\src\share\vm\prims\jvm.cpp:1235
Event: 54.152 Thread 0x000000000d1df800 Threw 0x00000000fdcaa438 at C:\jdk7u2_64p\jdk7u25\hotspot\src\share\vm\prims\jvm.cpp:1235
Event: 54.152 Thread 0x000000000d1df800 Threw 0x00000000fdcaa760 at C:\jdk7u2_64p\jdk7u25\hotspot\src\share\vm\prims\jvm.cpp:1235
Event: 54.152 Thread 0x000000000d1df800 Threw 0x00000000fdcba868 at C:\jdk7u2_64p\jdk7u25\hotspot\src\share\vm\prims\jvm.cpp:1235
Event: 54.152 Thread 0x000000000d1df800 Threw 0x00000000fdcbacb8 at C:\jdk7u2_64p\jdk7u25\hotspot\src\share\vm\prims\jvm.cpp:1235
Event: 54.152 Thread 0x000000000d1df800 Threw 0x00000000fdccad80 at C:\jdk7u2_64p\jdk7u25\hotspot\src\share\vm\prims\jvm.cpp:1235

Events (10 events):
Event: 54.145 loading class 0x000000004fa92dc0
Event: 54.145 loading class 0x000000004fa92dc0 done
Event: 54.146 loading class 0x000000004fa92dc0
Event: 54.146 loading class 0x000000004fa92dc0 done
Event: 54.152 loading class 0x0000000025a71670
Event: 54.152 loading class 0x0000000025a71670 done
Event: 54.152 loading class 0x0000000025a71670
Event: 54.152 loading class 0x0000000025a71670 done
Event: 54.152 loading class 0x0000000025a71670
Event: 54.152 loading class 0x0000000025a71670 done


Dynamic libraries:
0x000000013f4b0000 - 0x000000013f4e2000 	C:\Program Files\MATLAB\R2012a\bin\win64\MATLAB.exe
0x00000000772b0000 - 0x0000000077459000 	C:\Windows\SYSTEM32\ntdll.dll
0x0000000077090000 - 0x00000000771af000 	C:\Windows\system32\kernel32.dll
0x000007fefc4b0000 - 0x000007fefc51b000 	C:\Windows\system32\KERNELBASE.dll
0x0000000074460000 - 0x0000000074554000 	C:\Program Files\MATLAB\R2012a\bin\win64\libut.dll
0x00000000758a0000 - 0x0000000075952000 	C:\Program Files\MATLAB\R2012a\bin\win64\libmwi18n.dll
0x0000000180000000 - 0x000000018000b000 	C:\Program Files\MATLAB\R2012a\bin\win64\libmwresource_core.dll
0x0000000071960000 - 0x0000000071a33000 	C:\Windows\WinSxS\amd64_microsoft.vc90.crt_1fc8b3b9a1e18e3b_9.0.30729.4940_none_08e4299fa83d7e3c\MSVCP90.dll
0x00000000718c0000 - 0x000000007195d000 	C:\Windows\WinSxS\amd64_microsoft.vc90.crt_1fc8b3b9a1e18e3b_9.0.30729.4940_none_08e4299fa83d7e3c\MSVCR90.dll
0x000000007a170000 - 0x000000007a19c000 	C:\Program Files\MATLAB\R2012a\bin\win64\boost_filesystem-vc90-mt-1_44.dll
0x000000007a560000 - 0x000000007a569000 	C:\Program Files\MATLAB\R2012a\bin\win64\boost_system-vc90-mt-1_44.dll
0x000007fefd600000 - 0x000007fefd6db000 	C:\Windows\system32\ADVAPI32.dll
0x000007fefd090000 - 0x000007fefd12f000 	C:\Windows\system32\msvcrt.dll
0x000007fefd920000 - 0x000007fefd93f000 	C:\Windows\SYSTEM32\sechost.dll
0x000007fefd960000 - 0x000007fefda8d000 	C:\Windows\system32\RPCRT4.dll
0x000000007a010000 - 0x000000007a035000 	C:\Program Files\MATLAB\R2012a\bin\win64\LIBEXPAT.dll
0x0000000053040000 - 0x0000000053231000 	C:\Program Files\MATLAB\R2012a\bin\win64\icuin44.dll
0x00000000532c0000 - 0x0000000053431000 	C:\Program Files\MATLAB\R2012a\bin\win64\icuuc44.dll
0x0000000010000000 - 0x0000000010e41000 	C:\Program Files\MATLAB\R2012a\bin\win64\icudt44.dll
0x0000000073f70000 - 0x00000000740ad000 	C:\Program Files\MATLAB\R2012a\bin\win64\libmwfl.dll
0x00000000044c0000 - 0x00000000047b6000 	C:\Program Files\MATLAB\R2012a\bin\win64\libmwMATLAB_res.dll
0x000000007a3b0000 - 0x000000007a3c0000 	C:\Program Files\MATLAB\R2012a\bin\win64\boost_date_time-vc90-mt-1_44.dll
0x000000007a250000 - 0x000000007a263000 	C:\Program Files\MATLAB\R2012a\bin\win64\boost_signals-vc90-mt-1_44.dll
0x000000007a2d0000 - 0x000000007a2e2000 	C:\Program Files\MATLAB\R2012a\bin\win64\boost_thread-vc90-mt-1_44.dll
0x00000000041d0000 - 0x0000000004216000 	C:\Program Files\MATLAB\R2012a\bin\win64\tbb.dll
0x000007fefd940000 - 0x000007fefd959000 	C:\Windows\system32\imagehlp.dll
0x0000000077480000 - 0x0000000077487000 	C:\Windows\system32\PSAPI.DLL
0x00000000532a0000 - 0x00000000532b3000 	C:\Program Files\MATLAB\R2012a\bin\win64\icuio44.dll
0x000007fef4c00000 - 0x000007fef4d25000 	C:\Windows\system32\dbghelp.dll
0x00000000771b0000 - 0x00000000772aa000 	C:\Windows\system32\USER32.dll
0x000007fefd020000 - 0x000007fefd087000 	C:\Windows\system32\GDI32.dll
0x000007fefccd0000 - 0x000007fefccde000 	C:\Windows\system32\LPK.dll
0x000007fefe820000 - 0x000007fefe8e9000 	C:\Windows\system32\USP10.dll
0x000000007bed0000 - 0x000000007c183000 	C:\Program Files\MATLAB\R2012a\bin\win64\libmwservices.dll
0x0000000075a20000 - 0x0000000075ae2000 	C:\Program Files\MATLAB\R2012a\bin\win64\libmx.dll
0x000000007a210000 - 0x000000007a228000 	C:\Program Files\MATLAB\R2012a\bin\win64\zlib1.dll
0x0000000004230000 - 0x0000000004251000 	C:\Program Files\MATLAB\R2012a\bin\win64\libmwmfl_scalar.dll
0x0000000075f10000 - 0x0000000075f5d000 	C:\Program Files\MATLAB\R2012a\bin\win64\mpath.dll
0x000000007b680000 - 0x000000007bbe1000 	C:\Program Files\MATLAB\R2012a\bin\win64\mlutil.dll
0x0000000052fc0000 - 0x000000005303f000 	C:\Program Files\MATLAB\R2012a\bin\win64\xmlcore.dll
0x000000007bc30000 - 0x000000007be83000 	C:\Program Files\MATLAB\R2012a\bin\win64\xerces-c_2_7.dll
0x000007fefd3c0000 - 0x000007fefd40d000 	C:\Windows\system32\WS2_32.dll
0x000007fefd5f0000 - 0x000007fefd5f8000 	C:\Windows\system32\NSI.dll
0x00000000042b0000 - 0x00000000042ca000 	C:\Program Files\MATLAB\R2012a\bin\win64\libmwMATLAB_settings_res.dll
0x00000000042e0000 - 0x0000000004327000 	C:\Program Files\MATLAB\R2012a\bin\win64\boost_serialization-vc90-mt-1_44.dll
0x000007fefda90000 - 0x000007fefe818000 	C:\Windows\system32\SHELL32.dll
0x000007fefcc50000 - 0x000007fefccc1000 	C:\Windows\system32\SHLWAPI.dll
0x000007fef95b0000 - 0x000007fef9650000 	C:\Windows\WinSxS\amd64_microsoft.windows.common-controls_6595b64144ccf1df_5.82.7601.17514_none_a4d6a923711520a9\COMCTL32.dll
0x000007fefcbb0000 - 0x000007fefcc47000 	C:\Windows\system32\COMDLG32.dll
0x000007fefa2e0000 - 0x000007fefa2f6000 	C:\Windows\system32\NETAPI32.dll
0x000007fefa2d0000 - 0x000007fefa2dc000 	C:\Windows\system32\netutils.dll
0x000007fefbf30000 - 0x000007fefbf53000 	C:\Windows\system32\srvcli.dll
0x000007fefa2b0000 - 0x000007fefa2c5000 	C:\Windows\system32\wkscli.dll
0x000007fefd710000 - 0x000007fefd913000 	C:\Windows\system32\ole32.dll
0x000007fefcea0000 - 0x000007fefcf77000 	C:\Windows\system32\OLEAUT32.dll
0x0000000074970000 - 0x0000000074b06000 	C:\Program Files\MATLAB\R2012a\bin\win64\mcr.dll
0x0000000075000000 - 0x000000007536b000 	C:\Program Files\MATLAB\R2012a\bin\win64\iqm.dll
0x0000000052790000 - 0x0000000052fb1000 	C:\Program Files\MATLAB\R2012a\bin\win64\m_interpreter.dll
0x0000000053270000 - 0x0000000053295000 	C:\Program Files\MATLAB\R2012a\bin\win64\libmex.dll
0x00000000526d0000 - 0x0000000052783000 	C:\Program Files\MATLAB\R2012a\bin\win64\m_dispatcher.dll
0x0000000074880000 - 0x000000007496d000 	C:\Program Files\MATLAB\R2012a\bin\win64\boost_regex-vc90-mt-1_44.dll
0x0000000052640000 - 0x00000000526c4000 	C:\Program Files\MATLAB\R2012a\bin\win64\profiler.dll
0x00000000047c0000 - 0x0000000004a15000 	C:\Program Files\MATLAB\R2012a\bin\win64\libmwmathutil.dll
0x0000000079f40000 - 0x0000000079f6d000 	C:\Program Files\MATLAB\R2012a\bin\win64\libmwmathrng.dll
0x0000000074c10000 - 0x0000000074ced000 	C:\Program Files\MATLAB\R2012a\bin\win64\libmwmathcore.dll
0x0000000076160000 - 0x00000000761cb000 	C:\Program Files\MATLAB\R2012a\bin\win64\libmwspmatrix.dll
0x0000000075ea0000 - 0x0000000075f02000 	C:\Program Files\MATLAB\R2012a\bin\win64\libmwcholmod.dll
0x000000007a460000 - 0x000000007a46d000 	C:\Program Files\MATLAB\R2012a\bin\win64\libmwamd.dll
0x000000007a4b0000 - 0x000000007a4bc000 	C:\Program Files\MATLAB\R2012a\bin\win64\libmwcolamd.dll
0x0000000053250000 - 0x0000000053269000 	C:\Program Files\MATLAB\R2012a\bin\win64\libmwblas.dll
0x0000000052620000 - 0x0000000052632000 	C:\Program Files\MATLAB\R2012a\bin\win64\libmwbinder.dll
0x0000000053240000 - 0x000000005324b000 	C:\Program Files\MATLAB\R2012a\bin\win64\libmwompwrapper.dll
0x0000000052500000 - 0x0000000052586000 	C:\Program Files\MATLAB\R2012a\bin\win64\libmwlapack.dll
0x00000000525f0000 - 0x0000000052611000 	C:\Program Files\MATLAB\R2012a\bin\win64\m_pcodeio.dll
0x0000000079b10000 - 0x0000000079b77000 	C:\Program Files\MATLAB\R2012a\bin\win64\m_ir.dll
0x0000000051eb0000 - 0x0000000052500000 	C:\Program Files\MATLAB\R2012a\bin\win64\m_parser.dll
0x00000000525d0000 - 0x00000000525ea000 	C:\Program Files\MATLAB\R2012a\bin\win64\ir_xfmr.dll
0x0000000051c30000 - 0x0000000051ea9000 	C:\Program Files\MATLAB\R2012a\bin\win64\mcos.dll
0x00000000525c0000 - 0x00000000525cc000 	C:\Program Files\MATLAB\R2012a\bin\win64\mtok.dll
0x0000000051bf0000 - 0x0000000051c21000 	C:\Program Files\MATLAB\R2012a\bin\win64\m_pcodegen.dll
0x0000000079fb0000 - 0x0000000079fe7000 	C:\Program Files\MATLAB\R2012a\bin\win64\libmwbridge.dll
0x0000000051b20000 - 0x0000000051be8000 	C:\Program Files\MATLAB\R2012a\bin\win64\udd.dll
0x00000000519c0000 - 0x0000000051b12000 	C:\Program Files\MATLAB\R2012a\bin\win64\libmwgui.dll
0x00000000525a0000 - 0x00000000525b7000 	C:\Program Files\MATLAB\R2012a\bin\win64\graphics_util.dll
0x0000000051010000 - 0x00000000519b3000 	C:\Program Files\MATLAB\R2012a\bin\win64\hg.dll
0x0000000004b80000 - 0x0000000004be7000 	C:\Program Files\MATLAB\R2012a\bin\win64\libmat.dll
0x0000000072d30000 - 0x0000000072f44000 	C:\Program Files\MATLAB\R2012a\bin\win64\hdf5dll.dll
0x0000000075710000 - 0x00000000757c1000 	C:\Program Files\MATLAB\R2012a\bin\win64\jmi.dll
0x0000000004c20000 - 0x0000000004c2e000 	C:\Program Files\MATLAB\R2012a\bin\win64\nativejava_services.dll
0x0000000050fc0000 - 0x0000000051002000 	C:\Program Files\MATLAB\R2012a\bin\win64\libmwhardcopy.dll
0x0000000050f60000 - 0x0000000050fba000 	C:\Program Files\MATLAB\R2012a\bin\win64\libuij.dll
0x0000000050d50000 - 0x0000000050f5c000 	C:\Program Files\MATLAB\R2012a\bin\win64\hgdatatypes.dll
0x0000000050c50000 - 0x0000000050d4d000 	C:\Program Files\MATLAB\R2012a\bin\win64\hgutils.dll
0x0000000050b90000 - 0x0000000050c4d000 	C:\Program Files\MATLAB\R2012a\bin\win64\udd_mi.dll
0x0000000004c90000 - 0x0000000004ccb000 	C:\Program Files\MATLAB\R2012a\bin\win64\libmwgbtutils.dll
0x0000000004ce0000 - 0x0000000004cf9000 	C:\Program Files\MATLAB\R2012a\bin\win64\libmwgbt.dll
0x0000000004d10000 - 0x0000000004fda000 	C:\Program Files\MATLAB\R2012a\bin\win64\uiw.dll
0x0000000052590000 - 0x000000005259f000 	C:\Program Files\MATLAB\R2012a\bin\win64\uinone.dll
0x000007fef58c0000 - 0x000007fef58d8000 	C:\Windows\system32\MPR.dll
0x00000000506a0000 - 0x0000000050b84000 	C:\Windows\WinSxS\amd64_microsoft.vc90.mfc_1fc8b3b9a1e18e3b_9.0.30729.4148_none_04480933ab2137b1\mfc90.dll
0x000007fef9b40000 - 0x000007fef9b47000 	C:\Windows\system32\MSIMG32.dll
0x000007fef9530000 - 0x000007fef95a1000 	C:\Windows\system32\WINSPOOL.DRV
0x0000000050660000 - 0x0000000050680000 	C:\Program Files\MATLAB\R2012a\bin\win64\mwoles05.DLL
0x00000000505e0000 - 0x000000005065c000 	C:\Program Files\MATLAB\R2012a\bin\win64\comcli.dll
0x00000000505b0000 - 0x00000000505df000 	C:\Windows\WinSxS\amd64_microsoft.vc90.atl_1fc8b3b9a1e18e3b_9.0.30729.4148_none_0a1d2fcba76b3f00\ATL90.DLL
0x0000000050690000 - 0x000000005069c000 	C:\Program Files\MATLAB\R2012a\bin\win64\mlautoregister.dll
0x0000000005030000 - 0x0000000005040000 	C:\Program Files\MATLAB\R2012a\bin\win64\boost_iostreams-vc90-mt-1_44.dll
0x000007fefd6e0000 - 0x000007fefd70e000 	C:\Windows\system32\IMM32.DLL
0x000007fefc7f0000 - 0x000007fefc8f9000 	C:\Windows\system32\MSCTF.dll
0x000007fefa8e0000 - 0x000007fefa936000 	C:\Windows\system32\UxTheme.dll
0x000007fefa950000 - 0x000007fefa968000 	C:\Windows\system32\dwmapi.dll
0x0000000005080000 - 0x00000000050a9000 	C:\Program Files\MATLAB\R2012a\bin\win64\tbbmalloc.dll
0x00000000778f0000 - 0x0000000077fff000 	C:\Program\Java\jre7\bin\server\jvm.dll
0x000007feee060000 - 0x000007feee069000 	C:\Windows\system32\WSOCK32.dll
0x000007fef9f70000 - 0x000007fef9fab000 	C:\Windows\system32\WINMM.dll
0x0000000070a40000 - 0x0000000070b12000 	C:\Windows\system32\MSVCR100.dll
0x000007fefc3c0000 - 0x000007fefc3cf000 	C:\Windows\system32\profapi.dll
0x000007fef9cc0000 - 0x000007fef9ce7000 	C:\Windows\system32\iphlpapi.dll
0x000007fef9bf0000 - 0x000007fef9bfb000 	C:\Windows\system32\WINNSI.DLL
0x000007fefba70000 - 0x000007fefbacb000 	C:\Windows\system32\DNSAPI.dll
0x000007fef8e60000 - 0x000007fef8e71000 	C:\Windows\system32\dhcpcsvc6.DLL
0x000007fef8e40000 - 0x000007fef8e58000 	C:\Windows\system32\dhcpcsvc.DLL
0x0000000050680000 - 0x0000000050683000 	C:\Windows\system32\icmp.Dll
0x000007fefc2f0000 - 0x000007fefc2ff000 	C:\Windows\system32\CRYPTBASE.dll
0x000007fefc5d0000 - 0x000007fefc606000 	C:\Windows\system32\CFGMGR32.dll
0x00000000505a0000 - 0x00000000505af000 	C:\Program\Java\jre7\bin\verify.dll
0x0000000050570000 - 0x0000000050598000 	C:\Program\Java\jre7\bin\java.dll
0x0000000050550000 - 0x0000000050565000 	C:\Program\Java\jre7\bin\zip.dll

VM Arguments:
jvm_args: -Xss512k -XX:PermSize=32m -Xms64m -XX:NewRatio=3 -XX:MaxPermSize=128m -Xmx196m -XX:MaxDirectMemorySize=2147400000 -Dsun.java2d.noddraw=true -Dsun.awt.nopixfmt=true -Xshare:off -Xrs -Dsun.awt.disableMixing=true -Djava.library.path=C:\Program Files\MATLAB\R2012a\bin\win64 vfprintf abort 
java_command: <unknown>
Launcher Type: generic

Environment Variables:
PATH=C:\Program Files\NVIDIA GPU Computing Toolkit\CUDA\v5.0\bin\;C:\Program Files\NVIDIA GPU Computing Toolkit\CUDA\v5.0\libnvvp\;C:\Program Files\Common Files\Microsoft Shared\Windows Live;C:\Program Files (x86)\Common Files\Microsoft Shared\Windows Live;C:\Program Files (x86)\NVIDIA Corporation\PhysX\Common;C:\Windows\system32;C:\Windows;C:\Windows\System32\Wbem;C:\Windows\System32\WindowsPowerShell\v1.0\;C:\Program Files\Intel\DMIX;C:\Program Files (x86)\Windows Live\Shared;C:\Program Files (x86)\Microsoft SQL Server\100\Tools\Binn\;C:\Program Files\Microsoft SQL Server\100\Tools\Binn\;C:\Program Files\Microsoft SQL Server\100\DTS\Binn\;C:\Program Files (x86)\Windows Kits\8.0\Windows Performance Toolkit\;C:\Program Files\Microsoft SQL Server\110\Tools\Binn\;C:\Program Files (x86)\MiKTeX 2.9\miktex\bin\;C:\Program Files\MATLAB\R2012a\runtime\win64;C:\Program Files\MATLAB\R2012a\bin;C:\Program Files (x86)\Intel\OpenCL SDK\3.0\bin\x86;C:\Program Files (x86)\Intel\OpenCL SDK\3.0\bin\x64
USERNAME=wande
OS=Windows_NT
PROCESSOR_IDENTIFIER=Intel64 Family 6 Model 42 Stepping 7, GenuineIntel



---------------  S Y S T E M  ---------------

OS: Windows 7 , 64 bit Build 7601 Service Pack 1

CPU:total 8 (4 cores per cpu, 2 threads per core) family 6 model 42 stepping 7, cmov, cx8, fxsr, mmx, sse, sse2, sse3, ssse3, sse4.1, sse4.2, popcnt, avx, ht, tsc, tscinvbit

Memory: 4k page, physical 16753632k(11314648k free), swap 33505404k(26763492k free)

vm_info: Java HotSpot(TM) 64-Bit Server VM (23.25-b01) for windows-amd64 JRE (1.7.0_25-b17), built on Jun 21 2013 12:58:32 by "java_re" with unknown MS VC++:1600

time: Thu Jul 25 22:06:22 2013
elapsed time: 55 seconds

