#
# A fatal error has been detected by the Java Runtime Environment:
#
#  EXCEPTION_ACCESS_VIOLATION (0xc0000005) at pc=0x0000000077932092, pid=8656, tid=6616
#
# JRE version: 7.0_25-b17
# Java VM: Java HotSpot(TM) 64-Bit Server VM (23.25-b01 mixed mode windows-amd64 compressed oops)
# Problematic frame:
# V  [jvm.dll+0x42092]
#
# Failed to write core dump. Minidumps are not enabled by default on client versions of Windows
#
# If you would like to submit a bug report, please visit:
#   http://bugreport.sun.com/bugreport/crash.jsp
#

---------------  T H R E A D  ---------------

Current thread (0x000000004f1cc800):  JavaThread "Explorer NavigationContext request queue" [_thread_in_vm, id=6616, stack(0x000000000e120000,0x000000000e1a0000)]

siginfo: ExceptionCode=0xc0000005, reading address 0xffffffffffffffff

Registers:
RAX=0x000000000d131a30, RBX=0x41b0000041b00000, RCX=0x000000000d11e2f0, RDX=0x0000000000003e77
RSP=0x000000000e19ecd0, RBP=0x00000000408272e3, RSI=0x000000000e19edc8, RDI=0x0000000000000006
R8 =0x000000007a0dcb08, R9 =0x0000000000000007, R10=0x000000000000000c, R11=0x00000000408272e3
R12=0x0000000000000007, R13=0x000000007a0dcb08, R14=0x000000000d11e2f0, R15=0x000000000e19f250
RIP=0x0000000077932092, EFLAGS=0x0000000000010206

Top of Stack: (sp=0x000000000e19ecd0)
0x000000000e19ecd0:   0000000000000000 0000000800000002
0x000000000e19ece0:   000089aab4537d00 00000000779b38b0
0x000000000e19ecf0:   0000000000000000 000000004f387980
0x000000000e19ed00:   000000007a0dcb10 0000000077932184
0x000000000e19ed10:   0000000000000007 000000007a0dcb08
0x000000000e19ed20:   000000000e19edc8 000000007a0dcb08
0x000000000e19ed30:   00000000408272e3 000000004ed93f98
0x000000000e19ed40:   000000007a0dcb10 00000000779e7c44
0x000000000e19ed50:   000000004f1cc800 000000004f660bd8
0x000000000e19ed60:   000000000d11cbb0 0000000000000001
0x000000000e19ed70:   000000004f1cc800 000000007a0dcb50
0x000000000e19ed80:   0000000099c2ea25 00000000779e5bb6
0x000000000e19ed90:   0000000000000001 0000000000000000
0x000000000e19eda0:   000000007a0dcb10 000000007a0dcb08
0x000000000e19edb0:   000000004f660bd8 00000000779e7f0e
0x000000000e19edc0:   000000004f387980 00000000408272e3 

Instructions: (pc=0x0000000077932092)
0x0000000077932072:   48 63 d2 33 ff 48 8b 1c d0 45 8b e1 4d 8b e8 4c
0x0000000077932082:   8b f1 48 85 db 74 4a 8b 6c 24 60 0f 1f 00 ff c7
0x0000000077932092:   39 2b 75 16 48 8b 73 10 45 8b c4 49 8b d5 48 8b
0x00000000779320a2:   ce e8 c8 be 0a 00 84 c0 75 48 48 8b 5b 08 48 83 


Register to memory mapping:

RAX=
[error occurred during error reporting (printing register info), id 0xc0000005]

Stack: [0x000000000e120000,0x000000000e1a0000],  sp=0x000000000e19ecd0,  free space=507k
Native frames: (J=compiled Java code, j=interpreted, Vv=VM code, C=native code)
V  [jvm.dll+0x42092]

Java frames: (J=compiled Java code, j=interpreted, Vv=VM code)
j  com.mathworks.util.NativeJava.listFiles(Ljava/lang/String;Lcom/mathworks/util/AsyncReceiver;)Z+0
j  com.mathworks.mlwidgets.explorer.model.realfs.RealFileList.readFilesAndFolders(Lcom/mathworks/util/AsyncReceiver;)V+23
j  com.mathworks.mlwidgets.explorer.model.overlayfs.OverlayFileList.readFilesAndFolders(Lcom/mathworks/util/AsyncReceiver;)V+9
j  com.mathworks.mlwidgets.explorer.model.vfs.VirtualFileList.readFilesAndFolders(Lcom/mathworks/util/AsyncReceiver;)V+13
j  com.mathworks.mlwidgets.explorer.model.table.UiFileList.readAndUpdateCache(ZLcom/mathworks/util/CapturingReceiver;)V+91
j  com.mathworks.mlwidgets.explorer.model.table.UiFileList.access$500(Lcom/mathworks/mlwidgets/explorer/model/table/UiFileList;ZLcom/mathworks/util/CapturingReceiver;)V+3
j  com.mathworks.mlwidgets.explorer.model.table.UiFileList$6.run()V+66
j  com.mathworks.util.RequestQueue.execute()V+65
j  com.mathworks.util.RequestQueue.access$000(Lcom/mathworks/util/RequestQueue;)V+1
j  com.mathworks.util.RequestQueue$2.run()V+4
j  java.lang.Thread.run()V+11
v  ~StubRoutines::call_stub

---------------  P R O C E S S  ---------------

Java Threads: ( => current thread )
  0x000000004f1cb800 JavaThread "Inactive RequestProcessor thread [Was:TimedSoftReference/org.openide.util.TimedSoftReference]" daemon [_thread_blocked, id=6660, stack(0x000000004ff60000,0x000000004ffe0000)]
  0x000000004f1d4800 JavaThread "Code Analyzer updating thread" [_thread_blocked, id=8012, stack(0x0000000070dd0000,0x0000000070e50000)]
  0x000000004f1d4000 JavaThread "Code Analyzer updating thread" [_thread_blocked, id=8300, stack(0x0000000070d50000,0x0000000070dd0000)]
  0x000000004f1d3000 JavaThread "Code Analyzer updating thread" [_thread_blocked, id=9540, stack(0x0000000057620000,0x00000000576a0000)]
  0x000000004f1d2800 JavaThread "Code Analyzer updating thread" [_thread_blocked, id=11032, stack(0x0000000070c00000,0x0000000070c80000)]
  0x000000004f1d1800 JavaThread "Code Analyzer updating thread" [_thread_blocked, id=11260, stack(0x000000005b750000,0x000000005b7d0000)]
  0x000000004f1d1000 JavaThread "Code Analyzer updating thread" [_thread_blocked, id=7528, stack(0x0000000070910000,0x0000000070990000)]
  0x000000004f1d0000 JavaThread "Code Analyzer updating thread" [_thread_blocked, id=6240, stack(0x0000000070890000,0x0000000070910000)]
  0x000000004f1cf800 JavaThread "Active Reference Queue Daemon" daemon [_thread_blocked, id=11004, stack(0x000000004ffe0000,0x0000000050060000)]
  0x000000004f1ce000 JavaThread "Timer-9" daemon [_thread_blocked, id=4296, stack(0x0000000063910000,0x0000000063990000)]
  0x000000004f1ce800 JavaThread "Timer-8" daemon [_thread_blocked, id=8544, stack(0x000000005f840000,0x000000005f8c0000)]
=>0x000000004f1cc800 JavaThread "Explorer NavigationContext request queue" [_thread_in_vm, id=6616, stack(0x000000000e120000,0x000000000e1a0000)]
  0x000000004f1cb000 JavaThread "AddressBar directory emptiness poller" [_thread_blocked, id=6612, stack(0x00000000534b0000,0x0000000053530000)]
  0x000000004f1c9800 JavaThread "Timer-1" [_thread_blocked, id=8404, stack(0x000000004fc50000,0x000000004fcd0000)]
  0x000000004f1c8800 JavaThread "TimerQueue" daemon [_thread_blocked, id=4288, stack(0x000000000de90000,0x000000000df10000)]
  0x000000004ee9d800 JavaThread "FelixPackageAdmin" daemon [_thread_blocked, id=8256, stack(0x000000000daa0000,0x000000000db20000)]
  0x000000004ee9c000 JavaThread "FelixStartLevel" daemon [_thread_blocked, id=8424, stack(0x000000000d800000,0x000000000d880000)]
  0x000000004eea3800 JavaThread "FelixDispatchQueue" daemon [_thread_blocked, id=7388, stack(0x000000000d980000,0x000000000da00000)]
  0x000000004ed71000 JavaThread "AWT-EventQueue-0" [_thread_in_vm, id=4664, stack(0x000000000d410000,0x000000000d490000)]
  0x000000004eede800 JavaThread "com.google.common.base.internal.Finalizer" daemon [_thread_blocked, id=8516, stack(0x000000004fee0000,0x000000004ff60000)]
  0x000000004ed2f800 JavaThread "AWT-Windows" daemon [_thread_in_native, id=1102053376, stack(0x000000004fcd0000,0x000000004fd50000)]
  0x000000004ed2e800 JavaThread "AWT-Shutdown" [_thread_blocked, id=1102053376, stack(0x0000000025490000,0x0000000025510000)]
  0x000000004eb43800 
[error occurred during error reporting (printing all threads), id 0xc0000005]

VM state:not at safepoint (normal execution)

VM Mutex/Monitor currently owned by a thread: None

Heap
 PSYoungGen      total 28672K, used 23136K [0x00000000fcf00000, 0x0000000100000000, 0x0000000100000000)
  eden space 17408K, 68% used [0x00000000fcf00000,0x00000000fdaa4570,0x00000000fe000000)
  from space 11264K, 99% used [0x00000000fe000000,0x00000000feaf3b30,0x00000000feb00000)
  to   space 16704K, 0% used [0x00000000fefb0000,0x00000000fefb0000,0x0000000100000000)
 ParOldGen       total 92096K, used 40562K [0x00000000f3c00000, 0x00000000f95f0000, 0x00000000fcf00000)
  object space 92096K, 44% used [0x00000000f3c00000,0x00000000f639cb30,0x00000000f95f0000)
 PSPermGen       total 104064K, used 52679K [0x00000000ebc00000, 0x00000000f21a0000, 0x00000000f3c00000)
  object space 104064K, 50% used [0x00000000ebc00000,0x00000000eef71df0,0x00000000f21a0000)

Card table byte_map: [0x00000000086f0000,0x00000000087a0000] byte_map_base: 0x0000000007f92000

Polling page: 0x0000000005580000

Code Cache  [0x0000000029510000, 0x0000000029840000, 0x000000002c510000)
 total_blobs=1736 nmethods=1111 adapters=574 free_code_cache=46023Kb largest_free_block=47004032

Compilation events (10 events):
Event: 30.150 Thread 0x000000004df1b800 nmethod 1185 0x00000000296ee810 code [0x00000000296ee940, 0x00000000296ee9b8]
Event: 30.158 Thread 0x000000004df20800 nmethod 1184 0x00000000297dd1d0 code [0x00000000297dd420, 0x00000000297ddeb8]
Event: 63.955 Thread 0x000000004df1b800 1186             sun.swing.ImageCache$Entry::equals (147 bytes)
Event: 63.958 Thread 0x000000004df1b800 nmethod 1186 0x00000000296bf290 code [0x00000000296bf3e0, 0x00000000296bf6f8]
Event: 68.065 Thread 0x000000004df20800 1187             javax.swing.border.AbstractBorder::getBorderInsets (17 bytes)
Event: 68.066 Thread 0x000000004df20800 nmethod 1187 0x00000000296bef90 code [0x00000000296bf0e0, 0x00000000296bf1b8]
Event: 68.499 Thread 0x000000004df20800 1188             javax.swing.JTable::getColumnModel (5 bytes)
Event: 68.499 Thread 0x000000004df20800 nmethod 1188 0x00000000296ee610 code [0x00000000296ee740, 0x00000000296ee798]
Event: 68.558 Thread 0x000000004df1b800 1189             org.apache.xerces.dom.NodeImpl::isOwned (28 bytes)
Event: 68.559 Thread 0x000000004df1b800 nmethod 1189 0x00000000296bed90 code [0x00000000296beec0, 0x00000000296bef38]

GC Heap History (10 events):
Event: 16.733 GC heap before
{Heap before GC invocations=43 (full 2):
 PSYoungGen      total 36288K, used 27696K [0x00000000fcf00000, 0x0000000100000000, 0x0000000100000000)
  eden space 22784K, 84% used [0x00000000fcf00000,0x00000000fe1d90e8,0x00000000fe540000)
  from space 13504K, 62% used [0x00000000ff2d0000,0x00000000ffb032d0,0x0000000100000000)
  to   space 13696K, 0% used [0x00000000fe540000,0x00000000fe540000,0x00000000ff2a0000)
 ParOldGen       total 92096K, used 40122K [0x00000000f3c00000, 0x00000000f95f0000, 0x00000000fcf00000)
  object space 92096K, 43% used [0x00000000f3c00000,0x00000000f632eaf0,0x00000000f95f0000)
 PSPermGen       total 104064K, used 52561K [0x00000000ebc00000, 0x00000000f21a0000, 0x00000000f3c00000)
  object space 104064K, 50% used [0x00000000ebc00000,0x00000000eef54598,0x00000000f21a0000)
Event: 16.742 GC heap after
Heap after GC invocations=43 (full 2):
 PSYoungGen      total 36480K, used 7772K [0x00000000fcf00000, 0x00000000ffff0000, 0x0000000100000000)
  eden space 22784K, 0% used [0x00000000fcf00000,0x00000000fcf00000,0x00000000fe540000)
  from space 13696K, 56% used [0x00000000fe540000,0x00000000fecd7070,0x00000000ff2a0000)
  to   space 13568K, 0% used [0x00000000ff2b0000,0x00000000ff2b0000,0x00000000ffff0000)
 ParOldGen       total 92096K, used 40130K [0x00000000f3c00000, 0x00000000f95f0000, 0x00000000fcf00000)
  object space 92096K, 43% used [0x00000000f3c00000,0x00000000f6330af0,0x00000000f95f0000)
 PSPermGen       total 104064K, used 52561K [0x00000000ebc00000, 0x00000000f21a0000, 0x00000000f3c00000)
  object space 104064K, 50% used [0x00000000ebc00000,0x00000000eef54598,0x00000000f21a0000)
}
Event: 16.857 GC heap before
{Heap before GC invocations=44 (full 2):
 PSYoungGen      total 36480K, used 30556K [0x00000000fcf00000, 0x00000000ffff0000, 0x0000000100000000)
  eden space 22784K, 100% used [0x00000000fcf00000,0x00000000fe540000,0x00000000fe540000)
  from space 13696K, 56% used [0x00000000fe540000,0x00000000fecd7070,0x00000000ff2a0000)
  to   space 13568K, 0% used [0x00000000ff2b0000,0x00000000ff2b0000,0x00000000ffff0000)
 ParOldGen       total 92096K, used 40130K [0x00000000f3c00000, 0x00000000f95f0000, 0x00000000fcf00000)
  object space 92096K, 43% used [0x00000000f3c00000,0x00000000f6330af0,0x00000000f95f0000)
 PSPermGen       total 104064K, used 52589K [0x00000000ebc00000, 0x00000000f21a0000, 0x00000000f3c00000)
  object space 104064K, 50% used [0x00000000ebc00000,0x00000000eef5b4d8,0x00000000f21a0000)
Event: 16.862 GC heap after
Heap after GC invocations=44 (full 2):
 PSYoungGen      total 34048K, used 11742K [0x00000000fcf00000, 0x0000000100000000, 0x0000000100000000)
  eden space 20480K, 0% used [0x00000000fcf00000,0x00000000fcf00000,0x00000000fe300000)
  from space 13568K, 86% used [0x00000000ff2b0000,0x00000000ffe27b20,0x00000000ffff0000)
  to   space 14848K, 0% used [0x00000000fe300000,0x00000000fe300000,0x00000000ff180000)
 ParOldGen       total 92096K, used 40130K [0x00000000f3c00000, 0x00000000f95f0000, 0x00000000fcf00000)
  object space 92096K, 43% used [0x00000000f3c00000,0x00000000f6330af0,0x00000000f95f0000)
 PSPermGen       total 104064K, used 52589K [0x00000000ebc00000, 0x00000000f21a0000, 0x00000000f3c00000)
  object space 104064K, 50% used [0x00000000ebc00000,0x00000000eef5b4d8,0x00000000f21a0000)
}
Event: 26.332 GC heap before
{Heap before GC invocations=45 (full 2):
 PSYoungGen      total 34048K, used 32222K [0x00000000fcf00000, 0x0000000100000000, 0x0000000100000000)
  eden space 20480K, 100% used [0x00000000fcf00000,0x00000000fe300000,0x00000000fe300000)
  from space 13568K, 86% used [0x00000000ff2b0000,0x00000000ffe27b20,0x00000000ffff0000)
  to   space 14848K, 0% used [0x00000000fe300000,0x00000000fe300000,0x00000000ff180000)
 ParOldGen       total 92096K, used 40130K [0x00000000f3c00000, 0x00000000f95f0000, 0x00000000fcf00000)
  object space 92096K, 43% used [0x00000000f3c00000,0x00000000f6330af0,0x00000000f95f0000)
 PSPermGen       total 104064K, used 52608K [0x00000000ebc00000, 0x00000000f21a0000, 0x00000000f3c00000)
  object space 104064K, 50% used [0x00000000ebc00000,0x00000000eef603c0,0x00000000f21a0000)
Event: 26.336 GC heap after
Heap after GC invocations=45 (full 2):
 PSYoungGen      total 32000K, used 11476K [0x00000000fcf00000, 0x0000000100000000, 0x0000000100000000)
  eden space 20480K, 0% used [0x00000000fcf00000,0x00000000fcf00000,0x00000000fe300000)
  from space 11520K, 99% used [0x00000000fe300000,0x00000000fee351a8,0x00000000fee40000)
  to   space 15808K, 0% used [0x00000000ff090000,0x00000000ff090000,0x0000000100000000)
 ParOldGen       total 92096K, used 40418K [0x00000000f3c00000, 0x00000000f95f0000, 0x00000000fcf00000)
  object space 92096K, 43% used [0x00000000f3c00000,0x00000000f6378b30,0x00000000f95f0000)
 PSPermGen       total 104064K, used 52608K [0x00000000ebc00000, 0x00000000f21a0000, 0x00000000f3c00000)
  object space 104064K, 50% used [0x00000000ebc00000,0x00000000eef603c0,0x00000000f21a0000)
}
Event: 29.678 GC heap before
{Heap before GC invocations=46 (full 2):
 PSYoungGen      total 32000K, used 31956K [0x00000000fcf00000, 0x0000000100000000, 0x0000000100000000)
  eden space 20480K, 100% used [0x00000000fcf00000,0x00000000fe300000,0x00000000fe300000)
  from space 11520K, 99% used [0x00000000fe300000,0x00000000fee351a8,0x00000000fee40000)
  to   space 15808K, 0% used [0x00000000ff090000,0x00000000ff090000,0x0000000100000000)
 ParOldGen       total 92096K, used 40418K [0x00000000f3c00000, 0x00000000f95f0000, 0x00000000fcf00000)
  object space 92096K, 43% used [0x00000000f3c00000,0x00000000f6378b30,0x00000000f95f0000)
 PSPermGen       total 104064K, used 52641K [0x00000000ebc00000, 0x00000000f21a0000, 0x00000000f3c00000)
  object space 104064K, 50% used [0x00000000ebc00000,0x00000000eef685a0,0x00000000f21a0000)
Event: 29.683 GC heap after
Heap after GC invocations=46 (full 2):
 PSYoungGen      total 33216K, used 11188K [0x00000000fcf00000, 0x0000000100000000, 0x0000000100000000)
  eden space 17408K, 0% used [0x00000000fcf00000,0x00000000fcf00000,0x00000000fe000000)
  from space 15808K, 70% used [0x00000000ff090000,0x00000000ffb7d1a8,0x0000000100000000)
  to   space 16384K, 0% used [0x00000000fe000000,0x00000000fe000000,0x00000000ff000000)
 ParOldGen       total 92096K, used 40482K [0x00000000f3c00000, 0x00000000f95f0000, 0x00000000fcf00000)
  object space 92096K, 43% used [0x00000000f3c00000,0x00000000f6388b30,0x00000000f95f0000)
 PSPermGen       total 104064K, used 52641K [0x00000000ebc00000, 0x00000000f21a0000, 0x00000000f3c00000)
  object space 104064K, 50% used [0x00000000ebc00000,0x00000000eef685a0,0x00000000f21a0000)
}
Event: 62.603 GC heap before
{Heap before GC invocations=47 (full 2):
 PSYoungGen      total 33216K, used 28596K [0x00000000fcf00000, 0x0000000100000000, 0x0000000100000000)
  eden space 17408K, 100% used [0x00000000fcf00000,0x00000000fe000000,0x00000000fe000000)
  from space 15808K, 70% used [0x00000000ff090000,0x00000000ffb7d1a8,0x0000000100000000)
  to   space 16384K, 0% used [0x00000000fe000000,0x00000000fe000000,0x00000000ff000000)
 ParOldGen       total 92096K, used 40482K [0x00000000f3c00000, 0x00000000f95f0000, 0x00000000fcf00000)
  object space 92096K, 43% used [0x00000000f3c00000,0x00000000f6388b30,0x00000000f95f0000)
 PSPermGen       total 104064K, used 52664K [0x00000000ebc00000, 0x00000000f21a0000, 0x00000000f3c00000)
  object space 104064K, 50% used [0x00000000ebc00000,0x00000000eef6e108,0x00000000f21a0000)
Event: 62.609 GC heap after
Heap after GC invocations=47 (full 2):
 PSYoungGen      total 28672K, used 11214K [0x00000000fcf00000, 0x0000000100000000, 0x0000000100000000)
  eden space 17408K, 0% used [0x00000000fcf00000,0x00000000fcf00000,0x00000000fe000000)
  from space 11264K, 99% used [0x00000000fe000000,0x00000000feaf3b30,0x00000000feb00000)
  to   space 16704K, 0% used [0x00000000fefb0000,0x00000000fefb0000,0x0000000100000000)
 ParOldGen       total 92096K, used 40562K [0x00000000f3c00000, 0x00000000f95f0000, 0x00000000fcf00000)
  object space 92096K, 44% used [0x00000000f3c00000,0x00000000f639cb30,0x00000000f95f0000)
 PSPermGen       total 104064K, used 52664K [0x00000000ebc00000, 0x00000000f21a0000, 0x00000000f3c00000)
  object space 104064K, 50% used [0x00000000ebc00000,0x00000000eef6e108,0x00000000f21a0000)
}

Deoptimization events (10 events):
Event: 29.604 Thread 0x000000004f1cc800 Uncommon trap -58 fr.pc 0x00000000297c1198
Event: 29.604 Thread 0x000000004f1cc800 Uncommon trap -58 fr.pc 0x00000000297c1198
Event: 30.105 Thread 0x000000004ed71000 Uncommon trap -34 fr.pc 0x00000000297f3e90
Event: 30.105 Thread 0x000000004ed71000 Uncommon trap -34 fr.pc 0x00000000297f3e90
Event: 30.105 Thread 0x000000004ed71000 Uncommon trap -34 fr.pc 0x00000000297f3e90
Event: 30.105 Thread 0x000000004ed71000 Uncommon trap -34 fr.pc 0x00000000297f3e90
Event: 30.105 Thread 0x000000004ed71000 Uncommon trap -58 fr.pc 0x00000000297b2990
Event: 30.105 Thread 0x000000004ed71000 Uncommon trap -58 fr.pc 0x00000000297b2990
Event: 30.105 Thread 0x000000004ed71000 Uncommon trap -58 fr.pc 0x00000000297b2990
Event: 30.105 Thread 0x000000004ed71000 Uncommon trap -58 fr.pc 0x00000000297b2990

Internal exceptions (10 events):
Event: 30.132 Thread 0x0000000008d0f800 Threw 0x00000000fd8cf2b0 at C:\jdk7u2_64p\jdk7u25\hotspot\src\share\vm\prims\jvm.cpp:1235
Event: 30.150 Thread 0x0000000008d0f800 Threw 0x00000000fd8cf9d8 at C:\jdk7u2_64p\jdk7u25\hotspot\src\share\vm\prims\jvm.cpp:1235
Event: 30.150 Thread 0x0000000008d0f800 Threw 0x00000000fd8f4eb8 at C:\jdk7u2_64p\jdk7u25\hotspot\src\share\vm\prims\jvm.cpp:1235
Event: 30.150 Thread 0x0000000008d0f800 Threw 0x00000000fd8f51e8 at C:\jdk7u2_64p\jdk7u25\hotspot\src\share\vm\prims\jvm.cpp:1235
Event: 30.150 Thread 0x0000000008d0f800 Threw 0x00000000fd905308 at C:\jdk7u2_64p\jdk7u25\hotspot\src\share\vm\prims\jvm.cpp:1235
Event: 30.150 Thread 0x0000000008d0f800 Threw 0x00000000fd905760 at C:\jdk7u2_64p\jdk7u25\hotspot\src\share\vm\prims\jvm.cpp:1235
Event: 30.150 Thread 0x0000000008d0f800 Threw 0x00000000fd915848 at C:\jdk7u2_64p\jdk7u25\hotspot\src\share\vm\prims\jvm.cpp:1235
Event: 33.977 Thread 0x000000004f1ce000 Threw 0x00000000fd9def60 at C:\jdk7u2_64p\jdk7u25\hotspot\src\share\vm\prims\jvm.cpp:1235
Event: 33.977 Thread 0x000000004f1ce000 Threw 0x00000000fd9fbf18 at C:\jdk7u2_64p\jdk7u25\hotspot\src\share\vm\prims\jvm.cpp:1235
Event: 63.085 Thread 0x000000004ed71000 Threw 0x00000000fcf24bd0 at C:\jdk7u2_64p\jdk7u25\hotspot\src\share\vm\prims\jvm.cpp:1235

Events (10 events):
Event: 39.689 Executing VM operation: RevokeBias done
Event: 39.689 Thread 0x000000004f1d6000 Thread exited: 0x000000004f1d6000
Event: 62.603 Executing VM operation: ParallelGCFailedAllocation
Event: 62.609 Executing VM operation: ParallelGCFailedAllocation done
Event: 63.085 loading class 0x000000004f379340
Event: 63.085 loading class 0x000000004f379340 done
Event: 63.945 Executing VM operation: BulkRevokeBias
Event: 63.945 Executing VM operation: BulkRevokeBias done
Event: 68.559 Thread 0x000000004df1b800 flushing nmethod 0x0000000029804c50
Event: 68.559 Thread 0x000000004df1b800 flushing nmethod 0x0000000029808110


Dynamic libraries:
0x000000013fd00000 - 0x000000013fd32000 	C:\Program Files\MATLAB\R2012a\bin\win64\MATLAB.exe
0x00000000772b0000 - 0x0000000077459000 	C:\Windows\SYSTEM32\ntdll.dll
0x0000000077090000 - 0x00000000771af000 	C:\Windows\system32\kernel32.dll
0x000007fefc4b0000 - 0x000007fefc51b000 	C:\Windows\system32\KERNELBASE.dll
0x0000000074460000 - 0x0000000074554000 	C:\Program Files\MATLAB\R2012a\bin\win64\libut.dll
0x00000000758a0000 - 0x0000000075952000 	C:\Program Files\MATLAB\R2012a\bin\win64\libmwi18n.dll
0x0000000180000000 - 0x000000018000b000 	C:\Program Files\MATLAB\R2012a\bin\win64\libmwresource_core.dll
0x0000000071960000 - 0x0000000071a33000 	C:\Windows\WinSxS\amd64_microsoft.vc90.crt_1fc8b3b9a1e18e3b_9.0.30729.4940_none_08e4299fa83d7e3c\MSVCP90.dll
0x00000000718c0000 - 0x000000007195d000 	C:\Windows\WinSxS\amd64_microsoft.vc90.crt_1fc8b3b9a1e18e3b_9.0.30729.4940_none_08e4299fa83d7e3c\MSVCR90.dll
0x000000007a170000 - 0x000000007a19c000 	C:\Program Files\MATLAB\R2012a\bin\win64\boost_filesystem-vc90-mt-1_44.dll
0x000000007a560000 - 0x000000007a569000 	C:\Program Files\MATLAB\R2012a\bin\win64\boost_system-vc90-mt-1_44.dll
0x000007fefd600000 - 0x000007fefd6db000 	C:\Windows\system32\ADVAPI32.dll
0x000007fefd090000 - 0x000007fefd12f000 	C:\Windows\system32\msvcrt.dll
0x000007fefd920000 - 0x000007fefd93f000 	C:\Windows\SYSTEM32\sechost.dll
0x000007fefd960000 - 0x000007fefda8d000 	C:\Windows\system32\RPCRT4.dll
0x000000007a010000 - 0x000000007a035000 	C:\Program Files\MATLAB\R2012a\bin\win64\LIBEXPAT.dll
0x0000000053040000 - 0x0000000053231000 	C:\Program Files\MATLAB\R2012a\bin\win64\icuin44.dll
0x00000000532c0000 - 0x0000000053431000 	C:\Program Files\MATLAB\R2012a\bin\win64\icuuc44.dll
0x0000000010000000 - 0x0000000010e41000 	C:\Program Files\MATLAB\R2012a\bin\win64\icudt44.dll
0x0000000073f70000 - 0x00000000740ad000 	C:\Program Files\MATLAB\R2012a\bin\win64\libmwfl.dll
0x0000000004360000 - 0x0000000004656000 	C:\Program Files\MATLAB\R2012a\bin\win64\libmwMATLAB_res.dll
0x000000007a3b0000 - 0x000000007a3c0000 	C:\Program Files\MATLAB\R2012a\bin\win64\boost_date_time-vc90-mt-1_44.dll
0x000000007a250000 - 0x000000007a263000 	C:\Program Files\MATLAB\R2012a\bin\win64\boost_signals-vc90-mt-1_44.dll
0x000000007a2d0000 - 0x000000007a2e2000 	C:\Program Files\MATLAB\R2012a\bin\win64\boost_thread-vc90-mt-1_44.dll
0x0000000004190000 - 0x00000000041d6000 	C:\Program Files\MATLAB\R2012a\bin\win64\tbb.dll
0x000007fefd940000 - 0x000007fefd959000 	C:\Windows\system32\imagehlp.dll
0x0000000077480000 - 0x0000000077487000 	C:\Windows\system32\PSAPI.DLL
0x00000000532a0000 - 0x00000000532b3000 	C:\Program Files\MATLAB\R2012a\bin\win64\icuio44.dll
0x000007fef4c00000 - 0x000007fef4d25000 	C:\Windows\system32\dbghelp.dll
0x00000000771b0000 - 0x00000000772aa000 	C:\Windows\system32\USER32.dll
0x000007fefd020000 - 0x000007fefd087000 	C:\Windows\system32\GDI32.dll
0x000007fefccd0000 - 0x000007fefccde000 	C:\Windows\system32\LPK.dll
0x000007fefe820000 - 0x000007fefe8e9000 	C:\Windows\system32\USP10.dll
0x000000007bed0000 - 0x000000007c183000 	C:\Program Files\MATLAB\R2012a\bin\win64\libmwservices.dll
0x0000000075a20000 - 0x0000000075ae2000 	C:\Program Files\MATLAB\R2012a\bin\win64\libmx.dll
0x000000007a210000 - 0x000000007a228000 	C:\Program Files\MATLAB\R2012a\bin\win64\zlib1.dll
0x0000000004230000 - 0x0000000004251000 	C:\Program Files\MATLAB\R2012a\bin\win64\libmwmfl_scalar.dll
0x0000000075f10000 - 0x0000000075f5d000 	C:\Program Files\MATLAB\R2012a\bin\win64\mpath.dll
0x000000007b680000 - 0x000000007bbe1000 	C:\Program Files\MATLAB\R2012a\bin\win64\mlutil.dll
0x0000000052fc0000 - 0x000000005303f000 	C:\Program Files\MATLAB\R2012a\bin\win64\xmlcore.dll
0x000000007bc30000 - 0x000000007be83000 	C:\Program Files\MATLAB\R2012a\bin\win64\xerces-c_2_7.dll
0x000007fefd3c0000 - 0x000007fefd40d000 	C:\Windows\system32\WS2_32.dll
0x000007fefd5f0000 - 0x000007fefd5f8000 	C:\Windows\system32\NSI.dll
0x00000000046b0000 - 0x00000000046ca000 	C:\Program Files\MATLAB\R2012a\bin\win64\libmwMATLAB_settings_res.dll
0x00000000046e0000 - 0x0000000004727000 	C:\Program Files\MATLAB\R2012a\bin\win64\boost_serialization-vc90-mt-1_44.dll
0x000007fefda90000 - 0x000007fefe818000 	C:\Windows\system32\SHELL32.dll
0x000007fefcc50000 - 0x000007fefccc1000 	C:\Windows\system32\SHLWAPI.dll
0x000007fef95b0000 - 0x000007fef9650000 	C:\Windows\WinSxS\amd64_microsoft.windows.common-controls_6595b64144ccf1df_5.82.7601.17514_none_a4d6a923711520a9\COMCTL32.dll
0x000007fefcbb0000 - 0x000007fefcc47000 	C:\Windows\system32\COMDLG32.dll
0x000007fefa2e0000 - 0x000007fefa2f6000 	C:\Windows\system32\NETAPI32.dll
0x000007fefa2d0000 - 0x000007fefa2dc000 	C:\Windows\system32\netutils.dll
0x000007fefbf30000 - 0x000007fefbf53000 	C:\Windows\system32\srvcli.dll
0x000007fefa2b0000 - 0x000007fefa2c5000 	C:\Windows\system32\wkscli.dll
0x000007fefd710000 - 0x000007fefd913000 	C:\Windows\system32\ole32.dll
0x000007fefcea0000 - 0x000007fefcf77000 	C:\Windows\system32\OLEAUT32.dll
0x0000000074970000 - 0x0000000074b06000 	C:\Program Files\MATLAB\R2012a\bin\win64\mcr.dll
0x0000000075000000 - 0x000000007536b000 	C:\Program Files\MATLAB\R2012a\bin\win64\iqm.dll
0x0000000052790000 - 0x0000000052fb1000 	C:\Program Files\MATLAB\R2012a\bin\win64\m_interpreter.dll
0x0000000053270000 - 0x0000000053295000 	C:\Program Files\MATLAB\R2012a\bin\win64\libmex.dll
0x00000000526d0000 - 0x0000000052783000 	C:\Program Files\MATLAB\R2012a\bin\win64\m_dispatcher.dll
0x0000000074880000 - 0x000000007496d000 	C:\Program Files\MATLAB\R2012a\bin\win64\boost_regex-vc90-mt-1_44.dll
0x0000000052640000 - 0x00000000526c4000 	C:\Program Files\MATLAB\R2012a\bin\win64\profiler.dll
0x00000000047b0000 - 0x0000000004a05000 	C:\Program Files\MATLAB\R2012a\bin\win64\libmwmathutil.dll
0x0000000079f40000 - 0x0000000079f6d000 	C:\Program Files\MATLAB\R2012a\bin\win64\libmwmathrng.dll
0x0000000074c10000 - 0x0000000074ced000 	C:\Program Files\MATLAB\R2012a\bin\win64\libmwmathcore.dll
0x0000000076160000 - 0x00000000761cb000 	C:\Program Files\MATLAB\R2012a\bin\win64\libmwspmatrix.dll
0x0000000075ea0000 - 0x0000000075f02000 	C:\Program Files\MATLAB\R2012a\bin\win64\libmwcholmod.dll
0x000000007a460000 - 0x000000007a46d000 	C:\Program Files\MATLAB\R2012a\bin\win64\libmwamd.dll
0x000000007a4b0000 - 0x000000007a4bc000 	C:\Program Files\MATLAB\R2012a\bin\win64\libmwcolamd.dll
0x0000000053250000 - 0x0000000053269000 	C:\Program Files\MATLAB\R2012a\bin\win64\libmwblas.dll
0x0000000052620000 - 0x0000000052632000 	C:\Program Files\MATLAB\R2012a\bin\win64\libmwbinder.dll
0x0000000053240000 - 0x000000005324b000 	C:\Program Files\MATLAB\R2012a\bin\win64\libmwompwrapper.dll
0x0000000052500000 - 0x0000000052586000 	C:\Program Files\MATLAB\R2012a\bin\win64\libmwlapack.dll
0x00000000525f0000 - 0x0000000052611000 	C:\Program Files\MATLAB\R2012a\bin\win64\m_pcodeio.dll
0x0000000079b10000 - 0x0000000079b77000 	C:\Program Files\MATLAB\R2012a\bin\win64\m_ir.dll
0x0000000051eb0000 - 0x0000000052500000 	C:\Program Files\MATLAB\R2012a\bin\win64\m_parser.dll
0x00000000525d0000 - 0x00000000525ea000 	C:\Program Files\MATLAB\R2012a\bin\win64\ir_xfmr.dll
0x0000000051c30000 - 0x0000000051ea9000 	C:\Program Files\MATLAB\R2012a\bin\win64\mcos.dll
0x00000000525c0000 - 0x00000000525cc000 	C:\Program Files\MATLAB\R2012a\bin\win64\mtok.dll
0x0000000051bf0000 - 0x0000000051c21000 	C:\Program Files\MATLAB\R2012a\bin\win64\m_pcodegen.dll
0x0000000079fb0000 - 0x0000000079fe7000 	C:\Program Files\MATLAB\R2012a\bin\win64\libmwbridge.dll
0x0000000051b20000 - 0x0000000051be8000 	C:\Program Files\MATLAB\R2012a\bin\win64\udd.dll
0x00000000519c0000 - 0x0000000051b12000 	C:\Program Files\MATLAB\R2012a\bin\win64\libmwgui.dll
0x00000000525a0000 - 0x00000000525b7000 	C:\Program Files\MATLAB\R2012a\bin\win64\graphics_util.dll
0x0000000051010000 - 0x00000000519b3000 	C:\Program Files\MATLAB\R2012a\bin\win64\hg.dll
0x0000000004b80000 - 0x0000000004be7000 	C:\Program Files\MATLAB\R2012a\bin\win64\libmat.dll
0x0000000072d30000 - 0x0000000072f44000 	C:\Program Files\MATLAB\R2012a\bin\win64\hdf5dll.dll
0x0000000075710000 - 0x00000000757c1000 	C:\Program Files\MATLAB\R2012a\bin\win64\jmi.dll
0x0000000004c20000 - 0x0000000004c2e000 	C:\Program Files\MATLAB\R2012a\bin\win64\nativejava_services.dll
0x0000000050fc0000 - 0x0000000051002000 	C:\Program Files\MATLAB\R2012a\bin\win64\libmwhardcopy.dll
0x0000000050f60000 - 0x0000000050fba000 	C:\Program Files\MATLAB\R2012a\bin\win64\libuij.dll
0x0000000050d50000 - 0x0000000050f5c000 	C:\Program Files\MATLAB\R2012a\bin\win64\hgdatatypes.dll
0x0000000050c50000 - 0x0000000050d4d000 	C:\Program Files\MATLAB\R2012a\bin\win64\hgutils.dll
0x0000000050b90000 - 0x0000000050c4d000 	C:\Program Files\MATLAB\R2012a\bin\win64\udd_mi.dll
0x0000000004c90000 - 0x0000000004ccb000 	C:\Program Files\MATLAB\R2012a\bin\win64\libmwgbtutils.dll
0x0000000004ce0000 - 0x0000000004cf9000 	C:\Program Files\MATLAB\R2012a\bin\win64\libmwgbt.dll
0x0000000004d10000 - 0x0000000004fda000 	C:\Program Files\MATLAB\R2012a\bin\win64\uiw.dll
0x0000000052590000 - 0x000000005259f000 	C:\Program Files\MATLAB\R2012a\bin\win64\uinone.dll
0x000007fef58c0000 - 0x000007fef58d8000 	C:\Windows\system32\MPR.dll
0x00000000506a0000 - 0x0000000050b84000 	C:\Windows\WinSxS\amd64_microsoft.vc90.mfc_1fc8b3b9a1e18e3b_9.0.30729.4148_none_04480933ab2137b1\mfc90.dll
0x000007fef9b40000 - 0x000007fef9b47000 	C:\Windows\system32\MSIMG32.dll
0x000007fef9530000 - 0x000007fef95a1000 	C:\Windows\system32\WINSPOOL.DRV
0x0000000050660000 - 0x0000000050680000 	C:\Program Files\MATLAB\R2012a\bin\win64\mwoles05.DLL
0x00000000505e0000 - 0x000000005065c000 	C:\Program Files\MATLAB\R2012a\bin\win64\comcli.dll
0x00000000505b0000 - 0x00000000505df000 	C:\Windows\WinSxS\amd64_microsoft.vc90.atl_1fc8b3b9a1e18e3b_9.0.30729.4148_none_0a1d2fcba76b3f00\ATL90.DLL
0x0000000050690000 - 0x000000005069c000 	C:\Program Files\MATLAB\R2012a\bin\win64\mlautoregister.dll
0x0000000005030000 - 0x0000000005040000 	C:\Program Files\MATLAB\R2012a\bin\win64\boost_iostreams-vc90-mt-1_44.dll
0x000007fefd6e0000 - 0x000007fefd70e000 	C:\Windows\system32\IMM32.DLL
0x000007fefc7f0000 - 0x000007fefc8f9000 	C:\Windows\system32\MSCTF.dll
0x000007fefa8e0000 - 0x000007fefa936000 	C:\Windows\system32\UxTheme.dll
0x000007fefa950000 - 0x000007fefa968000 	C:\Windows\system32\dwmapi.dll
0x00000000052c0000 - 0x00000000052e9000 	C:\Program Files\MATLAB\R2012a\bin\win64\tbbmalloc.dll
0x00000000778f0000 - 0x0000000077fff000 	C:\Program\Java\jre7\bin\server\jvm.dll
0x000007feee060000 - 0x000007feee069000 	C:\Windows\system32\WSOCK32.dll
0x000007fef9f70000 - 0x000007fef9fab000 	C:\Windows\system32\WINMM.dll
0x0000000070a40000 - 0x0000000070b12000 	C:\Windows\system32\MSVCR100.dll
0x000007fefc3c0000 - 0x000007fefc3cf000 	C:\Windows\system32\profapi.dll
0x000007fef9cc0000 - 0x000007fef9ce7000 	C:\Windows\system32\iphlpapi.dll
0x000007fef9bf0000 - 0x000007fef9bfb000 	C:\Windows\system32\WINNSI.DLL
0x000007fefba70000 - 0x000007fefbacb000 	C:\Windows\system32\DNSAPI.dll
0x000007fef8e60000 - 0x000007fef8e71000 	C:\Windows\system32\dhcpcsvc6.DLL
0x000007fef8e40000 - 0x000007fef8e58000 	C:\Windows\system32\dhcpcsvc.DLL
0x0000000050680000 - 0x0000000050683000 	C:\Windows\system32\icmp.Dll
0x000007fefc2f0000 - 0x000007fefc2ff000 	C:\Windows\system32\CRYPTBASE.dll
0x000007fefc5d0000 - 0x000007fefc606000 	C:\Windows\system32\CFGMGR32.dll
0x00000000505a0000 - 0x00000000505af000 	C:\Program\Java\jre7\bin\verify.dll
0x0000000050570000 - 0x0000000050598000 	C:\Program\Java\jre7\bin\java.dll
0x0000000050550000 - 0x0000000050565000 	C:\Program\Java\jre7\bin\zip.dll

VM Arguments:
jvm_args: -Xss512k -XX:PermSize=32m -Xms64m -XX:NewRatio=3 -XX:MaxPermSize=128m -Xmx196m -XX:MaxDirectMemorySize=2147400000 -Dsun.java2d.noddraw=true -Dsun.awt.nopixfmt=true -Xshare:off -Xrs -Dsun.awt.disableMixing=true -Djava.library.path=C:\Program Files\MATLAB\R2012a\bin\win64 vfprintf abort 
java_command: <unknown>
Launcher Type: generic

Environment Variables:
PATH=C:\Program Files\MATLAB\R2012a\bin\win64;C:\Program Files\NVIDIA GPU Computing Toolkit\CUDA\v5.0\bin\;C:\Program Files\NVIDIA GPU Computing Toolkit\CUDA\v5.0\libnvvp\;C:\Program Files\Common Files\Microsoft Shared\Windows Live;C:\Program Files (x86)\Common Files\Microsoft Shared\Windows Live;C:\Program Files (x86)\NVIDIA Corporation\PhysX\Common;C:\Windows\system32;C:\Windows;C:\Windows\System32\Wbem;C:\Windows\System32\WindowsPowerShell\v1.0\;C:\Program Files\Intel\DMIX;C:\Program Files (x86)\Windows Live\Shared;C:\Program Files (x86)\Microsoft SQL Server\100\Tools\Binn\;C:\Program Files\Microsoft SQL Server\100\Tools\Binn\;C:\Program Files\Microsoft SQL Server\100\DTS\Binn\;C:\Program Files (x86)\Windows Kits\8.0\Windows Performance Toolkit\;C:\Program Files\Microsoft SQL Server\110\Tools\Binn\;C:\Program Files (x86)\MiKTeX 2.9\miktex\bin\;C:\Program Files\MATLAB\R2012a\runtime\win64;C:\Program Files\MATLAB\R2012a\bin;C:\Program Files (x86)\Intel\OpenCL SDK\3.0\bin\x86;C:\Program Files (x86)\Intel\OpenCL SDK\3.0\bin\x64
USERNAME=wande
OS=Windows_NT
PROCESSOR_IDENTIFIER=Intel64 Family 6 Model 42 Stepping 7, GenuineIntel



---------------  S Y S T E M  ---------------

OS: Windows 7 , 64 bit Build 7601 Service Pack 1

CPU:total 8 (4 cores per cpu, 2 threads per core) family 6 model 42 stepping 7, cmov, cx8, fxsr, mmx, sse, sse2, sse3, ssse3, sse4.1, sse4.2, popcnt, avx, ht, tsc, tscinvbit

Memory: 4k page, physical 16753632k(10860600k free), swap 33505404k(25650484k free)

vm_info: Java HotSpot(TM) 64-Bit Server VM (23.25-b01) for windows-amd64 JRE (1.7.0_25-b17), built on Jun 21 2013 12:58:32 by "java_re" with unknown MS VC++:1600

time: Fri Jul 26 00:35:29 2013
elapsed time: 71 seconds

