#
# A fatal error has been detected by the Java Runtime Environment:
#
#  EXCEPTION_ACCESS_VIOLATION (0xc0000005) at pc=0x000000004e0c0f8b, pid=9132, tid=10644
#
# JRE version: 7.0_25-b17
# Java VM: Java HotSpot(TM) 64-Bit Server VM (23.25-b01 mixed mode windows-amd64 compressed oops)
# Problematic frame:
# C  0x000000004e0c0f8b
#
# Failed to write core dump. Minidumps are not enabled by default on client versions of Windows
#
# If you would like to submit a bug report, please visit:
#   http://bugreport.sun.com/bugreport/crash.jsp
# The crash happened outside the Java Virtual Machine in native code.
# See problematic frame for where to report the bug.
#

---------------  T H R E A D  ---------------

Current thread (0x000000004d707000):  JavaThread "AddressBar directory emptiness poller" [_thread_in_native, id=10644, stack(0x000000005b4c0000,0x000000005b540000)]

siginfo: ExceptionCode=0xc0000005, reading address 0xffffffffffffffff

Registers:
RAX=0x4276600043120a00, RBX=0x000000000d7d48f0, RCX=0x000000005b53eeb0, RDX=0x000000000d7d48f0
RSP=0x000000005b53ee78, RBP=0x000000005b53efc8, RSI=0x000000004d7071d8, RDI=0x00000000291561f8
R8 =0x0000000007a46370, R9 =0x000000005b53eff0, R10=0x000000002916237c, R11=0x0000000000002994
R12=0x0000000000000000, R13=0x000000005b53eff0, R14=0x000000005b53f000, R15=0x000000004d707000
RIP=0x000000004e0c0f8b, EFLAGS=0x0000000000010206

Top of Stack: (sp=0x000000005b53ee78)
0x000000005b53ee78:   000000004e0d2159 0000000000000000
0x000000005b53ee88:   0000000000000000 0000000000000000
0x000000005b53ee98:   0000000000000000 000000004e0f4478
0x000000005b53eea8:   0000000000000101 42d60e00428d1c00
0x000000005b53eeb8:   4276600043120a00 0043002e0031007e
0x000000005b53eec8:   0000000000500050 000000004d707000
0x000000005b53eed8:   000007fefc4b10dc 000000004d7071d8
0x000000005b53eee8:   0000000077a1ad5f fffffffffffffffe
0x000000005b53eef8:   000000004d707000 000000005b53ef80
0x000000005b53ef08:   fffffffffe366390 00000000291561f8
0x000000005b53ef18:   00000000291f9594 00000000ed500f78
0x000000005b53ef28:   00000000291561f8 00000000ed958f90
0x000000005b53ef38:   00000000291623a8 000000004d7071d8
0x000000005b53ef48:   00000000ed500f80 0000000000000000
0x000000005b53ef58:   000000005b53eff0 000000005b53efe8
0x000000005b53ef68:   000000004f920eb0 000000005b53efe0 

Instructions: (pc=0x000000004e0c0f8b)
0x000000004e0c0f6b:   cc cc cc cc cc 48 8b 02 c7 44 24 08 00 00 00 00
0x000000004e0c0f7b:   48 89 01 48 8b 42 08 48 89 41 08 48 85 c0 74 05
0x000000004e0c0f8b:   f0 83 40 08 01 48 8b c1 c3 cc cc cc cc cc cc cc
0x000000004e0c0f9b:   cc cc cc cc cc 48 83 ec 28 4c 8b c2 48 8b 11 48 


Register to memory mapping:

RAX=0x4276600043120a00 is an unknown value
RBX=0x000000000d7d48f0 is an unknown value
RCX=0x000000005b53eeb0 is pointing into the stack for thread: 0x000000004d707000
RDX=0x000000000d7d48f0 is an unknown value
RSP=0x000000005b53ee78 is pointing into the stack for thread: 0x000000004d707000
RBP=0x000000005b53efc8 is pointing into the stack for thread: 0x000000004d707000
RSI=0x000000004d7071d8 is an unknown value
RDI=0x00000000291561f8 is an Interpreter codelet
return entry points  [0x0000000029155820, 0x0000000029157620]  7680 bytes
R8 =0x0000000007a46370 is an unknown value
R9 =0x000000005b53eff0 is pointing into the stack for thread: 0x000000004d707000
R10=0x000000002916237c is an Interpreter codelet
method entry point (kind = native)  [0x0000000029162100, 0x0000000029162980]  2176 bytes
R11=0x0000000000002994 is an unknown value
R12=0x0000000000000000 is an unknown value
R13=0x000000005b53eff0 is pointing into the stack for thread: 0x000000004d707000
R14=0x000000005b53f000 is pointing into the stack for thread: 0x000000004d707000
R15=0x000000004d707000 is a thread


Stack: [0x000000005b4c0000,0x000000005b540000],  sp=0x000000005b53ee78,  free space=507k
Native frames: (J=compiled Java code, j=interpreted, Vv=VM code, C=native code)
C  0x000000004e0c0f8b
j  com.mathworks.services.settings.SettingPath.isChildNode(Ljava/lang/String;)Z+9
j  com.mathworks.services.settings.Setting.getInternal(ZLcom/mathworks/services/settings/SettingLevel;)Ljava/lang/Object;+152
j  com.mathworks.services.settings.Setting.get()Ljava/lang/Object;+3
j  com.mathworks.mlwidgets.explorer.widgets.address.AddressBar$EmptyPoller$1.run()V+25
j  java.util.TimerThread.mainLoop()V+221
j  java.util.TimerThread.run()V+1
v  ~StubRoutines::call_stub
V  [jvm.dll+0x1a6844]

Java frames: (J=compiled Java code, j=interpreted, Vv=VM code)
j  com.mathworks.services.settings.SettingPath.nativeIsChildNode(J[Ljava/lang/String;Ljava/lang/String;)Z+0
j  com.mathworks.services.settings.SettingPath.isChildNode(Ljava/lang/String;)Z+9
j  com.mathworks.services.settings.Setting.getInternal(ZLcom/mathworks/services/settings/SettingLevel;)Ljava/lang/Object;+152
j  com.mathworks.services.settings.Setting.get()Ljava/lang/Object;+3
j  com.mathworks.mlwidgets.explorer.widgets.address.AddressBar$EmptyPoller$1.run()V+25
j  java.util.TimerThread.mainLoop()V+221
j  java.util.TimerThread.run()V+1
v  ~StubRoutines::call_stub

---------------  P R O C E S S  ---------------

Java Threads: ( => current thread )
  0x000000004d711000 JavaThread "Code Analyzer updating thread" [_thread_blocked, id=9152, stack(0x0000000070c40000,0x0000000070cc0000)]
  0x000000004d710000 JavaThread "Code Analyzer updating thread" [_thread_blocked, id=6492, stack(0x0000000070760000,0x00000000707e0000)]
  0x000000004d70f800 JavaThread "Code Analyzer updating thread" [_thread_blocked, id=11148, stack(0x0000000070970000,0x00000000709f0000)]
  0x000000004d70e800 JavaThread "Code Analyzer updating thread" [_thread_blocked, id=1484, stack(0x00000000706b0000,0x0000000070730000)]
  0x000000004d70e000 JavaThread "Code Analyzer updating thread" [_thread_blocked, id=7916, stack(0x00000000707e0000,0x0000000070860000)]
  0x000000004d70d000 JavaThread "Code Analyzer updating thread" [_thread_blocked, id=11076, stack(0x0000000063770000,0x00000000637f0000)]
  0x000000004d70c800 JavaThread "Code Analyzer updating thread" [_thread_blocked, id=9824, stack(0x0000000067920000,0x00000000679a0000)]
  0x000000004d70b800 JavaThread "Active Reference Queue Daemon" daemon [_thread_blocked, id=2868, stack(0x00000000705a0000,0x0000000070620000)]
  0x000000004d709800 JavaThread "Timer-9" daemon [_thread_blocked, id=9044, stack(0x0000000063830000,0x00000000638b0000)]
  0x000000004d70b000 JavaThread "Timer-8" daemon [_thread_blocked, id=3624, stack(0x000000004fff0000,0x0000000050070000)]
  0x000000004d708800 JavaThread "Explorer NavigationContext request queue" [_thread_blocked, id=9300, stack(0x0000000050080000,0x0000000050100000)]
=>0x000000004d707000 JavaThread "AddressBar directory emptiness poller" [_thread_in_native, id=10644, stack(0x000000005b4c0000,0x000000005b540000)]
  0x000000004d705800 JavaThread "Timer-1" [_thread_blocked, id=7912, stack(0x000000004fed0000,0x000000004ff50000)]
  0x000000004d704000 JavaThread "TimerQueue" daemon [_thread_blocked, id=8624, stack(0x000000004e170000,0x000000004e1f0000)]
  0x000000004edf1800 JavaThread "FelixPackageAdmin" daemon [_thread_blocked, id=9612, stack(0x000000004de20000,0x000000004dea0000)]
  0x000000004edf0800 JavaThread "FelixStartLevel" daemon [_thread_blocked, id=1860, stack(0x000000004dca0000,0x000000004dd20000)]
  0x000000004f273000 JavaThread "FelixDispatchQueue" daemon [_thread_blocked, id=11116, stack(0x000000004dc20000,0x000000004dca0000)]
  0x000000004f02e000 JavaThread "AWT-EventQueue-0" [_thread_blocked, id=9996, stack(0x0000000050100000,0x0000000050180000)]
  0x000000004ee3d000 JavaThread "com.google.common.base.internal.Finalizer" daemon [_thread_blocked, id=3396, stack(0x000000004ff60000,0x000000004ffe0000)]
  0x000000004ed3c000 JavaThread "AWT-Windows" daemon [_thread_in_native, id=8900, stack(0x000000000f0d0000,0x000000000f150000)]
  0x000000004ed4d000 JavaThread "AWT-Shutdown" [_thread_blocked, id=4960, stack(0x0000000018ef0000,0x0000000018f70000)]
  0x000000004ed4c000 JavaThread "Java2D Disposer" daemon [_thread_blocked, id=8492, stack(0x0000000034580000,0x0000000034600000)]
  0x000000004eb43000 JavaThread "Timer-0" [_thread_blocked, id=9976, stack(0x0000000048ba0000,0x0000000048c20000)]
  0x000000004e9a2000 JavaThread "EventMgr Dispatcher" daemon [_thread_in_native, id=6580, stack(0x0000000010e70000,0x0000000014e70000)]
  0x000000004d423000 JavaThread "Service Thread" daemon [_thread_blocked, id=8292, stack(0x0000000008c00000,0x0000000008c80000)]
  0x000000004d422000 JavaThread "C2 CompilerThread1" daemon [_thread_blocked, id=7896, stack(0x000000005b5e0000,0x000000005f5e0000)]
  0x000000004d41b800 JavaThread "C2 CompilerThread0" daemon [_thread_blocked, id=6476, stack(0x0000000057460000,0x000000005b460000)]
  0x000000004d416800 JavaThread "Attach Listener" daemon [_thread_blocked, id=9072, stack(0x000000000ff30000,0x000000000ffb0000)]
  0x000000000f351000 JavaThread "Finalizer" daemon [_thread_blocked, id=7948, stack(0x00000000303e0000,0x0000000030460000)]
  0x000000000f348800 JavaThread "Reference Handler" daemon [_thread_blocked, id=3552, stack(0x0000000038670000,0x00000000386f0000)]
  0x00000000071ff800 JavaThread "main" [_thread_in_native, id=3888, stack(0x0000000000100000,0x0000000004100000)]

Other Threads:
  0x000000000f340000 VMThread [stack: 0x0000000053460000,0x0000000057460000] [id=9256]
  0x000000004d47a800 WatcherThread [stack: 0x000000005f700000,0x0000000063700000] [id=10808]

VM state:not at safepoint (normal execution)

VM Mutex/Monitor currently owned by a thread: None

Heap
 PSYoungGen      total 39680K, used 14884K [0x00000000fcf00000, 0x00000000fff30000, 0x0000000100000000)
  eden space 29568K, 42% used [0x00000000fcf00000,0x00000000fdb2e7b0,0x00000000febe0000)
  from space 10112K, 23% used [0x00000000febe0000,0x00000000fee3aad8,0x00000000ff5c0000)
  to   space 9664K, 0% used [0x00000000ff5c0000,0x00000000ff5c0000,0x00000000fff30000)
 ParOldGen       total 93312K, used 50226K [0x00000000f3c00000, 0x00000000f9720000, 0x00000000fcf00000)
  object space 93312K, 53% used [0x00000000f3c00000,0x00000000f6d0c8c8,0x00000000f9720000)
 PSPermGen       total 106560K, used 53012K [0x00000000ebc00000, 0x00000000f2410000, 0x00000000f3c00000)
  object space 106560K, 49% used [0x00000000ebc00000,0x00000000eefc5178,0x00000000f2410000)

Card table byte_map: [0x0000000007de0000,0x0000000007e90000] byte_map_base: 0x0000000007682000

Polling page: 0x0000000005330000

Code Cache  [0x0000000029150000, 0x0000000029580000, 0x000000002c150000)
 total_blobs=2067 nmethods=1439 adapters=576 free_code_cache=44975Kb largest_free_block=45956800

Compilation events (10 events):
Event: 141.011 Thread 0x000000004d41b800 1514             java.util.zip.InflaterInputStream::ensureOpen (18 bytes)
Event: 141.011 Thread 0x000000004d41b800 nmethod 1514 0x0000000029505c50 code [0x0000000029505d80, 0x0000000029505dd8]
Event: 141.664 Thread 0x000000004d422000 1515  s!         com.mathworks.mlwidgets.io.InterruptibleStreamCopier::copyStream (85 bytes)
Event: 141.670 Thread 0x000000004d422000 nmethod 1515 0x000000002955a190 code [0x000000002955a340, 0x000000002955b070]
Event: 141.682 Thread 0x000000004d41b800 1517             java.io.FileInputStream::read (8 bytes)
Event: 141.682 Thread 0x000000004d41b800 nmethod 1517 0x0000000029505a10 code [0x0000000029505b60, 0x0000000029505bc8]
Event: 141.682 Thread 0x000000004d422000 1518             java.util.zip.InflaterInputStream::fill (60 bytes)
Event: 141.685 Thread 0x000000004d422000 nmethod 1518 0x000000002955b810 code [0x000000002955b980, 0x000000002955bd98]
Event: 143.561 Thread 0x000000004d41b800 1519             java.lang.Thread::isInterrupted (6 bytes)
Event: 143.561 Thread 0x000000004d41b800 nmethod 1519 0x000000002955c250 code [0x000000002955c3a0, 0x000000002955c448]

GC Heap History (10 events):
Event: 105.869 GC heap before
{Heap before GC invocations=41 (full 2):
 PSYoungGen      total 39296K, used 38838K [0x00000000fcf00000, 0x0000000100000000, 0x0000000100000000)
  eden space 30976K, 100% used [0x00000000fcf00000,0x00000000fed40000,0x00000000fed40000)
  from space 8320K, 94% used [0x00000000ff790000,0x00000000fff3da28,0x00000000fffb0000)
  to   space 9600K, 0% used [0x00000000fed40000,0x00000000fed40000,0x00000000ff6a0000)
 ParOldGen       total 93312K, used 50218K [0x00000000f3c00000, 0x00000000f9720000, 0x00000000fcf00000)
  object space 93312K, 53% used [0x00000000f3c00000,0x00000000f6d0a8c8,0x00000000f9720000)
 PSPermGen       total 106560K, used 52818K [0x00000000ebc00000, 0x00000000f2410000, 0x00000000f3c00000)
  object space 106560K, 49% used [0x00000000ebc00000,0x00000000eef948a8,0x00000000f2410000)
Event: 105.872 GC heap after
Heap after GC invocations=41 (full 2):
 PSYoungGen      total 38656K, used 7631K [0x00000000fcf00000, 0x0000000100000000, 0x0000000100000000)
  eden space 30976K, 0% used [0x00000000fcf00000,0x00000000fcf00000,0x00000000fed40000)
  from space 7680K, 99% used [0x00000000fed40000,0x00000000ff4b3d28,0x00000000ff4c0000)
  to   space 10560K, 0% used [0x00000000ff5b0000,0x00000000ff5b0000,0x0000000100000000)
 ParOldGen       total 93312K, used 50218K [0x00000000f3c00000, 0x00000000f9720000, 0x00000000fcf00000)
  object space 93312K, 53% used [0x00000000f3c00000,0x00000000f6d0a8c8,0x00000000f9720000)
 PSPermGen       total 106560K, used 52818K [0x00000000ebc00000, 0x00000000f2410000, 0x00000000f3c00000)
  object space 106560K, 49% used [0x00000000ebc00000,0x00000000eef948a8,0x00000000f2410000)
}
Event: 136.962 GC heap before
{Heap before GC invocations=42 (full 2):
 PSYoungGen      total 38656K, used 36201K [0x00000000fcf00000, 0x0000000100000000, 0x0000000100000000)
  eden space 30976K, 92% used [0x00000000fcf00000,0x00000000feae6938,0x00000000fed40000)
  from space 7680K, 99% used [0x00000000fed40000,0x00000000ff4b3d28,0x00000000ff4c0000)
  to   space 10560K, 0% used [0x00000000ff5b0000,0x00000000ff5b0000,0x0000000100000000)
 ParOldGen       total 93312K, used 50218K [0x00000000f3c00000, 0x00000000f9720000, 0x00000000fcf00000)
  object space 93312K, 53% used [0x00000000f3c00000,0x00000000f6d0a8c8,0x00000000f9720000)
 PSPermGen       total 106560K, used 52897K [0x00000000ebc00000, 0x00000000f2410000, 0x00000000f3c00000)
  object space 106560K, 49% used [0x00000000ebc00000,0x00000000eefa8688,0x00000000f2410000)
Event: 136.972 GC heap after
Heap after GC invocations=42 (full 2):
 PSYoungGen      total 40000K, used 1890K [0x00000000fcf00000, 0x0000000100000000, 0x0000000100000000)
  eden space 29440K, 0% used [0x00000000fcf00000,0x00000000fcf00000,0x00000000febc0000)
  from space 10560K, 17% used [0x00000000ff5b0000,0x00000000ff7888d8,0x0000000100000000)
  to   space 10176K, 0% used [0x00000000febc0000,0x00000000febc0000,0x00000000ff5b0000)
 ParOldGen       total 93312K, used 50218K [0x00000000f3c00000, 0x00000000f9720000, 0x00000000fcf00000)
  object space 93312K, 53% used [0x00000000f3c00000,0x00000000f6d0a8c8,0x00000000f9720000)
 PSPermGen       total 106560K, used 52897K [0x00000000ebc00000, 0x00000000f2410000, 0x00000000f3c00000)
  object space 106560K, 49% used [0x00000000ebc00000,0x00000000eefa8688,0x00000000f2410000)
}
Event: 137.157 GC heap before
{Heap before GC invocations=43 (full 2):
 PSYoungGen      total 40000K, used 31330K [0x00000000fcf00000, 0x0000000100000000, 0x0000000100000000)
  eden space 29440K, 100% used [0x00000000fcf00000,0x00000000febc0000,0x00000000febc0000)
  from space 10560K, 17% used [0x00000000ff5b0000,0x00000000ff7888d8,0x0000000100000000)
  to   space 10176K, 0% used [0x00000000febc0000,0x00000000febc0000,0x00000000ff5b0000)
 ParOldGen       total 93312K, used 50218K [0x00000000f3c00000, 0x00000000f9720000, 0x00000000fcf00000)
  object space 93312K, 53% used [0x00000000f3c00000,0x00000000f6d0a8c8,0x00000000f9720000)
 PSPermGen       total 106560K, used 52950K [0x00000000ebc00000, 0x00000000f2410000, 0x00000000f3c00000)
  object space 106560K, 49% used [0x00000000ebc00000,0x00000000eefb58e8,0x00000000f2410000)
Event: 137.160 GC heap after
Heap after GC invocations=43 (full 2):
 PSYoungGen      total 39616K, used 6051K [0x00000000fcf00000, 0x0000000100000000, 0x0000000100000000)
  eden space 29440K, 0% used [0x00000000fcf00000,0x00000000fcf00000,0x00000000febc0000)
  from space 10176K, 59% used [0x00000000febc0000,0x00000000ff1a8c90,0x00000000ff5b0000)
  to   space 10432K, 0% used [0x00000000ff5d0000,0x00000000ff5d0000,0x0000000100000000)
 ParOldGen       total 93312K, used 50218K [0x00000000f3c00000, 0x00000000f9720000, 0x00000000fcf00000)
  object space 93312K, 53% used [0x00000000f3c00000,0x00000000f6d0a8c8,0x00000000f9720000)
 PSPermGen       total 106560K, used 52950K [0x00000000ebc00000, 0x00000000f2410000, 0x00000000f3c00000)
  object space 106560K, 49% used [0x00000000ebc00000,0x00000000eefb58e8,0x00000000f2410000)
}
Event: 140.320 GC heap before
{Heap before GC invocations=44 (full 2):
 PSYoungGen      total 39616K, used 35491K [0x00000000fcf00000, 0x0000000100000000, 0x0000000100000000)
  eden space 29440K, 100% used [0x00000000fcf00000,0x00000000febc0000,0x00000000febc0000)
  from space 10176K, 59% used [0x00000000febc0000,0x00000000ff1a8c90,0x00000000ff5b0000)
  to   space 10432K, 0% used [0x00000000ff5d0000,0x00000000ff5d0000,0x0000000100000000)
 ParOldGen       total 93312K, used 50218K [0x00000000f3c00000, 0x00000000f9720000, 0x00000000fcf00000)
  object space 93312K, 53% used [0x00000000f3c00000,0x00000000f6d0a8c8,0x00000000f9720000)
 PSPermGen       total 106560K, used 52983K [0x00000000ebc00000, 0x00000000f2410000, 0x00000000f3c00000)
  object space 106560K, 49% used [0x00000000ebc00000,0x00000000eefbdcf0,0x00000000f2410000)
Event: 140.323 GC heap after
Heap after GC invocations=44 (full 2):
 PSYoungGen      total 39616K, used 2184K [0x00000000fcf00000, 0x00000000fffa0000, 0x0000000100000000)
  eden space 29568K, 0% used [0x00000000fcf00000,0x00000000fcf00000,0x00000000febe0000)
  from space 10048K, 21% used [0x00000000ff5d0000,0x00000000ff7f23a0,0x00000000fffa0000)
  to   space 10112K, 0% used [0x00000000febe0000,0x00000000febe0000,0x00000000ff5c0000)
 ParOldGen       total 93312K, used 50218K [0x00000000f3c00000, 0x00000000f9720000, 0x00000000fcf00000)
  object space 93312K, 53% used [0x00000000f3c00000,0x00000000f6d0a8c8,0x00000000f9720000)
 PSPermGen       total 106560K, used 52983K [0x00000000ebc00000, 0x00000000f2410000, 0x00000000f3c00000)
  object space 106560K, 49% used [0x00000000ebc00000,0x00000000eefbdcf0,0x00000000f2410000)
}
Event: 141.209 GC heap before
{Heap before GC invocations=45 (full 2):
 PSYoungGen      total 39616K, used 31752K [0x00000000fcf00000, 0x00000000fffa0000, 0x0000000100000000)
  eden space 29568K, 100% used [0x00000000fcf00000,0x00000000febe0000,0x00000000febe0000)
  from space 10048K, 21% used [0x00000000ff5d0000,0x00000000ff7f23a0,0x00000000fffa0000)
  to   space 10112K, 0% used [0x00000000febe0000,0x00000000febe0000,0x00000000ff5c0000)
 ParOldGen       total 93312K, used 50218K [0x00000000f3c00000, 0x00000000f9720000, 0x00000000fcf00000)
  object space 93312K, 53% used [0x00000000f3c00000,0x00000000f6d0a8c8,0x00000000f9720000)
 PSPermGen       total 106560K, used 53008K [0x00000000ebc00000, 0x00000000f2410000, 0x00000000f3c00000)
  object space 106560K, 49% used [0x00000000ebc00000,0x00000000eefc43a8,0x00000000f2410000)
Event: 141.211 GC heap after
Heap after GC invocations=45 (full 2):
 PSYoungGen      total 39680K, used 2410K [0x00000000fcf00000, 0x00000000fff30000, 0x0000000100000000)
  eden space 29568K, 0% used [0x00000000fcf00000,0x00000000fcf00000,0x00000000febe0000)
  from space 10112K, 23% used [0x00000000febe0000,0x00000000fee3aad8,0x00000000ff5c0000)
  to   space 9664K, 0% used [0x00000000ff5c0000,0x00000000ff5c0000,0x00000000fff30000)
 ParOldGen       total 93312K, used 50226K [0x00000000f3c00000, 0x00000000f9720000, 0x00000000fcf00000)
  object space 93312K, 53% used [0x00000000f3c00000,0x00000000f6d0c8c8,0x00000000f9720000)
 PSPermGen       total 106560K, used 53008K [0x00000000ebc00000, 0x00000000f2410000, 0x00000000f3c00000)
  object space 106560K, 49% used [0x00000000ebc00000,0x00000000eefc43a8,0x00000000f2410000)
}

Deoptimization events (10 events):
Event: 140.595 Thread 0x000000004d708800 Uncommon trap -58 fr.pc 0x000000002954f8e4
Event: 140.595 Thread 0x000000004d708800 Uncommon trap -58 fr.pc 0x000000002954f8e4
Event: 143.556 Thread 0x000000004f02e000 Uncommon trap -34 fr.pc 0x00000000293cf210
Event: 143.556 Thread 0x000000004f02e000 Uncommon trap -34 fr.pc 0x00000000293cf210
Event: 143.556 Thread 0x000000004f02e000 Uncommon trap -34 fr.pc 0x00000000293cf210
Event: 143.556 Thread 0x000000004f02e000 Uncommon trap -34 fr.pc 0x00000000293cf210
Event: 143.556 Thread 0x000000004f02e000 Uncommon trap -58 fr.pc 0x00000000293f91d0
Event: 143.556 Thread 0x000000004f02e000 Uncommon trap -58 fr.pc 0x00000000293f91d0
Event: 143.556 Thread 0x000000004f02e000 Uncommon trap -58 fr.pc 0x00000000293f91d0
Event: 143.556 Thread 0x000000004f02e000 Uncommon trap -58 fr.pc 0x00000000293f91d0

Internal exceptions (10 events):
Event: 143.598 Thread 0x00000000071ff800 Threw 0x00000000fd73faf0 at C:\jdk7u2_64p\jdk7u25\hotspot\src\share\vm\prims\jvm.cpp:1235
Event: 143.598 Thread 0x00000000071ff800 Threw 0x00000000fd75a440 at C:\jdk7u2_64p\jdk7u25\hotspot\src\share\vm\prims\jvm.cpp:1235
Event: 143.598 Thread 0x00000000071ff800 Threw 0x00000000fd75ab40 at C:\jdk7u2_64p\jdk7u25\hotspot\src\share\vm\prims\jvm.cpp:1235
Event: 143.599 Thread 0x00000000071ff800 Threw 0x00000000fd775468 at C:\jdk7u2_64p\jdk7u25\hotspot\src\share\vm\prims\jvm.cpp:1235
Event: 143.663 Thread 0x00000000071ff800 Threw 0x00000000fd775c20 at C:\jdk7u2_64p\jdk7u25\hotspot\src\share\vm\prims\jvm.cpp:1235
Event: 143.663 Thread 0x00000000071ff800 Threw 0x00000000fd785ce0 at C:\jdk7u2_64p\jdk7u25\hotspot\src\share\vm\prims\jvm.cpp:1235
Event: 143.663 Thread 0x00000000071ff800 Threw 0x00000000fd786010 at C:\jdk7u2_64p\jdk7u25\hotspot\src\share\vm\prims\jvm.cpp:1235
Event: 143.663 Thread 0x00000000071ff800 Threw 0x00000000fd7d8508 at C:\jdk7u2_64p\jdk7u25\hotspot\src\share\vm\prims\jvm.cpp:1235
Event: 143.663 Thread 0x00000000071ff800 Threw 0x00000000fd7d8960 at C:\jdk7u2_64p\jdk7u25\hotspot\src\share\vm\prims\jvm.cpp:1235
Event: 143.663 Thread 0x00000000071ff800 Threw 0x00000000fd7e8a58 at C:\jdk7u2_64p\jdk7u25\hotspot\src\share\vm\prims\jvm.cpp:1235

Events (10 events):
Event: 143.598 loading class 0x00000000260b6e40 done
Event: 143.663 loading class 0x00000000722f78a0
Event: 143.663 loading class 0x00000000722f78a0 done
Event: 143.663 loading class 0x00000000722f78a0
Event: 143.663 loading class 0x00000000722f78a0 done
Event: 143.663 loading class 0x00000000722f78a0
Event: 143.663 loading class 0x00000000722f78a0 done
Event: 150.727 Executing VM operation: RevokeBias
Event: 150.727 Executing VM operation: RevokeBias done
Event: 150.727 Thread 0x000000004fcc1800 Thread exited: 0x000000004fcc1800


Dynamic libraries:
0x000000013fe30000 - 0x000000013fe62000 	C:\Program Files\MATLAB\R2012a\bin\win64\MATLAB.exe
0x00000000772b0000 - 0x0000000077459000 	C:\Windows\SYSTEM32\ntdll.dll
0x0000000077090000 - 0x00000000771af000 	C:\Windows\system32\kernel32.dll
0x000007fefc4b0000 - 0x000007fefc51b000 	C:\Windows\system32\KERNELBASE.dll
0x0000000074460000 - 0x0000000074554000 	C:\Program Files\MATLAB\R2012a\bin\win64\libut.dll
0x00000000758a0000 - 0x0000000075952000 	C:\Program Files\MATLAB\R2012a\bin\win64\libmwi18n.dll
0x0000000180000000 - 0x000000018000b000 	C:\Program Files\MATLAB\R2012a\bin\win64\libmwresource_core.dll
0x0000000071960000 - 0x0000000071a33000 	C:\Windows\WinSxS\amd64_microsoft.vc90.crt_1fc8b3b9a1e18e3b_9.0.30729.4940_none_08e4299fa83d7e3c\MSVCP90.dll
0x00000000718c0000 - 0x000000007195d000 	C:\Windows\WinSxS\amd64_microsoft.vc90.crt_1fc8b3b9a1e18e3b_9.0.30729.4940_none_08e4299fa83d7e3c\MSVCR90.dll
0x000000007a170000 - 0x000000007a19c000 	C:\Program Files\MATLAB\R2012a\bin\win64\boost_filesystem-vc90-mt-1_44.dll
0x000000007a560000 - 0x000000007a569000 	C:\Program Files\MATLAB\R2012a\bin\win64\boost_system-vc90-mt-1_44.dll
0x000007fefd600000 - 0x000007fefd6db000 	C:\Windows\system32\ADVAPI32.dll
0x000007fefd090000 - 0x000007fefd12f000 	C:\Windows\system32\msvcrt.dll
0x000007fefd920000 - 0x000007fefd93f000 	C:\Windows\SYSTEM32\sechost.dll
0x000007fefd960000 - 0x000007fefda8d000 	C:\Windows\system32\RPCRT4.dll
0x000000007a010000 - 0x000000007a035000 	C:\Program Files\MATLAB\R2012a\bin\win64\LIBEXPAT.dll
0x0000000053030000 - 0x0000000053221000 	C:\Program Files\MATLAB\R2012a\bin\win64\icuin44.dll
0x00000000532b0000 - 0x0000000053421000 	C:\Program Files\MATLAB\R2012a\bin\win64\icuuc44.dll
0x0000000010000000 - 0x0000000010e41000 	C:\Program Files\MATLAB\R2012a\bin\win64\icudt44.dll
0x0000000073f70000 - 0x00000000740ad000 	C:\Program Files\MATLAB\R2012a\bin\win64\libmwfl.dll
0x00000000043a0000 - 0x0000000004696000 	C:\Program Files\MATLAB\R2012a\bin\win64\libmwMATLAB_res.dll
0x000000007a3b0000 - 0x000000007a3c0000 	C:\Program Files\MATLAB\R2012a\bin\win64\boost_date_time-vc90-mt-1_44.dll
0x000000007a250000 - 0x000000007a263000 	C:\Program Files\MATLAB\R2012a\bin\win64\boost_signals-vc90-mt-1_44.dll
0x000000007a2d0000 - 0x000000007a2e2000 	C:\Program Files\MATLAB\R2012a\bin\win64\boost_thread-vc90-mt-1_44.dll
0x00000000041a0000 - 0x00000000041e6000 	C:\Program Files\MATLAB\R2012a\bin\win64\tbb.dll
0x000007fefd940000 - 0x000007fefd959000 	C:\Windows\system32\imagehlp.dll
0x0000000077480000 - 0x0000000077487000 	C:\Windows\system32\PSAPI.DLL
0x0000000053290000 - 0x00000000532a3000 	C:\Program Files\MATLAB\R2012a\bin\win64\icuio44.dll
0x000007fef4c00000 - 0x000007fef4d25000 	C:\Windows\system32\dbghelp.dll
0x00000000771b0000 - 0x00000000772aa000 	C:\Windows\system32\USER32.dll
0x000007fefd020000 - 0x000007fefd087000 	C:\Windows\system32\GDI32.dll
0x000007fefccd0000 - 0x000007fefccde000 	C:\Windows\system32\LPK.dll
0x000007fefe820000 - 0x000007fefe8e9000 	C:\Windows\system32\USP10.dll
0x000000007bed0000 - 0x000000007c183000 	C:\Program Files\MATLAB\R2012a\bin\win64\libmwservices.dll
0x0000000075a20000 - 0x0000000075ae2000 	C:\Program Files\MATLAB\R2012a\bin\win64\libmx.dll
0x000000007a210000 - 0x000000007a228000 	C:\Program Files\MATLAB\R2012a\bin\win64\zlib1.dll
0x0000000004240000 - 0x0000000004261000 	C:\Program Files\MATLAB\R2012a\bin\win64\libmwmfl_scalar.dll
0x0000000075f10000 - 0x0000000075f5d000 	C:\Program Files\MATLAB\R2012a\bin\win64\mpath.dll
0x000000007b680000 - 0x000000007bbe1000 	C:\Program Files\MATLAB\R2012a\bin\win64\mlutil.dll
0x0000000052fb0000 - 0x000000005302f000 	C:\Program Files\MATLAB\R2012a\bin\win64\xmlcore.dll
0x000000007bc30000 - 0x000000007be83000 	C:\Program Files\MATLAB\R2012a\bin\win64\xerces-c_2_7.dll
0x000007fefd3c0000 - 0x000007fefd40d000 	C:\Windows\system32\WS2_32.dll
0x000007fefd5f0000 - 0x000007fefd5f8000 	C:\Windows\system32\NSI.dll
0x00000000046c0000 - 0x00000000046da000 	C:\Program Files\MATLAB\R2012a\bin\win64\libmwMATLAB_settings_res.dll
0x00000000046f0000 - 0x0000000004737000 	C:\Program Files\MATLAB\R2012a\bin\win64\boost_serialization-vc90-mt-1_44.dll
0x000007fefda90000 - 0x000007fefe818000 	C:\Windows\system32\SHELL32.dll
0x000007fefcc50000 - 0x000007fefccc1000 	C:\Windows\system32\SHLWAPI.dll
0x000007fef95b0000 - 0x000007fef9650000 	C:\Windows\WinSxS\amd64_microsoft.windows.common-controls_6595b64144ccf1df_5.82.7601.17514_none_a4d6a923711520a9\COMCTL32.dll
0x000007fefcbb0000 - 0x000007fefcc47000 	C:\Windows\system32\COMDLG32.dll
0x000007fefa2e0000 - 0x000007fefa2f6000 	C:\Windows\system32\NETAPI32.dll
0x000007fefa2d0000 - 0x000007fefa2dc000 	C:\Windows\system32\netutils.dll
0x000007fefbf30000 - 0x000007fefbf53000 	C:\Windows\system32\srvcli.dll
0x000007fefa2b0000 - 0x000007fefa2c5000 	C:\Windows\system32\wkscli.dll
0x000007fefd710000 - 0x000007fefd913000 	C:\Windows\system32\ole32.dll
0x000007fefcea0000 - 0x000007fefcf77000 	C:\Windows\system32\OLEAUT32.dll
0x0000000074970000 - 0x0000000074b06000 	C:\Program Files\MATLAB\R2012a\bin\win64\mcr.dll
0x0000000075000000 - 0x000000007536b000 	C:\Program Files\MATLAB\R2012a\bin\win64\iqm.dll
0x0000000052780000 - 0x0000000052fa1000 	C:\Program Files\MATLAB\R2012a\bin\win64\m_interpreter.dll
0x0000000053260000 - 0x0000000053285000 	C:\Program Files\MATLAB\R2012a\bin\win64\libmex.dll
0x00000000526c0000 - 0x0000000052773000 	C:\Program Files\MATLAB\R2012a\bin\win64\m_dispatcher.dll
0x0000000074880000 - 0x000000007496d000 	C:\Program Files\MATLAB\R2012a\bin\win64\boost_regex-vc90-mt-1_44.dll
0x0000000052630000 - 0x00000000526b4000 	C:\Program Files\MATLAB\R2012a\bin\win64\profiler.dll
0x00000000047c0000 - 0x0000000004a15000 	C:\Program Files\MATLAB\R2012a\bin\win64\libmwmathutil.dll
0x0000000079f40000 - 0x0000000079f6d000 	C:\Program Files\MATLAB\R2012a\bin\win64\libmwmathrng.dll
0x0000000074c10000 - 0x0000000074ced000 	C:\Program Files\MATLAB\R2012a\bin\win64\libmwmathcore.dll
0x0000000076160000 - 0x00000000761cb000 	C:\Program Files\MATLAB\R2012a\bin\win64\libmwspmatrix.dll
0x0000000075ea0000 - 0x0000000075f02000 	C:\Program Files\MATLAB\R2012a\bin\win64\libmwcholmod.dll
0x000000007a460000 - 0x000000007a46d000 	C:\Program Files\MATLAB\R2012a\bin\win64\libmwamd.dll
0x000000007a4b0000 - 0x000000007a4bc000 	C:\Program Files\MATLAB\R2012a\bin\win64\libmwcolamd.dll
0x0000000053240000 - 0x0000000053259000 	C:\Program Files\MATLAB\R2012a\bin\win64\libmwblas.dll
0x0000000052610000 - 0x0000000052622000 	C:\Program Files\MATLAB\R2012a\bin\win64\libmwbinder.dll
0x0000000053230000 - 0x000000005323b000 	C:\Program Files\MATLAB\R2012a\bin\win64\libmwompwrapper.dll
0x00000000524f0000 - 0x0000000052576000 	C:\Program Files\MATLAB\R2012a\bin\win64\libmwlapack.dll
0x00000000525e0000 - 0x0000000052601000 	C:\Program Files\MATLAB\R2012a\bin\win64\m_pcodeio.dll
0x0000000079b10000 - 0x0000000079b77000 	C:\Program Files\MATLAB\R2012a\bin\win64\m_ir.dll
0x0000000051ea0000 - 0x00000000524f0000 	C:\Program Files\MATLAB\R2012a\bin\win64\m_parser.dll
0x00000000525c0000 - 0x00000000525da000 	C:\Program Files\MATLAB\R2012a\bin\win64\ir_xfmr.dll
0x0000000051c20000 - 0x0000000051e99000 	C:\Program Files\MATLAB\R2012a\bin\win64\mcos.dll
0x00000000525b0000 - 0x00000000525bc000 	C:\Program Files\MATLAB\R2012a\bin\win64\mtok.dll
0x0000000051be0000 - 0x0000000051c11000 	C:\Program Files\MATLAB\R2012a\bin\win64\m_pcodegen.dll
0x0000000079fb0000 - 0x0000000079fe7000 	C:\Program Files\MATLAB\R2012a\bin\win64\libmwbridge.dll
0x0000000051b10000 - 0x0000000051bd8000 	C:\Program Files\MATLAB\R2012a\bin\win64\udd.dll
0x00000000519b0000 - 0x0000000051b02000 	C:\Program Files\MATLAB\R2012a\bin\win64\libmwgui.dll
0x0000000052590000 - 0x00000000525a7000 	C:\Program Files\MATLAB\R2012a\bin\win64\graphics_util.dll
0x0000000051000000 - 0x00000000519a3000 	C:\Program Files\MATLAB\R2012a\bin\win64\hg.dll
0x0000000004b90000 - 0x0000000004bf7000 	C:\Program Files\MATLAB\R2012a\bin\win64\libmat.dll
0x0000000072d30000 - 0x0000000072f44000 	C:\Program Files\MATLAB\R2012a\bin\win64\hdf5dll.dll
0x0000000075710000 - 0x00000000757c1000 	C:\Program Files\MATLAB\R2012a\bin\win64\jmi.dll
0x0000000004c30000 - 0x0000000004c3e000 	C:\Program Files\MATLAB\R2012a\bin\win64\nativejava_services.dll
0x0000000050fb0000 - 0x0000000050ff2000 	C:\Program Files\MATLAB\R2012a\bin\win64\libmwhardcopy.dll
0x0000000050f50000 - 0x0000000050faa000 	C:\Program Files\MATLAB\R2012a\bin\win64\libuij.dll
0x0000000050d40000 - 0x0000000050f4c000 	C:\Program Files\MATLAB\R2012a\bin\win64\hgdatatypes.dll
0x0000000050c40000 - 0x0000000050d3d000 	C:\Program Files\MATLAB\R2012a\bin\win64\hgutils.dll
0x0000000050b80000 - 0x0000000050c3d000 	C:\Program Files\MATLAB\R2012a\bin\win64\udd_mi.dll
0x0000000004ca0000 - 0x0000000004cdb000 	C:\Program Files\MATLAB\R2012a\bin\win64\libmwgbtutils.dll
0x0000000004cf0000 - 0x0000000004d09000 	C:\Program Files\MATLAB\R2012a\bin\win64\libmwgbt.dll
0x0000000004d20000 - 0x0000000004fea000 	C:\Program Files\MATLAB\R2012a\bin\win64\uiw.dll
0x0000000052580000 - 0x000000005258f000 	C:\Program Files\MATLAB\R2012a\bin\win64\uinone.dll
0x000007fef58c0000 - 0x000007fef58d8000 	C:\Windows\system32\MPR.dll
0x0000000050690000 - 0x0000000050b74000 	C:\Windows\WinSxS\amd64_microsoft.vc90.mfc_1fc8b3b9a1e18e3b_9.0.30729.4148_none_04480933ab2137b1\mfc90.dll
0x000007fef9b40000 - 0x000007fef9b47000 	C:\Windows\system32\MSIMG32.dll
0x000007fef9530000 - 0x000007fef95a1000 	C:\Windows\system32\WINSPOOL.DRV
0x0000000050650000 - 0x0000000050670000 	C:\Program Files\MATLAB\R2012a\bin\win64\mwoles05.DLL
0x00000000505d0000 - 0x000000005064c000 	C:\Program Files\MATLAB\R2012a\bin\win64\comcli.dll
0x00000000505a0000 - 0x00000000505cf000 	C:\Windows\WinSxS\amd64_microsoft.vc90.atl_1fc8b3b9a1e18e3b_9.0.30729.4148_none_0a1d2fcba76b3f00\ATL90.DLL
0x0000000050680000 - 0x000000005068c000 	C:\Program Files\MATLAB\R2012a\bin\win64\mlautoregister.dll
0x0000000005040000 - 0x0000000005050000 	C:\Program Files\MATLAB\R2012a\bin\win64\boost_iostreams-vc90-mt-1_44.dll
0x000007fefc290000 - 0x000007fefc2e7000 	C:\Windows\system32\apphelp.dll
0x000007fef8aa0000 - 0x000007fef8af1000 	C:\Windows\AppPatch\AppPatch64\AcGenral.DLL
0x000007fefc260000 - 0x000007fefc285000 	C:\Windows\system32\SspiCli.dll
0x00000000708c0000 - 0x00000000708c3000 	C:\Windows\system32\sfc.dll
0x000007fef7f70000 - 0x000007fef7f80000 	C:\Windows\system32\sfc_os.DLL
0x000007fefb6b0000 - 0x000007fefb6ce000 	C:\Windows\system32\USERENV.dll
0x000007fefc3c0000 - 0x000007fefc3cf000 	C:\Windows\system32\profapi.dll
0x000007fefa950000 - 0x000007fefa968000 	C:\Windows\system32\dwmapi.dll
0x000007fefd6e0000 - 0x000007fefd70e000 	C:\Windows\system32\IMM32.DLL
0x000007fefc7f0000 - 0x000007fefc8f9000 	C:\Windows\system32\MSCTF.dll
0x000007fefa8e0000 - 0x000007fefa936000 	C:\Windows\system32\UxTheme.dll
0x00000000050a0000 - 0x00000000050c9000 	C:\Program Files\MATLAB\R2012a\bin\win64\tbbmalloc.dll
0x00000000778f0000 - 0x0000000077fff000 	C:\Program\Java\jre7\bin\server\jvm.dll
0x000007feee060000 - 0x000007feee069000 	C:\Windows\system32\WSOCK32.dll
0x000007fef9f70000 - 0x000007fef9fab000 	C:\Windows\system32\WINMM.dll
0x0000000070a40000 - 0x0000000070b12000 	C:\Windows\system32\MSVCR100.dll
0x000007fef9cc0000 - 0x000007fef9ce7000 	C:\Windows\system32\iphlpapi.dll
0x000007fef9bf0000 - 0x000007fef9bfb000 	C:\Windows\system32\WINNSI.DLL
0x000007fefba70000 - 0x000007fefbacb000 	C:\Windows\system32\DNSAPI.dll
0x000007fef8e60000 - 0x000007fef8e71000 	C:\Windows\system32\dhcpcsvc6.DLL
0x000007fef8e40000 - 0x000007fef8e58000 	C:\Windows\system32\dhcpcsvc.DLL

VM Arguments:
jvm_args: -Xss512k -XX:PermSize=32m -Xms64m -XX:NewRatio=3 -XX:MaxPermSize=128m -Xmx196m -XX:MaxDirectMemorySize=2147400000 -Dsun.java2d.noddraw=true -Dsun.awt.nopixfmt=true -Xshare:off -Xrs -Dsun.awt.disableMixing=true -Djava.library.path=C:\Program Files\MATLAB\R2012a\bin\win64 vfprintf abort 
java_command: <unknown>
Launcher Type: generic

Environment Variables:
PATH=C:\Program Files\NVIDIA GPU Computing Toolkit\CUDA\v5.0\bin\;C:\Program Files\NVIDIA GPU Computing Toolkit\CUDA\v5.0\libnvvp\;C:\Program Files\Common Files\Microsoft Shared\Windows Live;C:\Program Files (x86)\Common Files\Microsoft Shared\Windows Live;C:\Program Files (x86)\NVIDIA Corporation\PhysX\Common;C:\Windows\system32;C:\Windows;C:\Windows\System32\Wbem;C:\Windows\System32\WindowsPowerShell\v1.0\;C:\Program Files\Intel\DMIX;C:\Program Files (x86)\Windows Live\Shared;C:\Program Files (x86)\Microsoft SQL Server\100\Tools\Binn\;C:\Program Files\Microsoft SQL Server\100\Tools\Binn\;C:\Program Files\Microsoft SQL Server\100\DTS\Binn\;C:\Program Files (x86)\Windows Kits\8.0\Windows Performance Toolkit\;C:\Program Files\Microsoft SQL Server\110\Tools\Binn\;C:\Program Files (x86)\MiKTeX 2.9\miktex\bin\;C:\Program Files\MATLAB\R2012a\runtime\win64;C:\Program Files\MATLAB\R2012a\bin;C:\Program Files (x86)\Intel\OpenCL SDK\3.0\bin\x86;C:\Program Files (x86)\Intel\OpenCL SDK\3.0\bin\x64
USERNAME=wande
OS=Windows_NT
PROCESSOR_IDENTIFIER=Intel64 Family 6 Model 42 Stepping 7, GenuineIntel



---------------  S Y S T E M  ---------------

OS: Windows 7 , 64 bit Build 7601 Service Pack 1

CPU:total 8 (4 cores per cpu, 2 threads per core) family 6 model 42 stepping 7, cmov, cx8, fxsr, mmx, sse, sse2, sse3, ssse3, sse4.1, sse4.2, popcnt, avx, ht, tsc, tscinvbit

Memory: 4k page, physical 16753632k(10887600k free), swap 33505404k(25685904k free)

vm_info: Java HotSpot(TM) 64-Bit Server VM (23.25-b01) for windows-amd64 JRE (1.7.0_25-b17), built on Jun 21 2013 12:58:32 by "java_re" with unknown MS VC++:1600

time: Fri Jul 26 00:41:52 2013
elapsed time: 160 seconds

