# 	name of reference image
--ref=/home/andek/fsl/data/standard/MNI152_T1_1mm_brain.nii.gz
# 	name of input image
--in=anat_affine_fsl.nii.gz
# 	name of output image
--iout=/data/andek/BROCCOLI_test_data/FSL/FSL_warped_1.nii
# If =1, use implicit masking based on value in --ref image. Default =1
--imprefm=1
# If =1, use implicit masking based on value in --in image, Default =1
--impinm=1
# Value to mask out in --ref image. Default =0.0
--imprefval=0
# Value to mask out in --in image. Default =0.0
--impinval=0
# sub-sampling scheme, default 4,2,1,1
--subsamp=4,2,1,1
# 	Max # of non-linear iterations, default 5,5,5,5
--miter=5,5,5,5
# FWHM (in mm) of gaussian smoothing kernel for input volume, default 6,4,2,2
--infwhm=6,4,2,2
# FWHM (in mm) of gaussian smoothing kernel for ref volume, default 4,2,0,0
--reffwhm=4,2,0,0
# Weight of regularisation, default depending on --ssqlambda and --regmod switches. See user documetation.
--lambda=120,60,30,30
# Estimate intensity-mapping if set, deafult 1 (true)
--estint=1,1,1,0
# (approximate) resolution (in mm) of warp basis in x-, y- and z-direction, default 10,10,10
--warpres=10,10,10
# Order of spline, 2->Qadratic spline, 3->Cubic spline. Default=3
--splineorder=3
# If set (=1), lambda is weighted by current ssq, default 1
--ssqlambda=1
# Allowed range of Jacobian determinants, default 0.01,100.0
--jacrange=0.01,100
# Model for regularisation of warp-field [membrane_energy bending_energy], default bending_energy
--regmod=bending_energy
# Model for intensity-mapping [none global_linear global_non_linear local_linear global_non_linear_with_bias local_non_linear]
--intmod=global_non_linear_with_bias
# Order of poynomial for mapping intensities, default 5
--intorder=5
# Resolution (in mm) of bias-field modelling local intensities, default 50,50,50
--biasres=50,50,50
# Weight of regularisation for bias-field, default 10000
--biaslambda=10000
# Precision for representing Hessian, double or float. Default double
--numprec=double
# Image interpolation model, linear or spline. Default linear
--interp=linear
# If =1, ref image is used to calculate derivatives. Default =0
--refderiv=0
